25-01-31 13-11-48 INFO /Users/fumbi/Sol-1/myapp/views.py changed, reloading.
25-01-31 13-11-49 INFO Watching for file changes with StatReloader
25-01-31 13-11-55 INFO /Users/fumbi/Sol-1/myapp/views.py changed, reloading.
25-01-31 13-11-56 INFO Watching for file changes with StatReloader
25-01-31 13-11-58 INFO /Users/fumbi/Sol-1/myapp/views.py changed, reloading.
25-01-31 13-11-58 INFO Watching for file changes with StatReloader
25-01-31 13-12-02 INFO /Users/fumbi/Sol-1/myapp/views.py changed, reloading.
25-01-31 13-12-02 INFO Watching for file changes with StatReloader
25-01-31 13-12-03 INFO /Users/fumbi/Sol-1/myapp/views.py changed, reloading.
25-01-31 13-12-04 INFO Watching for file changes with StatReloader
25-01-31 13-12-12 ERROR Internal Server Error: /charts/
Traceback (most recent call last):
  File "/Users/fumbi/Sol-1/venv/lib/python3.9/site-packages/django/core/handlers/exception.py", line 55, in inner
    response = get_response(request)
  File "/Users/fumbi/Sol-1/venv/lib/python3.9/site-packages/django/core/handlers/base.py", line 197, in _get_response
    response = wrapped_callback(request, *callback_args, **callback_kwargs)
  File "/Users/fumbi/Sol-1/myapp/views.py", line 94, in charts
    region_age.append(i['age'])
KeyError: 'age'
25-01-31 13-12-12 ERROR "GET /charts/ HTTP/1.1" 500 67081
25-01-31 13-12-14 ERROR Internal Server Error: /charts/
Traceback (most recent call last):
  File "/Users/fumbi/Sol-1/venv/lib/python3.9/site-packages/django/core/handlers/exception.py", line 55, in inner
    response = get_response(request)
  File "/Users/fumbi/Sol-1/venv/lib/python3.9/site-packages/django/core/handlers/base.py", line 197, in _get_response
    response = wrapped_callback(request, *callback_args, **callback_kwargs)
  File "/Users/fumbi/Sol-1/myapp/views.py", line 94, in charts
    region_age.append(i['age'])
KeyError: 'age'
25-01-31 13-12-14 ERROR "GET /charts/ HTTP/1.1" 500 67081
25-01-31 13-12-55 INFO /Users/fumbi/Sol-1/myapp/views.py changed, reloading.
25-01-31 13-12-56 INFO Watching for file changes with StatReloader
25-01-31 13-12-59 INFO /Users/fumbi/Sol-1/myapp/views.py changed, reloading.
25-01-31 13-12-59 INFO Watching for file changes with StatReloader
25-01-31 13-13-02 ERROR Internal Server Error: /charts/
Traceback (most recent call last):
  File "/Users/fumbi/Sol-1/venv/lib/python3.9/site-packages/django/core/handlers/exception.py", line 55, in inner
    response = get_response(request)
  File "/Users/fumbi/Sol-1/venv/lib/python3.9/site-packages/django/core/handlers/base.py", line 197, in _get_response
    response = wrapped_callback(request, *callback_args, **callback_kwargs)
  File "/Users/fumbi/Sol-1/myapp/views.py", line 94, in charts
    region_age.append(i['age'])
KeyError: 'age'
25-01-31 13-13-02 ERROR "GET /charts/ HTTP/1.1" 500 67081
25-01-31 13-13-58 INFO /Users/fumbi/Sol-1/myapp/views.py changed, reloading.
25-01-31 13-13-59 INFO Watching for file changes with StatReloader
25-01-31 13-14-27 INFO /Users/fumbi/Sol-1/myapp/views.py changed, reloading.
25-01-31 13-14-28 INFO Watching for file changes with StatReloader
25-01-31 13-14-30 INFO /Users/fumbi/Sol-1/myapp/views.py changed, reloading.
25-01-31 13-14-30 INFO Watching for file changes with StatReloader
25-01-31 13-14-33 ERROR Internal Server Error: /charts/
Traceback (most recent call last):
  File "/Users/fumbi/Sol-1/venv/lib/python3.9/site-packages/django/core/handlers/exception.py", line 55, in inner
    response = get_response(request)
  File "/Users/fumbi/Sol-1/venv/lib/python3.9/site-packages/django/core/handlers/base.py", line 197, in _get_response
    response = wrapped_callback(request, *callback_args, **callback_kwargs)
  File "/Users/fumbi/Sol-1/myapp/views.py", line 82, in charts
    region_count = [item['count'] for item in region_data]
  File "/Users/fumbi/Sol-1/myapp/views.py", line 82, in <listcomp>
    region_count = [item['count'] for item in region_data]
KeyError: 'count'
25-01-31 13-14-33 ERROR "GET /charts/ HTTP/1.1" 500 70960
25-01-31 13-15-15 INFO /Users/fumbi/Sol-1/myapp/views.py changed, reloading.
25-01-31 13-15-16 INFO Watching for file changes with StatReloader
25-01-31 13-15-18 INFO /Users/fumbi/Sol-1/myapp/views.py changed, reloading.
25-01-31 13-15-19 INFO Watching for file changes with StatReloader
25-01-31 13-15-21 ERROR Internal Server Error: /charts/
Traceback (most recent call last):
  File "/Users/fumbi/Sol-1/venv/lib/python3.9/site-packages/django/core/handlers/exception.py", line 55, in inner
    response = get_response(request)
  File "/Users/fumbi/Sol-1/venv/lib/python3.9/site-packages/django/core/handlers/base.py", line 197, in _get_response
    response = wrapped_callback(request, *callback_args, **callback_kwargs)
  File "/Users/fumbi/Sol-1/myapp/views.py", line 94, in charts
    region_age.append(i['age'])
KeyError: 'age'
25-01-31 13-15-21 ERROR "GET /charts/ HTTP/1.1" 500 67081
25-01-31 13-15-33 INFO /Users/fumbi/Sol-1/myapp/views.py changed, reloading.
25-01-31 13-15-33 INFO Watching for file changes with StatReloader
25-01-31 13-15-35 INFO /Users/fumbi/Sol-1/myapp/views.py changed, reloading.
25-01-31 13-15-35 INFO Watching for file changes with StatReloader
25-01-31 13-15-37 ERROR Internal Server Error: /charts/
Traceback (most recent call last):
  File "/Users/fumbi/Sol-1/venv/lib/python3.9/site-packages/django/core/handlers/exception.py", line 55, in inner
    response = get_response(request)
  File "/Users/fumbi/Sol-1/venv/lib/python3.9/site-packages/django/core/handlers/base.py", line 197, in _get_response
    response = wrapped_callback(request, *callback_args, **callback_kwargs)
  File "/Users/fumbi/Sol-1/myapp/views.py", line 94, in charts
    region_age.append(i[age])
KeyError: 28
25-01-31 13-15-37 ERROR "GET /charts/ HTTP/1.1" 500 67005
25-01-31 13-15-43 INFO /Users/fumbi/Sol-1/myapp/views.py changed, reloading.
25-01-31 13-15-44 INFO Watching for file changes with StatReloader
25-01-31 13-28-05 INFO /Users/fumbi/Sol-1/myapp/views.py changed, reloading.
25-01-31 13-28-06 INFO Watching for file changes with StatReloader
25-01-31 13-28-36 INFO /Users/fumbi/Sol-1/myapp/views.py changed, reloading.
25-01-31 13-28-37 INFO Watching for file changes with StatReloader
25-01-31 13-28-41 INFO "GET /charts/ HTTP/1.1" 200 3941
25-01-31 13-28-41 INFO "GET /static/js/bootstrap.bundle.min.js HTTP/1.1" 200 80721
25-01-31 13-28-41 INFO "GET /static/css/bootstrap.min.css HTTP/1.1" 200 232796
25-01-31 13-41-25 INFO "GET /charts/ HTTP/1.1" 200 3941
25-01-31 13-42-22 INFO /Users/fumbi/Sol-1/myapp/views.py changed, reloading.
25-01-31 13-42-22 INFO Watching for file changes with StatReloader
25-01-31 13-42-28 INFO /Users/fumbi/Sol-1/myapp/views.py changed, reloading.
25-01-31 13-42-28 INFO Watching for file changes with StatReloader
25-01-31 13-42-32 INFO /Users/fumbi/Sol-1/myapp/views.py changed, reloading.
25-01-31 13-42-33 INFO Watching for file changes with StatReloader
25-01-31 13-42-35 INFO /Users/fumbi/Sol-1/myapp/views.py changed, reloading.
25-01-31 13-42-36 INFO Watching for file changes with StatReloader
25-01-31 13-42-41 INFO /Users/fumbi/Sol-1/myapp/views.py changed, reloading.
25-01-31 13-42-41 INFO Watching for file changes with StatReloader
25-01-31 13-42-43 INFO /Users/fumbi/Sol-1/myapp/views.py changed, reloading.
25-01-31 13-42-43 INFO Watching for file changes with StatReloader
25-01-31 13-42-45 INFO /Users/fumbi/Sol-1/myapp/views.py changed, reloading.
25-01-31 13-42-46 INFO Watching for file changes with StatReloader
25-01-31 13-42-51 INFO /Users/fumbi/Sol-1/myapp/views.py changed, reloading.
25-01-31 13-42-51 INFO Watching for file changes with StatReloader
25-01-31 13-42-53 INFO /Users/fumbi/Sol-1/myapp/views.py changed, reloading.
25-01-31 13-42-54 INFO Watching for file changes with StatReloader
25-01-31 13-42-55 INFO /Users/fumbi/Sol-1/myapp/views.py changed, reloading.
25-01-31 13-42-56 INFO Watching for file changes with StatReloader
25-01-31 13-43-00 ERROR Internal Server Error: /charts/
Traceback (most recent call last):
  File "/Users/fumbi/Sol-1/venv/lib/python3.9/site-packages/django/core/handlers/exception.py", line 55, in inner
    response = get_response(request)
  File "/Users/fumbi/Sol-1/venv/lib/python3.9/site-packages/django/core/handlers/base.py", line 197, in _get_response
    response = wrapped_callback(request, *callback_args, **callback_kwargs)
  File "/Users/fumbi/Sol-1/myapp/views.py", line 79, in charts
    region_labels = [item['region'] for item in region_data]
  File "/Users/fumbi/Sol-1/myapp/views.py", line 79, in <listcomp>
    region_labels = [item['region'] for item in region_data]
KeyError: 'region'
25-01-31 13-43-00 ERROR "GET /charts/ HTTP/1.1" 500 69522
25-01-31 13-43-04 INFO /Users/fumbi/Sol-1/myapp/views.py changed, reloading.
25-01-31 13-43-04 INFO Watching for file changes with StatReloader
25-01-31 13-43-10 INFO /Users/fumbi/Sol-1/myapp/views.py changed, reloading.
25-01-31 13-43-10 INFO Watching for file changes with StatReloader
25-01-31 13-43-14 INFO /Users/fumbi/Sol-1/myapp/views.py changed, reloading.
25-01-31 13-43-15 INFO Watching for file changes with StatReloader
25-01-31 13-43-16 ERROR Internal Server Error: /charts/
Traceback (most recent call last):
  File "/Users/fumbi/Sol-1/venv/lib/python3.9/site-packages/django/core/handlers/exception.py", line 55, in inner
    response = get_response(request)
  File "/Users/fumbi/Sol-1/venv/lib/python3.9/site-packages/django/core/handlers/base.py", line 197, in _get_response
    response = wrapped_callback(request, *callback_args, **callback_kwargs)
  File "/Users/fumbi/Sol-1/myapp/views.py", line 79, in charts
    region_labels = [item['region'] for item in region_data]
  File "/Users/fumbi/Sol-1/myapp/views.py", line 79, in <listcomp>
    region_labels = [item['region'] for item in region_data]
KeyError: 'region'
25-01-31 13-43-16 ERROR "GET /charts/ HTTP/1.1" 500 69522
25-01-31 13-43-34 INFO /Users/fumbi/Sol-1/myapp/views.py changed, reloading.
25-01-31 13-43-35 INFO Watching for file changes with StatReloader
25-01-31 13-43-36 INFO /Users/fumbi/Sol-1/myapp/views.py changed, reloading.
25-01-31 13-43-37 INFO Watching for file changes with StatReloader
25-01-31 13-43-38 INFO /Users/fumbi/Sol-1/myapp/views.py changed, reloading.
25-01-31 13-43-38 INFO Watching for file changes with StatReloader
25-01-31 13-43-39 INFO /Users/fumbi/Sol-1/myapp/views.py changed, reloading.
25-01-31 13-43-40 INFO Watching for file changes with StatReloader
25-01-31 13-43-42 INFO /Users/fumbi/Sol-1/myapp/views.py changed, reloading.
25-01-31 13-43-42 INFO Watching for file changes with StatReloader
25-01-31 13-43-46 INFO /Users/fumbi/Sol-1/myapp/views.py changed, reloading.
25-01-31 13-43-46 INFO Watching for file changes with StatReloader
25-01-31 13-43-49 INFO /Users/fumbi/Sol-1/myapp/views.py changed, reloading.
25-01-31 13-43-50 INFO Watching for file changes with StatReloader
25-01-31 13-43-54 INFO "GET /charts/ HTTP/1.1" 200 3522
25-01-31 13-45-11 INFO "GET /charts/ HTTP/1.1" 200 3522
25-01-31 13-45-39 INFO /Users/fumbi/Sol-1/myapp/views.py changed, reloading.
25-01-31 13-45-40 INFO Watching for file changes with StatReloader
25-01-31 13-46-55 INFO /Users/fumbi/Sol-1/myapp/views.py changed, reloading.
25-01-31 13-46-56 INFO Watching for file changes with StatReloader
25-01-31 13-47-04 INFO /Users/fumbi/Sol-1/myapp/views.py changed, reloading.
25-01-31 13-47-05 INFO Watching for file changes with StatReloader
25-01-31 13-47-21 INFO /Users/fumbi/Sol-1/myapp/views.py changed, reloading.
25-01-31 13-47-21 INFO Watching for file changes with StatReloader
25-01-31 13-47-34 INFO /Users/fumbi/Sol-1/myapp/views.py changed, reloading.
25-01-31 13-47-34 INFO Watching for file changes with StatReloader
25-01-31 13-47-35 INFO /Users/fumbi/Sol-1/myapp/views.py changed, reloading.
25-01-31 13-47-36 INFO Watching for file changes with StatReloader
25-01-31 13-47-37 INFO /Users/fumbi/Sol-1/myapp/views.py changed, reloading.
25-01-31 13-47-37 INFO Watching for file changes with StatReloader
25-01-31 13-47-42 INFO "GET /charts/ HTTP/1.1" 200 3941
25-01-31 13-47-56 INFO /Users/fumbi/Sol-1/myapp/views.py changed, reloading.
25-01-31 13-47-57 INFO Watching for file changes with StatReloader
25-01-31 13-48-00 INFO /Users/fumbi/Sol-1/myapp/views.py changed, reloading.
25-01-31 13-48-00 INFO Watching for file changes with StatReloader
25-01-31 13-48-05 INFO "GET /charts/ HTTP/1.1" 200 3522
25-01-31 13-48-13 INFO /Users/fumbi/Sol-1/myapp/views.py changed, reloading.
25-01-31 13-48-13 INFO Watching for file changes with StatReloader
25-01-31 13-48-15 INFO /Users/fumbi/Sol-1/myapp/views.py changed, reloading.
25-01-31 13-48-15 INFO Watching for file changes with StatReloader
25-01-31 13-48-16 INFO "GET /charts/ HTTP/1.1" 200 3941
25-01-31 13-48-22 INFO /Users/fumbi/Sol-1/myapp/views.py changed, reloading.
25-01-31 13-48-23 INFO Watching for file changes with StatReloader
25-01-31 13-48-25 INFO "GET /charts/ HTTP/1.1" 200 3522
25-01-31 14-02-00 INFO "GET /charts/ HTTP/1.1" 200 3522
25-01-31 14-06-14 INFO /Users/fumbi/Sol-1/myapp/views.py changed, reloading.
25-01-31 14-06-14 INFO Watching for file changes with StatReloader
25-01-31 14-06-21 INFO /Users/fumbi/Sol-1/myapp/views.py changed, reloading.
25-01-31 14-06-21 INFO Watching for file changes with StatReloader
25-01-31 14-42-33 INFO /Users/fumbi/Sol-1/myapp/views.py changed, reloading.
25-01-31 14-42-33 INFO Watching for file changes with StatReloader
25-01-31 14-42-40 INFO /Users/fumbi/Sol-1/myapp/views.py changed, reloading.
25-01-31 14-42-40 INFO Watching for file changes with StatReloader
25-01-31 14-42-45 INFO /Users/fumbi/Sol-1/myapp/views.py changed, reloading.
25-01-31 14-42-46 INFO Watching for file changes with StatReloader
25-01-31 14-42-49 INFO /Users/fumbi/Sol-1/myapp/views.py changed, reloading.
25-01-31 14-42-50 INFO Watching for file changes with StatReloader
25-01-31 14-42-51 INFO /Users/fumbi/Sol-1/myapp/views.py changed, reloading.
25-01-31 14-42-51 INFO Watching for file changes with StatReloader
25-01-31 14-42-52 INFO /Users/fumbi/Sol-1/myapp/views.py changed, reloading.
25-01-31 14-42-53 INFO Watching for file changes with StatReloader
25-01-31 14-43-03 INFO /Users/fumbi/Sol-1/myapp/views.py changed, reloading.
25-01-31 14-43-04 INFO Watching for file changes with StatReloader
25-01-31 14-43-13 INFO /Users/fumbi/Sol-1/myapp/views.py changed, reloading.
25-01-31 14-43-13 INFO Watching for file changes with StatReloader
25-01-31 14-43-22 INFO /Users/fumbi/Sol-1/myapp/views.py changed, reloading.
25-01-31 14-43-23 INFO Watching for file changes with StatReloader
25-01-31 14-43-25 INFO /Users/fumbi/Sol-1/myapp/views.py changed, reloading.
25-01-31 14-43-26 INFO Watching for file changes with StatReloader
25-01-31 14-43-31 INFO /Users/fumbi/Sol-1/myapp/views.py changed, reloading.
25-01-31 14-43-31 INFO Watching for file changes with StatReloader
25-01-31 14-43-34 INFO /Users/fumbi/Sol-1/myapp/views.py changed, reloading.
25-01-31 14-43-35 INFO Watching for file changes with StatReloader
25-01-31 14-43-37 INFO /Users/fumbi/Sol-1/myapp/views.py changed, reloading.
25-01-31 14-43-37 INFO Watching for file changes with StatReloader
25-01-31 14-43-38 INFO /Users/fumbi/Sol-1/myapp/views.py changed, reloading.
25-01-31 14-43-39 INFO Watching for file changes with StatReloader
25-01-31 14-43-41 INFO /Users/fumbi/Sol-1/myapp/views.py changed, reloading.
25-01-31 14-43-41 INFO Watching for file changes with StatReloader
25-01-31 14-43-44 INFO /Users/fumbi/Sol-1/myapp/views.py changed, reloading.
25-01-31 14-43-44 INFO Watching for file changes with StatReloader
25-01-31 14-43-48 INFO /Users/fumbi/Sol-1/myapp/views.py changed, reloading.
25-01-31 14-43-49 INFO Watching for file changes with StatReloader
25-01-31 14-43-54 INFO /Users/fumbi/Sol-1/myapp/views.py changed, reloading.
25-01-31 14-43-54 INFO Watching for file changes with StatReloader
25-01-31 14-43-57 INFO /Users/fumbi/Sol-1/myapp/views.py changed, reloading.
25-01-31 14-43-57 INFO Watching for file changes with StatReloader
25-01-31 14-46-17 INFO /Users/fumbi/Sol-1/myapp/views.py changed, reloading.
25-01-31 14-46-18 INFO Watching for file changes with StatReloader
25-01-31 14-46-21 INFO /Users/fumbi/Sol-1/myapp/views.py changed, reloading.
25-01-31 14-46-21 INFO Watching for file changes with StatReloader
25-01-31 14-46-28 INFO /Users/fumbi/Sol-1/myapp/views.py changed, reloading.
25-01-31 14-46-28 INFO Watching for file changes with StatReloader
25-01-31 14-46-30 INFO /Users/fumbi/Sol-1/myapp/views.py changed, reloading.
25-01-31 14-46-31 INFO Watching for file changes with StatReloader
25-01-31 14-46-41 INFO /Users/fumbi/Sol-1/myapp/views.py changed, reloading.
25-01-31 14-46-42 INFO Watching for file changes with StatReloader
25-01-31 14-53-48 INFO /Users/fumbi/Sol-1/myapp/views.py changed, reloading.
25-01-31 14-53-49 INFO Watching for file changes with StatReloader
25-01-31 14-53-51 INFO /Users/fumbi/Sol-1/myapp/views.py changed, reloading.
25-01-31 14-53-52 INFO Watching for file changes with StatReloader
25-01-31 14-53-54 INFO /Users/fumbi/Sol-1/myapp/views.py changed, reloading.
25-01-31 14-53-54 INFO Watching for file changes with StatReloader
25-01-31 14-53-57 INFO /Users/fumbi/Sol-1/myapp/views.py changed, reloading.
25-01-31 14-53-57 INFO Watching for file changes with StatReloader
25-01-31 14-53-59 INFO /Users/fumbi/Sol-1/myapp/views.py changed, reloading.
25-01-31 14-54-00 INFO Watching for file changes with StatReloader
25-01-31 14-54-02 INFO "GET /charts/ HTTP/1.1" 200 3522
25-01-31 14-54-10 INFO /Users/fumbi/Sol-1/myapp/views.py changed, reloading.
25-01-31 14-54-11 INFO Watching for file changes with StatReloader
25-01-31 14-54-12 INFO /Users/fumbi/Sol-1/myapp/views.py changed, reloading.
25-01-31 14-54-13 INFO Watching for file changes with StatReloader
25-01-31 14-54-16 INFO /Users/fumbi/Sol-1/myapp/views.py changed, reloading.
25-01-31 14-54-16 INFO Watching for file changes with StatReloader
25-01-31 14-54-17 INFO /Users/fumbi/Sol-1/myapp/views.py changed, reloading.
25-01-31 14-54-18 INFO Watching for file changes with StatReloader
25-01-31 14-54-21 INFO /Users/fumbi/Sol-1/myapp/views.py changed, reloading.
25-01-31 14-54-22 INFO Watching for file changes with StatReloader
25-01-31 14-54-27 INFO "GET /charts/ HTTP/1.1" 200 3522
25-01-31 14-54-43 INFO /Users/fumbi/Sol-1/myapp/views.py changed, reloading.
25-01-31 14-54-44 INFO Watching for file changes with StatReloader
25-01-31 14-54-45 INFO /Users/fumbi/Sol-1/myapp/views.py changed, reloading.
25-01-31 14-54-46 INFO Watching for file changes with StatReloader
25-01-31 14-54-47 INFO "GET /charts/ HTTP/1.1" 200 3522
25-01-31 14-54-53 INFO /Users/fumbi/Sol-1/myapp/views.py changed, reloading.
25-01-31 14-54-54 INFO Watching for file changes with StatReloader
25-01-31 14-54-58 INFO "GET /charts/ HTTP/1.1" 200 3522
25-01-31 14-55-04 INFO /Users/fumbi/Sol-1/myapp/views.py changed, reloading.
25-01-31 14-55-05 INFO Watching for file changes with StatReloader
25-01-31 14-55-09 INFO "GET /charts/ HTTP/1.1" 200 3522
25-01-31 14-55-17 INFO /Users/fumbi/Sol-1/myapp/views.py changed, reloading.
25-01-31 14-55-18 INFO Watching for file changes with StatReloader
25-01-31 14-55-24 INFO "GET /charts/ HTTP/1.1" 200 3522
25-01-31 14-55-34 INFO /Users/fumbi/Sol-1/myapp/views.py changed, reloading.
25-01-31 14-55-34 INFO Watching for file changes with StatReloader
25-01-31 14-55-36 INFO "GET /charts/ HTTP/1.1" 200 3522
25-01-31 14-58-00 INFO /Users/fumbi/Sol-1/myapp/views.py changed, reloading.
25-01-31 14-58-01 INFO Watching for file changes with StatReloader
25-01-31 14-58-02 INFO /Users/fumbi/Sol-1/myapp/views.py changed, reloading.
25-01-31 14-58-02 INFO Watching for file changes with StatReloader
25-01-31 16-39-48 INFO /Users/fumbi/Sol-1/myapp/views.py changed, reloading.
25-01-31 16-39-49 INFO Watching for file changes with StatReloader
25-01-31 16-40-00 INFO /Users/fumbi/Sol-1/myapp/views.py changed, reloading.
25-01-31 16-40-01 INFO Watching for file changes with StatReloader
25-01-31 16-40-03 INFO /Users/fumbi/Sol-1/myapp/views.py changed, reloading.
25-01-31 16-40-03 INFO Watching for file changes with StatReloader
25-01-31 16-40-08 INFO /Users/fumbi/Sol-1/myapp/views.py changed, reloading.
25-01-31 16-40-09 INFO Watching for file changes with StatReloader
25-01-31 16-40-11 INFO /Users/fumbi/Sol-1/myapp/views.py changed, reloading.
25-01-31 16-40-12 INFO Watching for file changes with StatReloader
25-01-31 16-40-15 INFO /Users/fumbi/Sol-1/myapp/views.py changed, reloading.
25-01-31 16-40-15 INFO Watching for file changes with StatReloader
25-01-31 16-40-16 INFO /Users/fumbi/Sol-1/myapp/views.py changed, reloading.
25-01-31 16-40-17 INFO Watching for file changes with StatReloader
25-01-31 16-40-18 INFO /Users/fumbi/Sol-1/myapp/views.py changed, reloading.
25-01-31 16-40-19 INFO Watching for file changes with StatReloader
25-01-31 16-40-21 INFO /Users/fumbi/Sol-1/myapp/views.py changed, reloading.
25-01-31 16-40-21 INFO Watching for file changes with StatReloader
25-01-31 16-40-22 INFO /Users/fumbi/Sol-1/myapp/views.py changed, reloading.
25-01-31 16-40-23 INFO Watching for file changes with StatReloader
25-01-31 16-40-27 INFO /Users/fumbi/Sol-1/myapp/views.py changed, reloading.
25-01-31 16-40-27 INFO Watching for file changes with StatReloader
25-01-31 16-40-30 INFO /Users/fumbi/Sol-1/myapp/views.py changed, reloading.
25-01-31 16-40-30 INFO Watching for file changes with StatReloader
25-01-31 16-40-33 INFO /Users/fumbi/Sol-1/myapp/views.py changed, reloading.
25-01-31 16-40-34 INFO Watching for file changes with StatReloader
25-01-31 16-40-42 INFO /Users/fumbi/Sol-1/myapp/views.py changed, reloading.
25-01-31 16-40-42 INFO Watching for file changes with StatReloader
25-01-31 16-40-43 INFO /Users/fumbi/Sol-1/myapp/views.py changed, reloading.
25-01-31 16-40-44 INFO Watching for file changes with StatReloader
25-01-31 16-40-47 INFO /Users/fumbi/Sol-1/myapp/views.py changed, reloading.
25-01-31 16-40-47 INFO Watching for file changes with StatReloader
25-01-31 16-40-49 INFO /Users/fumbi/Sol-1/myapp/views.py changed, reloading.
25-01-31 16-40-49 INFO Watching for file changes with StatReloader
25-01-31 16-40-52 INFO /Users/fumbi/Sol-1/myapp/views.py changed, reloading.
25-01-31 16-40-53 INFO Watching for file changes with StatReloader
25-01-31 16-40-55 INFO /Users/fumbi/Sol-1/myapp/views.py changed, reloading.
25-01-31 16-40-55 INFO Watching for file changes with StatReloader
25-01-31 16-40-57 INFO /Users/fumbi/Sol-1/myapp/views.py changed, reloading.
25-01-31 16-40-57 INFO Watching for file changes with StatReloader
25-01-31 16-40-58 INFO /Users/fumbi/Sol-1/myapp/views.py changed, reloading.
25-01-31 16-40-59 INFO Watching for file changes with StatReloader
25-01-31 16-41-13 INFO /Users/fumbi/Sol-1/myapp/views.py changed, reloading.
25-01-31 16-41-13 INFO Watching for file changes with StatReloader
25-01-31 16-41-22 INFO /Users/fumbi/Sol-1/myapp/views.py changed, reloading.
25-01-31 16-41-23 INFO Watching for file changes with StatReloader
25-01-31 16-41-31 INFO /Users/fumbi/Sol-1/myapp/views.py changed, reloading.
25-01-31 16-41-31 INFO Watching for file changes with StatReloader
25-01-31 16-41-37 INFO /Users/fumbi/Sol-1/myapp/views.py changed, reloading.
25-01-31 16-41-37 INFO Watching for file changes with StatReloader
25-01-31 16-41-40 INFO /Users/fumbi/Sol-1/myapp/views.py changed, reloading.
25-01-31 16-41-41 INFO Watching for file changes with StatReloader
25-01-31 16-41-49 INFO /Users/fumbi/Sol-1/myapp/views.py changed, reloading.
25-01-31 16-41-49 INFO Watching for file changes with StatReloader
25-01-31 17-04-20 INFO "GET / HTTP/1.1" 200 1641
25-01-31 17-04-22 INFO "GET /admin/ HTTP/1.1" 200 6197
25-01-31 17-04-22 INFO "GET /static/admin/css/dark_mode.css HTTP/1.1" 200 2929
25-01-31 17-04-24 INFO "GET /admin/myapp/person/ HTTP/1.1" 200 29736
25-01-31 17-04-24 INFO "GET /admin/jsi18n/ HTTP/1.1" 200 3343
25-01-31 17-04-27 INFO "GET /admin/myapp/person/93/change/ HTTP/1.1" 200 10713
25-01-31 17-04-27 INFO "GET /static/admin/css/forms.css HTTP/1.1" 304 0
25-01-31 17-04-27 INFO "GET /static/admin/js/change_form.js HTTP/1.1" 304 0
25-01-31 17-04-27 INFO "GET /static/admin/js/calendar.js HTTP/1.1" 304 0
25-01-31 17-04-27 INFO "GET /static/admin/js/prepopulate_init.js HTTP/1.1" 304 0
25-01-31 17-04-27 INFO "GET /static/admin/js/admin/DateTimeShortcuts.js HTTP/1.1" 304 0
25-01-31 17-04-27 INFO "GET /static/admin/css/widgets.css HTTP/1.1" 200 11921
25-01-31 17-04-27 INFO "GET /admin/jsi18n/ HTTP/1.1" 200 3343
25-01-31 17-04-27 INFO "GET /static/admin/img/icon-calendar.svg HTTP/1.1" 304 0
25-01-31 17-04-32 INFO "GET /admin/myapp/person/87/change/ HTTP/1.1" 200 10713
25-01-31 17-04-32 INFO "GET /admin/jsi18n/ HTTP/1.1" 200 3343
25-01-31 17-10-10 INFO /Users/fumbi/Sol-1/myapp/views.py changed, reloading.
25-01-31 17-10-11 INFO Watching for file changes with StatReloader
25-01-31 17-10-15 INFO /Users/fumbi/Sol-1/myapp/views.py changed, reloading.
25-01-31 17-10-15 INFO Watching for file changes with StatReloader
25-01-31 17-10-20 INFO /Users/fumbi/Sol-1/myapp/views.py changed, reloading.
25-01-31 17-10-21 INFO Watching for file changes with StatReloader
25-01-31 17-10-47 INFO /Users/fumbi/Sol-1/myapp/views.py changed, reloading.
25-01-31 17-10-48 INFO Watching for file changes with StatReloader
25-01-31 17-10-51 INFO /Users/fumbi/Sol-1/myapp/views.py changed, reloading.
25-01-31 17-10-51 INFO Watching for file changes with StatReloader
25-01-31 17-11-58 INFO /Users/fumbi/Sol-1/myapp/views.py changed, reloading.
25-01-31 17-11-58 INFO Watching for file changes with StatReloader
25-01-31 17-11-59 INFO /Users/fumbi/Sol-1/myapp/views.py changed, reloading.
25-01-31 17-12-00 INFO Watching for file changes with StatReloader
25-01-31 17-12-03 INFO /Users/fumbi/Sol-1/myapp/views.py changed, reloading.
25-01-31 17-12-04 INFO Watching for file changes with StatReloader
25-01-31 17-12-19 INFO /Users/fumbi/Sol-1/myapp/views.py changed, reloading.
25-01-31 17-12-20 INFO Watching for file changes with StatReloader
25-01-31 17-12-21 INFO /Users/fumbi/Sol-1/myapp/views.py changed, reloading.
25-01-31 17-12-21 INFO Watching for file changes with StatReloader
25-01-31 17-12-38 INFO /Users/fumbi/Sol-1/myapp/views.py changed, reloading.
25-01-31 17-12-38 INFO Watching for file changes with StatReloader
25-01-31 17-12-40 INFO /Users/fumbi/Sol-1/myapp/views.py changed, reloading.
25-01-31 17-12-41 INFO Watching for file changes with StatReloader
25-01-31 17-12-45 INFO /Users/fumbi/Sol-1/myapp/views.py changed, reloading.
25-01-31 17-12-45 INFO Watching for file changes with StatReloader
25-01-31 17-12-48 INFO /Users/fumbi/Sol-1/myapp/views.py changed, reloading.
25-01-31 17-12-48 INFO Watching for file changes with StatReloader
25-01-31 17-12-50 INFO /Users/fumbi/Sol-1/myapp/views.py changed, reloading.
25-01-31 17-12-51 INFO Watching for file changes with StatReloader
25-01-31 17-12-57 INFO /Users/fumbi/Sol-1/myapp/views.py changed, reloading.
25-01-31 17-12-58 INFO Watching for file changes with StatReloader
25-01-31 17-13-04 INFO /Users/fumbi/Sol-1/myapp/views.py changed, reloading.
25-01-31 17-13-04 INFO Watching for file changes with StatReloader
25-01-31 17-13-06 INFO /Users/fumbi/Sol-1/myapp/views.py changed, reloading.
25-01-31 17-13-06 INFO Watching for file changes with StatReloader
25-01-31 17-13-07 INFO /Users/fumbi/Sol-1/myapp/views.py changed, reloading.
25-01-31 17-13-08 INFO Watching for file changes with StatReloader
25-01-31 17-13-14 INFO /Users/fumbi/Sol-1/myapp/views.py changed, reloading.
25-01-31 17-13-14 INFO Watching for file changes with StatReloader
25-01-31 17-13-17 INFO /Users/fumbi/Sol-1/myapp/views.py changed, reloading.
25-01-31 17-13-18 INFO Watching for file changes with StatReloader
25-01-31 17-13-19 INFO /Users/fumbi/Sol-1/myapp/views.py changed, reloading.
25-01-31 17-13-19 INFO Watching for file changes with StatReloader
25-01-31 17-13-24 INFO /Users/fumbi/Sol-1/myapp/views.py changed, reloading.
25-01-31 17-13-24 INFO Watching for file changes with StatReloader
25-01-31 17-13-28 INFO /Users/fumbi/Sol-1/myapp/views.py changed, reloading.
25-01-31 17-13-29 INFO Watching for file changes with StatReloader
25-01-31 17-13-31 INFO /Users/fumbi/Sol-1/myapp/views.py changed, reloading.
25-01-31 17-13-32 INFO Watching for file changes with StatReloader
25-01-31 17-14-44 INFO /Users/fumbi/Sol-1/myapp/views.py changed, reloading.
25-01-31 17-14-45 INFO Watching for file changes with StatReloader
25-01-31 17-14-49 INFO /Users/fumbi/Sol-1/myapp/views.py changed, reloading.
25-01-31 17-14-49 INFO Watching for file changes with StatReloader
25-01-31 17-14-51 INFO /Users/fumbi/Sol-1/myapp/views.py changed, reloading.
25-01-31 17-14-51 INFO Watching for file changes with StatReloader
25-01-31 17-14-53 INFO /Users/fumbi/Sol-1/myapp/views.py changed, reloading.
25-01-31 17-14-54 INFO Watching for file changes with StatReloader
25-01-31 17-14-58 INFO /Users/fumbi/Sol-1/myapp/views.py changed, reloading.
25-01-31 17-14-58 INFO Watching for file changes with StatReloader
25-01-31 17-15-01 INFO /Users/fumbi/Sol-1/myapp/views.py changed, reloading.
25-01-31 17-15-01 INFO Watching for file changes with StatReloader
25-01-31 17-15-36 INFO /Users/fumbi/Sol-1/myapp/views.py changed, reloading.
25-01-31 17-15-36 INFO Watching for file changes with StatReloader
25-01-31 17-15-38 INFO /Users/fumbi/Sol-1/myapp/views.py changed, reloading.
25-01-31 17-15-38 INFO Watching for file changes with StatReloader
25-01-31 17-15-43 INFO /Users/fumbi/Sol-1/myapp/views.py changed, reloading.
25-01-31 17-15-44 INFO Watching for file changes with StatReloader
25-01-31 17-15-46 INFO /Users/fumbi/Sol-1/myapp/views.py changed, reloading.
25-01-31 17-15-46 INFO Watching for file changes with StatReloader
25-01-31 17-15-50 INFO /Users/fumbi/Sol-1/myapp/views.py changed, reloading.
25-01-31 17-15-50 INFO Watching for file changes with StatReloader
25-01-31 17-15-52 INFO /Users/fumbi/Sol-1/myapp/views.py changed, reloading.
25-01-31 17-15-53 INFO Watching for file changes with StatReloader
25-01-31 17-16-00 INFO /Users/fumbi/Sol-1/myapp/views.py changed, reloading.
25-01-31 17-16-00 INFO Watching for file changes with StatReloader
25-01-31 17-16-21 INFO /Users/fumbi/Sol-1/myapp/views.py changed, reloading.
25-01-31 17-16-22 INFO Watching for file changes with StatReloader
25-01-31 17-16-24 INFO /Users/fumbi/Sol-1/myapp/views.py changed, reloading.
25-01-31 17-16-24 INFO Watching for file changes with StatReloader
25-01-31 17-16-32 INFO /Users/fumbi/Sol-1/myapp/views.py changed, reloading.
25-01-31 17-16-33 INFO Watching for file changes with StatReloader
25-01-31 17-16-39 INFO /Users/fumbi/Sol-1/myapp/views.py changed, reloading.
25-01-31 17-16-39 INFO Watching for file changes with StatReloader
25-01-31 17-16-41 INFO /Users/fumbi/Sol-1/myapp/views.py changed, reloading.
25-01-31 17-16-41 INFO Watching for file changes with StatReloader
25-01-31 17-16-46 INFO /Users/fumbi/Sol-1/myapp/views.py changed, reloading.
25-01-31 17-16-47 INFO Watching for file changes with StatReloader
25-01-31 17-16-50 INFO /Users/fumbi/Sol-1/myapp/views.py changed, reloading.
25-01-31 17-16-50 INFO Watching for file changes with StatReloader
25-01-31 17-16-53 INFO /Users/fumbi/Sol-1/myapp/views.py changed, reloading.
25-01-31 17-16-54 INFO Watching for file changes with StatReloader
25-01-31 17-16-55 INFO /Users/fumbi/Sol-1/myapp/views.py changed, reloading.
25-01-31 17-16-55 INFO Watching for file changes with StatReloader
25-01-31 17-16-59 INFO /Users/fumbi/Sol-1/myapp/views.py changed, reloading.
25-01-31 17-16-59 INFO Watching for file changes with StatReloader
25-01-31 17-17-03 INFO /Users/fumbi/Sol-1/myapp/views.py changed, reloading.
25-01-31 17-17-04 INFO Watching for file changes with StatReloader
25-01-31 17-17-05 INFO /Users/fumbi/Sol-1/myapp/views.py changed, reloading.
25-01-31 17-17-05 INFO Watching for file changes with StatReloader
25-01-31 18-43-08 INFO /Users/fumbi/Sol-1/myapp/views.py changed, reloading.
25-01-31 18-43-08 INFO Watching for file changes with StatReloader
25-01-31 18-43-10 INFO /Users/fumbi/Sol-1/myapp/views.py changed, reloading.
25-01-31 18-43-10 INFO Watching for file changes with StatReloader
25-01-31 18-43-22 INFO /Users/fumbi/Sol-1/myapp/views.py changed, reloading.
25-01-31 18-43-23 INFO Watching for file changes with StatReloader
25-01-31 18-43-28 INFO /Users/fumbi/Sol-1/myapp/views.py changed, reloading.
25-01-31 18-43-29 INFO Watching for file changes with StatReloader
25-01-31 18-43-32 INFO /Users/fumbi/Sol-1/myapp/views.py changed, reloading.
25-01-31 18-43-32 INFO Watching for file changes with StatReloader
25-01-31 18-43-33 INFO /Users/fumbi/Sol-1/myapp/views.py changed, reloading.
25-01-31 18-43-34 INFO Watching for file changes with StatReloader
25-01-31 18-43-36 INFO /Users/fumbi/Sol-1/myapp/views.py changed, reloading.
25-01-31 18-43-36 INFO Watching for file changes with StatReloader
25-01-31 18-43-48 INFO /Users/fumbi/Sol-1/myapp/views.py changed, reloading.
25-01-31 18-43-48 INFO Watching for file changes with StatReloader
25-01-31 18-44-02 INFO /Users/fumbi/Sol-1/myapp/views.py changed, reloading.
25-01-31 18-44-03 INFO Watching for file changes with StatReloader
25-01-31 18-44-13 INFO /Users/fumbi/Sol-1/myapp/views.py changed, reloading.
25-01-31 18-44-14 INFO Watching for file changes with StatReloader
25-01-31 18-44-15 INFO /Users/fumbi/Sol-1/myapp/views.py changed, reloading.
25-01-31 18-44-15 INFO Watching for file changes with StatReloader
25-01-31 18-44-18 INFO /Users/fumbi/Sol-1/myapp/views.py changed, reloading.
25-01-31 18-44-18 INFO Watching for file changes with StatReloader
25-01-31 18-44-20 INFO /Users/fumbi/Sol-1/myapp/views.py changed, reloading.
25-01-31 18-44-21 INFO Watching for file changes with StatReloader
25-01-31 18-44-22 INFO /Users/fumbi/Sol-1/myapp/views.py changed, reloading.
25-01-31 18-44-22 INFO Watching for file changes with StatReloader
25-01-31 18-44-25 INFO /Users/fumbi/Sol-1/myapp/views.py changed, reloading.
25-01-31 18-44-26 INFO Watching for file changes with StatReloader
25-01-31 18-44-37 INFO /Users/fumbi/Sol-1/myapp/views.py changed, reloading.
25-01-31 18-44-38 INFO Watching for file changes with StatReloader
25-01-31 18-44-39 INFO /Users/fumbi/Sol-1/myapp/views.py changed, reloading.
25-01-31 18-44-39 INFO Watching for file changes with StatReloader
25-01-31 18-44-42 INFO /Users/fumbi/Sol-1/myapp/views.py changed, reloading.
25-01-31 18-44-43 INFO Watching for file changes with StatReloader
25-01-31 18-44-45 INFO /Users/fumbi/Sol-1/myapp/views.py changed, reloading.
25-01-31 18-44-46 INFO Watching for file changes with StatReloader
25-01-31 18-44-48 INFO /Users/fumbi/Sol-1/myapp/views.py changed, reloading.
25-01-31 18-44-48 INFO Watching for file changes with StatReloader
25-01-31 18-44-49 INFO /Users/fumbi/Sol-1/myapp/views.py changed, reloading.
25-01-31 18-44-50 INFO Watching for file changes with StatReloader
25-01-31 18-44-55 INFO /Users/fumbi/Sol-1/myapp/views.py changed, reloading.
25-01-31 18-44-55 INFO Watching for file changes with StatReloader
25-01-31 18-47-10 INFO /Users/fumbi/Sol-1/myapp/views.py changed, reloading.
25-01-31 18-47-11 INFO Watching for file changes with StatReloader
25-01-31 18-53-07 INFO /Users/fumbi/Sol-1/myapp/views.py changed, reloading.
25-01-31 18-53-08 INFO Watching for file changes with StatReloader
25-01-31 18-53-16 INFO /Users/fumbi/Sol-1/myapp/views.py changed, reloading.
25-01-31 18-53-17 INFO Watching for file changes with StatReloader
25-01-31 18-53-18 INFO /Users/fumbi/Sol-1/myapp/views.py changed, reloading.
25-01-31 18-53-18 INFO Watching for file changes with StatReloader
25-01-31 18-53-25 INFO /Users/fumbi/Sol-1/myapp/views.py changed, reloading.
25-01-31 18-53-26 INFO Watching for file changes with StatReloader
25-01-31 18-53-32 INFO /Users/fumbi/Sol-1/myapp/views.py changed, reloading.
25-01-31 18-53-32 INFO Watching for file changes with StatReloader
25-01-31 18-53-48 INFO /Users/fumbi/Sol-1/myapp/views.py changed, reloading.
25-01-31 18-53-48 INFO Watching for file changes with StatReloader
25-01-31 18-53-50 INFO /Users/fumbi/Sol-1/myapp/views.py changed, reloading.
25-01-31 18-53-50 INFO Watching for file changes with StatReloader
25-01-31 18-53-52 INFO /Users/fumbi/Sol-1/myapp/views.py changed, reloading.
25-01-31 18-53-53 INFO Watching for file changes with StatReloader
25-01-31 18-54-00 INFO /Users/fumbi/Sol-1/myapp/views.py changed, reloading.
25-01-31 18-54-00 INFO Watching for file changes with StatReloader
25-01-31 18-56-39 INFO /Users/fumbi/Sol-1/myapp/views.py changed, reloading.
25-01-31 18-56-40 INFO Watching for file changes with StatReloader
25-01-31 18-56-43 INFO /Users/fumbi/Sol-1/myapp/views.py changed, reloading.
25-01-31 18-56-43 INFO Watching for file changes with StatReloader
25-01-31 18-56-47 INFO /Users/fumbi/Sol-1/myapp/views.py changed, reloading.
25-01-31 18-56-48 INFO Watching for file changes with StatReloader
25-01-31 18-56-55 INFO /Users/fumbi/Sol-1/myapp/views.py changed, reloading.
25-01-31 18-56-55 INFO Watching for file changes with StatReloader
25-01-31 18-56-57 INFO /Users/fumbi/Sol-1/myapp/views.py changed, reloading.
25-01-31 18-56-58 INFO Watching for file changes with StatReloader
25-01-31 18-57-01 INFO /Users/fumbi/Sol-1/myapp/views.py changed, reloading.
25-01-31 18-57-01 INFO Watching for file changes with StatReloader
25-01-31 18-57-03 INFO /Users/fumbi/Sol-1/myapp/views.py changed, reloading.
25-01-31 18-57-03 INFO Watching for file changes with StatReloader
25-01-31 18-57-05 INFO /Users/fumbi/Sol-1/myapp/views.py changed, reloading.
25-01-31 18-57-06 INFO Watching for file changes with StatReloader
25-01-31 18-57-08 INFO /Users/fumbi/Sol-1/myapp/views.py changed, reloading.
25-01-31 18-57-08 INFO Watching for file changes with StatReloader
25-01-31 18-57-20 INFO /Users/fumbi/Sol-1/myapp/views.py changed, reloading.
25-01-31 18-57-20 INFO Watching for file changes with StatReloader
25-01-31 18-57-29 INFO /Users/fumbi/Sol-1/myapp/views.py changed, reloading.
25-01-31 18-57-29 INFO Watching for file changes with StatReloader
25-01-31 18-57-33 INFO /Users/fumbi/Sol-1/myapp/views.py changed, reloading.
25-01-31 18-57-34 INFO Watching for file changes with StatReloader
25-01-31 19-43-20 INFO "GET /charts/ HTTP/1.1" 200 3624
25-01-31 19-43-20 INFO "GET /static/css/bootstrap.min.css HTTP/1.1" 304 0
25-01-31 19-43-20 INFO "GET /static/js/bootstrap.bundle.min.js HTTP/1.1" 304 0
25-01-31 19-54-42 INFO /Users/fumbi/Sol-1/myapp/views.py changed, reloading.
25-01-31 19-54-43 INFO Watching for file changes with StatReloader
25-01-31 19-54-45 INFO /Users/fumbi/Sol-1/myapp/views.py changed, reloading.
25-01-31 19-54-45 INFO Watching for file changes with StatReloader
25-01-31 19-54-49 INFO /Users/fumbi/Sol-1/myapp/views.py changed, reloading.
25-01-31 19-54-49 INFO Watching for file changes with StatReloader
25-01-31 19-54-50 INFO /Users/fumbi/Sol-1/myapp/views.py changed, reloading.
25-01-31 19-54-51 INFO Watching for file changes with StatReloader
25-01-31 19-54-58 INFO /Users/fumbi/Sol-1/myapp/views.py changed, reloading.
25-01-31 19-54-58 INFO Watching for file changes with StatReloader
25-01-31 19-55-01 INFO /Users/fumbi/Sol-1/myapp/views.py changed, reloading.
25-01-31 19-55-01 INFO Watching for file changes with StatReloader
25-01-31 19-55-03 INFO /Users/fumbi/Sol-1/myapp/views.py changed, reloading.
25-01-31 19-55-04 INFO Watching for file changes with StatReloader
25-01-31 19-55-17 INFO /Users/fumbi/Sol-1/myapp/views.py changed, reloading.
25-01-31 19-55-18 INFO Watching for file changes with StatReloader
25-01-31 19-55-21 INFO /Users/fumbi/Sol-1/myapp/views.py changed, reloading.
25-01-31 19-55-21 INFO Watching for file changes with StatReloader
25-01-31 19-55-32 INFO /Users/fumbi/Sol-1/myapp/views.py changed, reloading.
25-01-31 19-55-33 INFO Watching for file changes with StatReloader
25-01-31 19-55-36 INFO /Users/fumbi/Sol-1/myapp/views.py changed, reloading.
25-01-31 19-55-36 INFO Watching for file changes with StatReloader
25-01-31 19-55-46 INFO /Users/fumbi/Sol-1/myapp/views.py changed, reloading.
25-01-31 19-55-46 INFO Watching for file changes with StatReloader
25-01-31 19-55-55 INFO /Users/fumbi/Sol-1/myapp/views.py changed, reloading.
25-01-31 19-55-56 INFO Watching for file changes with StatReloader
25-01-31 19-55-57 INFO /Users/fumbi/Sol-1/myapp/views.py changed, reloading.
25-01-31 19-55-57 INFO Watching for file changes with StatReloader
25-01-31 19-55-59 INFO /Users/fumbi/Sol-1/myapp/views.py changed, reloading.
25-01-31 19-56-00 INFO Watching for file changes with StatReloader
25-01-31 19-56-06 INFO /Users/fumbi/Sol-1/myapp/views.py changed, reloading.
25-01-31 19-56-06 INFO Watching for file changes with StatReloader
25-01-31 19-56-10 INFO /Users/fumbi/Sol-1/myapp/views.py changed, reloading.
25-01-31 19-56-10 INFO Watching for file changes with StatReloader
25-01-31 19-56-22 INFO /Users/fumbi/Sol-1/myapp/views.py changed, reloading.
25-01-31 19-56-23 INFO Watching for file changes with StatReloader
25-01-31 19-56-25 INFO /Users/fumbi/Sol-1/myapp/views.py changed, reloading.
25-01-31 19-56-26 INFO Watching for file changes with StatReloader
25-01-31 19-56-32 INFO /Users/fumbi/Sol-1/myapp/views.py changed, reloading.
25-01-31 19-56-32 INFO Watching for file changes with StatReloader
25-01-31 19-56-35 INFO /Users/fumbi/Sol-1/myapp/views.py changed, reloading.
25-01-31 19-56-35 INFO Watching for file changes with StatReloader
25-01-31 19-56-36 INFO /Users/fumbi/Sol-1/myapp/views.py changed, reloading.
25-01-31 19-56-37 INFO Watching for file changes with StatReloader
25-01-31 19-56-45 INFO /Users/fumbi/Sol-1/myapp/views.py changed, reloading.
25-01-31 19-56-45 INFO Watching for file changes with StatReloader
25-01-31 19-56-47 INFO /Users/fumbi/Sol-1/myapp/views.py changed, reloading.
25-01-31 19-56-48 INFO Watching for file changes with StatReloader
25-01-31 19-56-50 INFO /Users/fumbi/Sol-1/myapp/views.py changed, reloading.
25-01-31 19-56-50 INFO Watching for file changes with StatReloader
25-01-31 19-56-58 INFO /Users/fumbi/Sol-1/myapp/views.py changed, reloading.
25-01-31 19-56-58 INFO Watching for file changes with StatReloader
25-01-31 19-57-00 INFO /Users/fumbi/Sol-1/myapp/views.py changed, reloading.
25-01-31 19-57-01 INFO Watching for file changes with StatReloader
25-01-31 19-57-04 INFO /Users/fumbi/Sol-1/myapp/views.py changed, reloading.
25-01-31 19-57-04 INFO Watching for file changes with StatReloader
25-01-31 19-57-25 INFO /Users/fumbi/Sol-1/myapp/views.py changed, reloading.
25-01-31 19-57-25 INFO Watching for file changes with StatReloader
25-01-31 19-57-27 INFO /Users/fumbi/Sol-1/myapp/views.py changed, reloading.
25-01-31 19-57-27 INFO Watching for file changes with StatReloader
25-01-31 19-57-29 INFO /Users/fumbi/Sol-1/myapp/views.py changed, reloading.
25-01-31 19-57-30 INFO Watching for file changes with StatReloader
25-01-31 19-57-37 INFO /Users/fumbi/Sol-1/myapp/views.py changed, reloading.
25-01-31 19-57-37 INFO Watching for file changes with StatReloader
25-01-31 19-57-40 INFO /Users/fumbi/Sol-1/myapp/views.py changed, reloading.
25-01-31 19-57-40 INFO Watching for file changes with StatReloader
25-01-31 19-57-42 INFO /Users/fumbi/Sol-1/myapp/views.py changed, reloading.
25-01-31 19-57-43 INFO Watching for file changes with StatReloader
25-01-31 19-57-45 INFO /Users/fumbi/Sol-1/myapp/views.py changed, reloading.
25-01-31 19-57-45 INFO Watching for file changes with StatReloader
25-01-31 19-57-49 INFO /Users/fumbi/Sol-1/myapp/views.py changed, reloading.
25-01-31 19-57-50 INFO Watching for file changes with StatReloader
25-01-31 20-06-45 INFO /Users/fumbi/Sol-1/myapp/views.py changed, reloading.
25-01-31 20-06-46 INFO Watching for file changes with StatReloader
25-01-31 20-06-54 INFO /Users/fumbi/Sol-1/myapp/views.py changed, reloading.
25-01-31 20-06-55 INFO Watching for file changes with StatReloader
25-01-31 20-31-45 INFO /Users/fumbi/Sol-1/myapp/views.py changed, reloading.
25-01-31 20-31-46 INFO Watching for file changes with StatReloader
25-01-31 20-31-47 INFO /Users/fumbi/Sol-1/myapp/views.py changed, reloading.
25-01-31 20-31-48 INFO Watching for file changes with StatReloader
25-01-31 20-31-51 INFO /Users/fumbi/Sol-1/myapp/views.py changed, reloading.
25-01-31 20-31-51 INFO Watching for file changes with StatReloader
25-01-31 20-31-52 INFO /Users/fumbi/Sol-1/myapp/views.py changed, reloading.
25-01-31 20-31-53 INFO Watching for file changes with StatReloader
25-01-31 20-31-56 INFO /Users/fumbi/Sol-1/myapp/views.py changed, reloading.
25-01-31 20-31-56 INFO Watching for file changes with StatReloader
25-01-31 20-32-01 INFO /Users/fumbi/Sol-1/myapp/views.py changed, reloading.
25-01-31 20-32-01 INFO Watching for file changes with StatReloader
25-01-31 20-33-00 INFO /Users/fumbi/Sol-1/myapp/views.py changed, reloading.
25-01-31 20-33-01 INFO Watching for file changes with StatReloader
25-01-31 20-33-06 INFO /Users/fumbi/Sol-1/myapp/views.py changed, reloading.
25-01-31 20-33-07 INFO Watching for file changes with StatReloader
25-01-31 20-33-09 INFO /Users/fumbi/Sol-1/myapp/views.py changed, reloading.
25-01-31 20-33-09 INFO Watching for file changes with StatReloader
25-01-31 20-33-12 INFO /Users/fumbi/Sol-1/myapp/views.py changed, reloading.
25-01-31 20-33-12 INFO Watching for file changes with StatReloader
25-01-31 20-33-16 INFO /Users/fumbi/Sol-1/myapp/views.py changed, reloading.
25-01-31 20-33-17 INFO Watching for file changes with StatReloader
25-01-31 20-33-20 INFO /Users/fumbi/Sol-1/myapp/views.py changed, reloading.
25-01-31 20-33-20 INFO Watching for file changes with StatReloader
25-01-31 20-33-21 INFO /Users/fumbi/Sol-1/myapp/views.py changed, reloading.
25-01-31 20-33-22 INFO Watching for file changes with StatReloader
25-01-31 20-33-23 INFO /Users/fumbi/Sol-1/myapp/views.py changed, reloading.
25-01-31 20-33-23 INFO Watching for file changes with StatReloader
25-01-31 20-33-24 INFO /Users/fumbi/Sol-1/myapp/views.py changed, reloading.
25-01-31 20-33-25 INFO Watching for file changes with StatReloader
25-01-31 20-33-27 INFO /Users/fumbi/Sol-1/myapp/views.py changed, reloading.
25-01-31 20-33-27 INFO Watching for file changes with StatReloader
25-01-31 20-33-30 INFO /Users/fumbi/Sol-1/myapp/views.py changed, reloading.
25-01-31 20-33-30 INFO Watching for file changes with StatReloader
25-01-31 20-33-41 INFO /Users/fumbi/Sol-1/myapp/views.py changed, reloading.
25-01-31 20-33-41 INFO Watching for file changes with StatReloader
25-01-31 20-33-43 INFO /Users/fumbi/Sol-1/myapp/views.py changed, reloading.
25-01-31 20-33-43 INFO Watching for file changes with StatReloader
25-01-31 20-33-50 INFO /Users/fumbi/Sol-1/myapp/views.py changed, reloading.
25-01-31 20-33-51 INFO Watching for file changes with StatReloader
25-01-31 20-33-55 INFO /Users/fumbi/Sol-1/myapp/views.py changed, reloading.
25-01-31 20-33-55 INFO Watching for file changes with StatReloader
25-01-31 20-33-56 INFO /Users/fumbi/Sol-1/myapp/views.py changed, reloading.
25-01-31 20-33-57 INFO Watching for file changes with StatReloader
25-01-31 20-34-02 INFO /Users/fumbi/Sol-1/myapp/views.py changed, reloading.
25-01-31 20-34-02 INFO Watching for file changes with StatReloader
25-01-31 20-34-31 INFO /Users/fumbi/Sol-1/myapp/views.py changed, reloading.
25-01-31 20-34-31 INFO Watching for file changes with StatReloader
25-01-31 20-34-38 INFO /Users/fumbi/Sol-1/myapp/views.py changed, reloading.
25-01-31 20-34-39 INFO Watching for file changes with StatReloader
25-01-31 20-34-43 INFO /Users/fumbi/Sol-1/myapp/views.py changed, reloading.
25-01-31 20-34-43 INFO Watching for file changes with StatReloader
25-02-01 11-34-55 INFO /Users/fumbi/Sol-1/myapp/views.py changed, reloading.
25-02-01 11-34-56 INFO Watching for file changes with StatReloader
25-02-01 11-34-58 INFO /Users/fumbi/Sol-1/myapp/views.py changed, reloading.
25-02-01 11-34-58 INFO Watching for file changes with StatReloader
25-02-01 11-35-10 INFO /Users/fumbi/Sol-1/myapp/views.py changed, reloading.
25-02-01 11-35-11 INFO Watching for file changes with StatReloader
25-02-01 11-36-52 INFO /Users/fumbi/Sol-1/myapp/views.py changed, reloading.
25-02-01 11-36-53 INFO Watching for file changes with StatReloader
25-02-01 11-36-59 INFO /Users/fumbi/Sol-1/myapp/views.py changed, reloading.
25-02-01 11-36-59 INFO Watching for file changes with StatReloader
25-02-01 11-37-00 INFO /Users/fumbi/Sol-1/myapp/views.py changed, reloading.
25-02-01 11-37-01 INFO Watching for file changes with StatReloader
25-02-01 11-37-06 INFO /Users/fumbi/Sol-1/myapp/views.py changed, reloading.
25-02-01 11-37-06 INFO Watching for file changes with StatReloader
25-02-01 11-37-42 INFO /Users/fumbi/Sol-1/myapp/views.py changed, reloading.
25-02-01 11-37-43 INFO Watching for file changes with StatReloader
25-02-01 11-37-48 INFO /Users/fumbi/Sol-1/myapp/views.py changed, reloading.
25-02-01 11-37-48 INFO Watching for file changes with StatReloader
25-02-01 11-37-51 INFO /Users/fumbi/Sol-1/myapp/views.py changed, reloading.
25-02-01 11-37-51 INFO Watching for file changes with StatReloader
25-02-01 11-37-59 INFO /Users/fumbi/Sol-1/myapp/views.py changed, reloading.
25-02-01 11-38-00 INFO Watching for file changes with StatReloader
25-02-01 11-38-01 INFO /Users/fumbi/Sol-1/myapp/views.py changed, reloading.
25-02-01 11-38-01 INFO Watching for file changes with StatReloader
25-02-01 11-38-04 INFO /Users/fumbi/Sol-1/myapp/views.py changed, reloading.
25-02-01 11-38-05 INFO Watching for file changes with StatReloader
25-02-01 11-38-07 INFO /Users/fumbi/Sol-1/myapp/views.py changed, reloading.
25-02-01 11-38-08 INFO Watching for file changes with StatReloader
25-02-01 11-38-19 INFO /Users/fumbi/Sol-1/myapp/views.py changed, reloading.
25-02-01 11-38-19 INFO Watching for file changes with StatReloader
25-02-01 11-38-21 INFO /Users/fumbi/Sol-1/myapp/views.py changed, reloading.
25-02-01 11-38-21 INFO Watching for file changes with StatReloader
25-02-01 11-38-23 INFO /Users/fumbi/Sol-1/myapp/views.py changed, reloading.
25-02-01 11-38-24 INFO Watching for file changes with StatReloader
25-02-01 11-38-36 INFO /Users/fumbi/Sol-1/myapp/views.py changed, reloading.
25-02-01 11-38-36 INFO Watching for file changes with StatReloader
25-02-01 11-38-41 INFO /Users/fumbi/Sol-1/myapp/views.py changed, reloading.
25-02-01 11-38-41 INFO Watching for file changes with StatReloader
25-02-01 11-38-45 INFO /Users/fumbi/Sol-1/myapp/views.py changed, reloading.
25-02-01 11-38-46 INFO Watching for file changes with StatReloader
25-02-01 11-38-52 INFO /Users/fumbi/Sol-1/myapp/views.py changed, reloading.
25-02-01 11-38-53 INFO Watching for file changes with StatReloader
25-02-01 11-38-54 INFO /Users/fumbi/Sol-1/myapp/views.py changed, reloading.
25-02-01 11-38-54 INFO Watching for file changes with StatReloader
25-02-01 11-38-56 INFO /Users/fumbi/Sol-1/myapp/views.py changed, reloading.
25-02-01 11-38-57 INFO Watching for file changes with StatReloader
25-02-01 11-39-00 INFO /Users/fumbi/Sol-1/myapp/views.py changed, reloading.
25-02-01 11-39-00 INFO Watching for file changes with StatReloader
25-02-01 11-39-02 INFO /Users/fumbi/Sol-1/myapp/views.py changed, reloading.
25-02-01 11-39-02 INFO Watching for file changes with StatReloader
25-02-01 11-39-04 INFO /Users/fumbi/Sol-1/myapp/views.py changed, reloading.
25-02-01 11-39-05 INFO Watching for file changes with StatReloader
25-02-01 11-39-09 INFO /Users/fumbi/Sol-1/myapp/views.py changed, reloading.
25-02-01 11-39-10 INFO Watching for file changes with StatReloader
25-02-01 11-39-12 INFO /Users/fumbi/Sol-1/myapp/views.py changed, reloading.
25-02-01 11-39-12 INFO Watching for file changes with StatReloader
25-02-01 11-39-30 INFO /Users/fumbi/Sol-1/myapp/views.py changed, reloading.
25-02-01 11-39-30 INFO Watching for file changes with StatReloader
25-02-01 11-39-31 INFO /Users/fumbi/Sol-1/myapp/views.py changed, reloading.
25-02-01 11-39-32 INFO Watching for file changes with StatReloader
25-02-01 11-39-33 INFO /Users/fumbi/Sol-1/myapp/views.py changed, reloading.
25-02-01 11-39-34 INFO Watching for file changes with StatReloader
25-02-01 11-39-35 INFO /Users/fumbi/Sol-1/myapp/views.py changed, reloading.
25-02-01 11-39-35 INFO Watching for file changes with StatReloader
25-02-01 11-39-37 INFO /Users/fumbi/Sol-1/myapp/views.py changed, reloading.
25-02-01 11-39-38 INFO Watching for file changes with StatReloader
25-02-01 11-39-44 INFO /Users/fumbi/Sol-1/myapp/views.py changed, reloading.
25-02-01 11-39-45 INFO Watching for file changes with StatReloader
25-02-01 11-39-52 INFO /Users/fumbi/Sol-1/myapp/views.py changed, reloading.
25-02-01 11-39-52 INFO Watching for file changes with StatReloader
25-02-01 11-41-12 INFO /Users/fumbi/Sol-1/myapp/views.py changed, reloading.
25-02-01 11-41-13 INFO Watching for file changes with StatReloader
25-02-01 11-41-15 INFO /Users/fumbi/Sol-1/myapp/views.py changed, reloading.
25-02-01 11-41-16 INFO Watching for file changes with StatReloader
25-02-01 11-41-24 INFO /Users/fumbi/Sol-1/myapp/views.py changed, reloading.
25-02-01 11-41-25 INFO Watching for file changes with StatReloader
25-02-01 11-41-30 INFO /Users/fumbi/Sol-1/myapp/views.py changed, reloading.
25-02-01 11-41-30 INFO Watching for file changes with StatReloader
25-02-01 11-41-34 INFO /Users/fumbi/Sol-1/myapp/views.py changed, reloading.
25-02-01 11-41-35 INFO Watching for file changes with StatReloader
25-02-01 11-41-59 INFO /Users/fumbi/Sol-1/myapp/views.py changed, reloading.
25-02-01 11-42-00 INFO Watching for file changes with StatReloader
25-02-01 11-42-07 INFO /Users/fumbi/Sol-1/myapp/views.py changed, reloading.
25-02-01 11-42-07 INFO Watching for file changes with StatReloader
25-02-01 11-42-09 INFO /Users/fumbi/Sol-1/myapp/views.py changed, reloading.
25-02-01 11-42-09 INFO Watching for file changes with StatReloader
25-02-01 11-42-11 INFO /Users/fumbi/Sol-1/myapp/views.py changed, reloading.
25-02-01 11-42-12 INFO Watching for file changes with StatReloader
25-02-01 11-42-17 INFO /Users/fumbi/Sol-1/myapp/views.py changed, reloading.
25-02-01 11-42-17 INFO Watching for file changes with StatReloader
25-02-01 11-42-23 INFO /Users/fumbi/Sol-1/myapp/views.py changed, reloading.
25-02-01 11-42-23 INFO Watching for file changes with StatReloader
25-02-01 11-42-26 INFO /Users/fumbi/Sol-1/myapp/views.py changed, reloading.
25-02-01 11-42-26 INFO Watching for file changes with StatReloader
25-02-01 11-42-39 INFO /Users/fumbi/Sol-1/myapp/views.py changed, reloading.
25-02-01 11-42-39 INFO Watching for file changes with StatReloader
25-02-01 11-42-48 INFO /Users/fumbi/Sol-1/myapp/views.py changed, reloading.
25-02-01 11-42-48 INFO Watching for file changes with StatReloader
25-02-01 11-42-51 INFO /Users/fumbi/Sol-1/myapp/views.py changed, reloading.
25-02-01 11-42-51 INFO Watching for file changes with StatReloader
25-02-01 11-42-55 INFO /Users/fumbi/Sol-1/myapp/views.py changed, reloading.
25-02-01 11-42-56 INFO Watching for file changes with StatReloader
25-02-01 11-42-58 INFO /Users/fumbi/Sol-1/myapp/views.py changed, reloading.
25-02-01 11-42-58 INFO Watching for file changes with StatReloader
25-02-01 11-43-06 INFO /Users/fumbi/Sol-1/myapp/views.py changed, reloading.
25-02-01 11-43-06 INFO Watching for file changes with StatReloader
25-02-01 11-43-10 INFO /Users/fumbi/Sol-1/myapp/views.py changed, reloading.
25-02-01 11-43-11 INFO Watching for file changes with StatReloader
25-02-01 11-43-12 INFO /Users/fumbi/Sol-1/myapp/views.py changed, reloading.
25-02-01 11-43-12 INFO Watching for file changes with StatReloader
25-02-01 11-43-14 INFO /Users/fumbi/Sol-1/myapp/views.py changed, reloading.
25-02-01 11-43-14 INFO Watching for file changes with StatReloader
25-02-01 11-43-19 INFO /Users/fumbi/Sol-1/myapp/views.py changed, reloading.
25-02-01 11-43-20 INFO Watching for file changes with StatReloader
25-02-01 11-43-29 INFO /Users/fumbi/Sol-1/myapp/views.py changed, reloading.
25-02-01 11-43-30 INFO Watching for file changes with StatReloader
25-02-01 11-43-35 INFO /Users/fumbi/Sol-1/myapp/views.py changed, reloading.
25-02-01 11-43-35 INFO Watching for file changes with StatReloader
25-02-01 11-43-43 INFO /Users/fumbi/Sol-1/myapp/views.py changed, reloading.
25-02-01 11-43-44 INFO Watching for file changes with StatReloader
25-02-01 11-43-45 INFO /Users/fumbi/Sol-1/myapp/views.py changed, reloading.
25-02-01 11-43-45 INFO Watching for file changes with StatReloader
25-02-01 11-43-48 INFO /Users/fumbi/Sol-1/myapp/views.py changed, reloading.
25-02-01 11-43-48 INFO Watching for file changes with StatReloader
25-02-01 11-43-52 INFO /Users/fumbi/Sol-1/myapp/views.py changed, reloading.
25-02-01 11-43-53 INFO Watching for file changes with StatReloader
25-02-01 11-43-55 INFO /Users/fumbi/Sol-1/myapp/views.py changed, reloading.
25-02-01 11-43-56 INFO Watching for file changes with StatReloader
25-02-01 11-43-59 INFO /Users/fumbi/Sol-1/myapp/views.py changed, reloading.
25-02-01 11-43-59 INFO Watching for file changes with StatReloader
25-02-01 11-44-02 INFO /Users/fumbi/Sol-1/myapp/views.py changed, reloading.
25-02-01 11-44-02 INFO Watching for file changes with StatReloader
25-02-01 11-44-03 INFO /Users/fumbi/Sol-1/myapp/views.py changed, reloading.
25-02-01 11-44-04 INFO Watching for file changes with StatReloader
25-02-01 11-44-09 INFO /Users/fumbi/Sol-1/myapp/views.py changed, reloading.
25-02-01 11-44-09 INFO Watching for file changes with StatReloader
25-02-01 12-36-45 INFO /Users/fumbi/Sol-1/myapp/views.py changed, reloading.
25-02-01 12-36-46 INFO Watching for file changes with StatReloader
25-02-01 12-36-48 INFO /Users/fumbi/Sol-1/myapp/views.py changed, reloading.
25-02-01 12-36-48 INFO Watching for file changes with StatReloader
25-02-01 12-36-52 INFO /Users/fumbi/Sol-1/myapp/views.py changed, reloading.
25-02-01 12-36-53 INFO Watching for file changes with StatReloader
25-02-01 12-36-56 INFO /Users/fumbi/Sol-1/myapp/views.py changed, reloading.
25-02-01 12-36-57 INFO Watching for file changes with StatReloader
25-02-01 12-36-58 INFO /Users/fumbi/Sol-1/myapp/views.py changed, reloading.
25-02-01 12-36-58 INFO Watching for file changes with StatReloader
25-02-01 12-37-00 INFO /Users/fumbi/Sol-1/myapp/views.py changed, reloading.
25-02-01 12-37-00 INFO Watching for file changes with StatReloader
25-02-01 12-37-08 INFO /Users/fumbi/Sol-1/myapp/views.py changed, reloading.
25-02-01 12-37-09 INFO Watching for file changes with StatReloader
25-02-01 12-37-13 INFO /Users/fumbi/Sol-1/myapp/views.py changed, reloading.
25-02-01 12-37-13 INFO Watching for file changes with StatReloader
25-02-01 12-37-28 INFO "GET /charts/ HTTP/1.1" 200 3624
25-02-01 12-37-28 INFO "GET /static/css/bootstrap.min.css HTTP/1.1" 304 0
25-02-01 12-37-28 INFO "GET /static/js/bootstrap.bundle.min.js HTTP/1.1" 304 0
25-02-01 12-37-41 INFO /Users/fumbi/Sol-1/myapp/views.py changed, reloading.
25-02-01 12-37-42 INFO Watching for file changes with StatReloader
25-02-01 12-37-46 INFO /Users/fumbi/Sol-1/myapp/views.py changed, reloading.
25-02-01 12-37-46 INFO Watching for file changes with StatReloader
25-02-01 12-37-48 INFO /Users/fumbi/Sol-1/myapp/views.py changed, reloading.
25-02-01 12-37-49 INFO Watching for file changes with StatReloader
25-02-01 12-37-51 INFO /Users/fumbi/Sol-1/myapp/views.py changed, reloading.
25-02-01 12-37-51 INFO Watching for file changes with StatReloader
25-02-01 12-38-09 INFO /Users/fumbi/Sol-1/myapp/views.py changed, reloading.
25-02-01 12-38-09 INFO Watching for file changes with StatReloader
25-02-01 12-38-13 INFO /Users/fumbi/Sol-1/myapp/views.py changed, reloading.
25-02-01 12-38-13 INFO Watching for file changes with StatReloader
25-02-01 12-38-27 INFO /Users/fumbi/Sol-1/myapp/views.py changed, reloading.
25-02-01 12-38-27 INFO Watching for file changes with StatReloader
25-02-01 12-38-37 INFO /Users/fumbi/Sol-1/myapp/views.py changed, reloading.
25-02-01 12-38-38 INFO Watching for file changes with StatReloader
25-02-01 12-38-39 INFO /Users/fumbi/Sol-1/myapp/views.py changed, reloading.
25-02-01 12-38-39 INFO Watching for file changes with StatReloader
25-02-01 12-38-41 INFO /Users/fumbi/Sol-1/myapp/views.py changed, reloading.
25-02-01 12-38-41 INFO Watching for file changes with StatReloader
25-02-01 12-38-46 INFO /Users/fumbi/Sol-1/myapp/views.py changed, reloading.
25-02-01 12-38-47 INFO Watching for file changes with StatReloader
25-02-01 12-38-55 INFO /Users/fumbi/Sol-1/myapp/views.py changed, reloading.
25-02-01 12-38-56 INFO Watching for file changes with StatReloader
25-02-01 12-38-59 INFO /Users/fumbi/Sol-1/myapp/views.py changed, reloading.
25-02-01 12-38-59 INFO Watching for file changes with StatReloader
25-02-01 12-39-25 INFO /Users/fumbi/Sol-1/myapp/views.py changed, reloading.
25-02-01 12-39-26 INFO Watching for file changes with StatReloader
25-02-01 12-39-27 INFO /Users/fumbi/Sol-1/myapp/views.py changed, reloading.
25-02-01 12-39-27 INFO Watching for file changes with StatReloader
25-02-01 12-39-29 INFO /Users/fumbi/Sol-1/myapp/views.py changed, reloading.
25-02-01 12-39-29 INFO Watching for file changes with StatReloader
25-02-01 12-39-34 INFO /Users/fumbi/Sol-1/myapp/views.py changed, reloading.
25-02-01 12-39-35 INFO Watching for file changes with StatReloader
25-02-01 12-39-38 INFO /Users/fumbi/Sol-1/myapp/views.py changed, reloading.
25-02-01 12-39-39 INFO Watching for file changes with StatReloader
25-02-01 12-39-42 INFO /Users/fumbi/Sol-1/myapp/views.py changed, reloading.
25-02-01 12-39-42 INFO Watching for file changes with StatReloader
25-02-01 12-39-44 INFO /Users/fumbi/Sol-1/myapp/views.py changed, reloading.
25-02-01 12-39-44 INFO Watching for file changes with StatReloader
25-02-01 12-39-46 INFO /Users/fumbi/Sol-1/myapp/views.py changed, reloading.
25-02-01 12-39-47 INFO Watching for file changes with StatReloader
25-02-01 12-39-53 INFO /Users/fumbi/Sol-1/myapp/views.py changed, reloading.
25-02-01 12-39-54 INFO Watching for file changes with StatReloader
25-02-01 12-39-57 INFO /Users/fumbi/Sol-1/myapp/views.py changed, reloading.
25-02-01 12-39-57 INFO Watching for file changes with StatReloader
25-02-01 12-40-00 INFO /Users/fumbi/Sol-1/myapp/views.py changed, reloading.
25-02-01 12-40-00 INFO Watching for file changes with StatReloader
25-02-01 12-40-01 INFO /Users/fumbi/Sol-1/myapp/views.py changed, reloading.
25-02-01 12-40-02 INFO Watching for file changes with StatReloader
25-02-01 12-40-05 INFO /Users/fumbi/Sol-1/myapp/views.py changed, reloading.
25-02-01 12-40-05 INFO Watching for file changes with StatReloader
25-02-01 12-40-07 INFO /Users/fumbi/Sol-1/myapp/views.py changed, reloading.
25-02-01 12-40-07 INFO Watching for file changes with StatReloader
25-02-01 12-42-19 INFO "GET / HTTP/1.1" 200 1641
25-02-01 12-59-17 INFO /Users/fumbi/Sol-1/myapp/views.py changed, reloading.
25-02-01 12-59-18 INFO Watching for file changes with StatReloader
25-02-01 12-59-22 INFO /Users/fumbi/Sol-1/myapp/views.py changed, reloading.
25-02-01 12-59-22 INFO Watching for file changes with StatReloader
25-02-01 12-59-40 INFO /Users/fumbi/Sol-1/myapp/views.py changed, reloading.
25-02-01 12-59-41 INFO Watching for file changes with StatReloader
25-02-01 12-59-54 INFO /Users/fumbi/Sol-1/myapp/views.py changed, reloading.
25-02-01 12-59-55 INFO Watching for file changes with StatReloader
25-02-01 12-59-56 INFO /Users/fumbi/Sol-1/myapp/views.py changed, reloading.
25-02-01 12-59-56 INFO Watching for file changes with StatReloader
25-02-01 13-00-04 INFO /Users/fumbi/Sol-1/myapp/views.py changed, reloading.
25-02-01 13-00-04 INFO Watching for file changes with StatReloader
25-02-01 13-01-12 INFO /Users/fumbi/Sol-1/myapp/views.py changed, reloading.
25-02-01 13-01-13 INFO Watching for file changes with StatReloader
25-02-01 13-01-21 INFO /Users/fumbi/Sol-1/myapp/views.py changed, reloading.
25-02-01 13-01-21 INFO Watching for file changes with StatReloader
25-02-01 13-01-24 INFO /Users/fumbi/Sol-1/myapp/views.py changed, reloading.
25-02-01 13-01-25 INFO Watching for file changes with StatReloader
25-02-01 13-01-40 INFO /Users/fumbi/Sol-1/myapp/views.py changed, reloading.
25-02-01 13-01-41 INFO Watching for file changes with StatReloader
25-02-01 13-02-43 INFO "GET /charts/ HTTP/1.1" 200 3717
25-02-01 13-06-39 INFO "GET /charts/ HTTP/1.1" 200 3831
25-02-01 13-07-13 INFO /Users/fumbi/Sol-1/myapp/views.py changed, reloading.
25-02-01 13-07-14 INFO Watching for file changes with StatReloader
25-02-01 13-07-27 INFO /Users/fumbi/Sol-1/myapp/views.py changed, reloading.
25-02-01 13-07-27 INFO Watching for file changes with StatReloader
25-02-01 13-11-45 INFO "GET /charts/ HTTP/1.1" 200 3832
25-02-01 13-11-46 INFO "GET /charts/ HTTP/1.1" 200 3832
25-02-01 13-12-16 INFO "GET /charts/ HTTP/1.1" 200 3809
25-02-01 13-13-25 INFO /Users/fumbi/Sol-1/myapp/views.py changed, reloading.
25-02-01 13-13-26 INFO Watching for file changes with StatReloader
25-02-01 13-13-31 INFO /Users/fumbi/Sol-1/myapp/views.py changed, reloading.
25-02-01 13-13-32 INFO Watching for file changes with StatReloader
25-02-01 13-13-37 INFO /Users/fumbi/Sol-1/myapp/views.py changed, reloading.
25-02-01 13-13-37 INFO Watching for file changes with StatReloader
25-02-01 13-13-46 INFO /Users/fumbi/Sol-1/myapp/views.py changed, reloading.
25-02-01 13-13-46 INFO Watching for file changes with StatReloader
25-02-01 13-13-48 INFO /Users/fumbi/Sol-1/myapp/views.py changed, reloading.
25-02-01 13-13-49 INFO Watching for file changes with StatReloader
25-02-01 13-13-52 INFO /Users/fumbi/Sol-1/myapp/views.py changed, reloading.
25-02-01 13-13-52 INFO Watching for file changes with StatReloader
25-02-01 13-13-56 INFO /Users/fumbi/Sol-1/myapp/views.py changed, reloading.
25-02-01 13-13-57 INFO Watching for file changes with StatReloader
25-02-01 13-14-00 INFO /Users/fumbi/Sol-1/myapp/views.py changed, reloading.
25-02-01 13-14-00 INFO Watching for file changes with StatReloader
25-02-01 13-15-20 INFO /Users/fumbi/Sol-1/myapp/views.py changed, reloading.
25-02-01 13-15-21 INFO Watching for file changes with StatReloader
25-02-01 13-15-22 INFO /Users/fumbi/Sol-1/myapp/views.py changed, reloading.
25-02-01 13-15-23 INFO Watching for file changes with StatReloader
25-02-01 13-15-24 INFO /Users/fumbi/Sol-1/myapp/views.py changed, reloading.
25-02-01 13-15-24 INFO Watching for file changes with StatReloader
25-02-01 13-15-25 INFO /Users/fumbi/Sol-1/myapp/views.py changed, reloading.
25-02-01 13-15-26 INFO Watching for file changes with StatReloader
25-02-01 13-15-29 INFO /Users/fumbi/Sol-1/myapp/views.py changed, reloading.
25-02-01 13-15-29 INFO Watching for file changes with StatReloader
25-02-01 13-16-55 INFO /Users/fumbi/Sol-1/myapp/views.py changed, reloading.
25-02-01 13-16-56 INFO Watching for file changes with StatReloader
25-02-01 13-16-58 INFO /Users/fumbi/Sol-1/myapp/views.py changed, reloading.
25-02-01 13-16-59 INFO Watching for file changes with StatReloader
25-02-01 13-17-00 INFO /Users/fumbi/Sol-1/myapp/views.py changed, reloading.
25-02-01 13-17-00 INFO Watching for file changes with StatReloader
25-02-01 13-17-13 INFO /Users/fumbi/Sol-1/myapp/views.py changed, reloading.
25-02-01 13-17-14 INFO Watching for file changes with StatReloader
25-02-01 13-17-19 INFO /Users/fumbi/Sol-1/myapp/views.py changed, reloading.
25-02-01 13-17-19 INFO Watching for file changes with StatReloader
25-02-01 13-17-21 INFO /Users/fumbi/Sol-1/myapp/views.py changed, reloading.
25-02-01 13-17-21 INFO Watching for file changes with StatReloader
25-02-01 13-17-27 INFO /Users/fumbi/Sol-1/myapp/views.py changed, reloading.
25-02-01 13-17-28 INFO Watching for file changes with StatReloader
25-02-01 13-17-32 INFO "GET / HTTP/1.1" 200 1641
25-02-01 13-17-36 INFO "GET /admin/ HTTP/1.1" 200 6197
25-02-01 13-17-36 INFO "GET /static/admin/js/theme.js HTTP/1.1" 304 0
25-02-01 13-17-36 INFO "GET /static/admin/css/dark_mode.css HTTP/1.1" 304 0
25-02-01 13-17-38 INFO "GET /admin/myapp/person/ HTTP/1.1" 200 29736
25-02-01 13-17-38 INFO "GET /static/admin/js/filters.js HTTP/1.1" 304 0
25-02-01 13-17-38 INFO "GET /static/admin/img/tooltag-add.svg HTTP/1.1" 304 0
25-02-01 13-17-38 INFO "GET /static/admin/css/changelists.css HTTP/1.1" 304 0
25-02-01 13-17-38 INFO "GET /static/admin/js/vendor/jquery/jquery.js HTTP/1.1" 304 0
25-02-01 13-17-38 INFO "GET /admin/jsi18n/ HTTP/1.1" 200 3343
25-02-01 13-18-51 INFO "GET /admin/myapp/person/add/ HTTP/1.1" 200 10434
25-02-01 13-18-51 INFO "GET /static/admin/css/forms.css HTTP/1.1" 304 0
25-02-01 13-18-51 INFO "GET /admin/jsi18n/ HTTP/1.1" 200 3343
25-02-01 13-18-51 INFO "GET /static/admin/js/prepopulate_init.js HTTP/1.1" 304 0
25-02-01 13-18-51 INFO "GET /static/admin/js/calendar.js HTTP/1.1" 304 0
25-02-01 13-18-51 INFO "GET /static/admin/js/admin/DateTimeShortcuts.js HTTP/1.1" 304 0
25-02-01 13-18-51 INFO "GET /static/admin/js/change_form.js HTTP/1.1" 304 0
25-02-01 13-18-51 INFO "GET /static/admin/css/widgets.css HTTP/1.1" 304 0
25-02-01 13-18-51 INFO "GET /static/admin/img/icon-calendar.svg HTTP/1.1" 304 0
25-02-01 13-18-53 INFO "GET /admin/myapp/person/ HTTP/1.1" 200 29736
25-02-01 13-18-53 INFO "GET /admin/jsi18n/ HTTP/1.1" 200 3343
25-02-01 13-20-12 INFO Watching for file changes with StatReloader
25-02-01 13-20-13 INFO "GET / HTTP/1.1" 200 1641
25-02-01 13-20-16 INFO "GET /admin/ HTTP/1.1" 200 6197
25-02-01 13-20-17 INFO "GET /admin/myapp/person/ HTTP/1.1" 200 7435
25-02-01 13-20-17 INFO "GET /admin/jsi18n/ HTTP/1.1" 200 3343
25-02-01 13-20-25 INFO "GET /admin/myapp/person/ HTTP/1.1" 200 7435
25-02-01 13-20-25 INFO "GET /admin/jsi18n/ HTTP/1.1" 200 3343
25-02-01 13-20-29 INFO "GET / HTTP/1.1" 200 1641
25-02-01 13-20-31 INFO "GET /upload/ HTTP/1.1" 200 2098
25-02-01 13-22-37 INFO "POST /upload/ HTTP/1.1" 302 0
25-02-01 13-22-37 INFO "GET / HTTP/1.1" 200 1641
25-02-01 13-22-42 INFO "GET /data/ HTTP/1.1" 200 13567
25-02-01 13-22-46 INFO "GET /charts/ HTTP/1.1" 200 3773
25-02-01 13-23-20 INFO "GET /admin/myapp/person/ HTTP/1.1" 200 29622
25-02-01 13-23-20 INFO "GET /admin/jsi18n/ HTTP/1.1" 200 3343
25-02-01 13-29-30 INFO /Users/fumbi/Sol-1/myapp/views.py changed, reloading.
25-02-01 13-29-31 INFO Watching for file changes with StatReloader
25-02-01 13-29-33 INFO /Users/fumbi/Sol-1/myapp/views.py changed, reloading.
25-02-01 13-29-33 INFO Watching for file changes with StatReloader
25-02-01 13-29-37 INFO /Users/fumbi/Sol-1/myapp/views.py changed, reloading.
25-02-01 13-29-37 INFO Watching for file changes with StatReloader
25-02-01 13-29-40 INFO /Users/fumbi/Sol-1/myapp/views.py changed, reloading.
25-02-01 13-29-41 INFO Watching for file changes with StatReloader
25-02-01 13-31-50 INFO /Users/fumbi/Sol-1/myapp/views.py changed, reloading.
25-02-01 17-08-16 INFO /Users/fumbi/Sol-1/myapp/views.py changed, reloading.
25-02-01 17-08-17 INFO Watching for file changes with StatReloader
25-02-01 17-08-20 INFO /Users/fumbi/Sol-1/myapp/views.py changed, reloading.
25-02-01 17-08-21 INFO Watching for file changes with StatReloader
25-02-01 17-08-31 INFO /Users/fumbi/Sol-1/myapp/views.py changed, reloading.
25-02-01 17-08-31 INFO Watching for file changes with StatReloader
25-02-01 17-08-32 INFO /Users/fumbi/Sol-1/myapp/views.py changed, reloading.
25-02-01 17-08-33 INFO Watching for file changes with StatReloader
25-02-01 17-08-36 INFO /Users/fumbi/Sol-1/myapp/views.py changed, reloading.
25-02-01 17-08-36 INFO Watching for file changes with StatReloader
25-02-01 17-09-00 INFO /Users/fumbi/Sol-1/myapp/views.py changed, reloading.
25-02-01 17-09-01 INFO Watching for file changes with StatReloader
25-02-01 17-09-06 INFO /Users/fumbi/Sol-1/myapp/views.py changed, reloading.
25-02-01 17-09-06 INFO Watching for file changes with StatReloader
25-02-01 17-09-11 INFO /Users/fumbi/Sol-1/myapp/views.py changed, reloading.
25-02-01 17-09-11 INFO Watching for file changes with StatReloader
25-02-01 17-09-12 INFO /Users/fumbi/Sol-1/myapp/views.py changed, reloading.
25-02-01 17-09-13 INFO Watching for file changes with StatReloader
25-02-01 17-09-14 INFO /Users/fumbi/Sol-1/myapp/views.py changed, reloading.
25-02-01 17-09-14 INFO Watching for file changes with StatReloader
25-02-01 17-10-31 INFO Watching for file changes with StatReloader
25-02-01 17-10-35 INFO "GET /charts/ HTTP/1.1" 200 3497
25-02-01 17-10-36 INFO "GET / HTTP/1.1" 200 1641
25-02-01 17-10-37 INFO "GET /upload/ HTTP/1.1" 200 2098
25-02-01 17-10-54 ERROR Internal Server Error: /upload/
Traceback (most recent call last):
  File "/Users/fumbi/Sol-1/venv/lib/python3.9/site-packages/django/core/handlers/exception.py", line 55, in inner
    response = get_response(request)
  File "/Users/fumbi/Sol-1/venv/lib/python3.9/site-packages/django/core/handlers/base.py", line 197, in _get_response
    response = wrapped_callback(request, *callback_args, **callback_kwargs)
  File "/Users/fumbi/Sol-1/myapp/views.py", line 33, in upload
    for rownum, row in reader:
ValueError: too many values to unpack (expected 2)
25-02-01 17-10-54 ERROR "POST /upload/ HTTP/1.1" 500 68833
25-02-01 17-12-03 INFO "GET / HTTP/1.1" 200 1641
25-02-01 17-12-05 INFO "GET /admin/ HTTP/1.1" 200 6197
25-02-01 17-12-07 INFO "GET /admin/myapp/person/ HTTP/1.1" 200 7435
25-02-01 17-12-07 INFO "GET /admin/jsi18n/ HTTP/1.1" 200 3343
25-02-01 17-12-07 INFO "GET /static/admin/js/filters.js HTTP/1.1" 200 978
25-02-01 17-12-27 INFO /Users/fumbi/Sol-1/myapp/views.py changed, reloading.
25-02-01 17-12-27 INFO Watching for file changes with StatReloader
25-02-01 17-12-31 INFO /Users/fumbi/Sol-1/myapp/views.py changed, reloading.
25-02-01 17-12-31 INFO Watching for file changes with StatReloader
25-02-01 17-12-33 INFO /Users/fumbi/Sol-1/myapp/views.py changed, reloading.
25-02-01 17-12-34 INFO Watching for file changes with StatReloader
25-02-01 17-12-39 INFO /Users/fumbi/Sol-1/myapp/views.py changed, reloading.
25-02-01 17-12-39 INFO Watching for file changes with StatReloader
25-02-01 17-12-44 INFO "GET /upload/ HTTP/1.1" 200 2098
25-02-01 17-12-53 INFO "POST /upload/ HTTP/1.1" 302 0
25-02-01 17-12-53 INFO "GET / HTTP/1.1" 200 1641
25-02-01 17-12-55 INFO "GET /data/ HTTP/1.1" 200 13322
25-02-01 17-12-57 INFO "GET /charts/ HTTP/1.1" 200 3773
25-02-01 17-13-06 INFO "GET /admin/myapp/person/ HTTP/1.1" 200 29184
25-02-01 17-13-06 INFO "GET /admin/jsi18n/ HTTP/1.1" 200 3343
25-02-01 17-16-21 INFO Watching for file changes with StatReloader
25-02-01 17-16-23 INFO "GET / HTTP/1.1" 200 1641
25-02-01 17-16-25 INFO "GET /admin/ HTTP/1.1" 302 0
25-02-01 17-16-25 INFO "GET /admin/login/?next=/admin/ HTTP/1.1" 200 4181
25-02-01 17-16-57 INFO Watching for file changes with StatReloader
25-02-01 17-17-00 INFO "GET / HTTP/1.1" 200 1641
25-02-01 17-17-05 INFO "GET /admin/ HTTP/1.1" 302 0
25-02-01 17-17-05 INFO "GET /admin/login/?next=/admin/ HTTP/1.1" 200 4181
25-02-01 17-17-13 INFO "POST /admin/login/?next=/admin/ HTTP/1.1" 200 4356
25-02-01 17-17-22 INFO "POST /admin/login/?next=/admin/ HTTP/1.1" 302 0
25-02-01 17-17-22 INFO "GET /admin/ HTTP/1.1" 200 6197
25-02-01 17-17-25 ERROR Internal Server Error: /admin/myapp/person/
Traceback (most recent call last):
  File "/Users/fumbi/Sol-1/venv/lib/python3.9/site-packages/django/db/backends/utils.py", line 89, in _execute
    return self.cursor.execute(sql, params)
  File "/Users/fumbi/Sol-1/venv/lib/python3.9/site-packages/django/db/backends/sqlite3/base.py", line 328, in execute
    return super().execute(query, params)
sqlite3.OperationalError: no such table: myapp_person

The above exception was the direct cause of the following exception:

Traceback (most recent call last):
  File "/Users/fumbi/Sol-1/venv/lib/python3.9/site-packages/django/core/handlers/exception.py", line 55, in inner
    response = get_response(request)
  File "/Users/fumbi/Sol-1/venv/lib/python3.9/site-packages/django/core/handlers/base.py", line 197, in _get_response
    response = wrapped_callback(request, *callback_args, **callback_kwargs)
  File "/Users/fumbi/Sol-1/venv/lib/python3.9/site-packages/django/contrib/admin/options.py", line 688, in wrapper
    return self.admin_site.admin_view(view)(*args, **kwargs)
  File "/Users/fumbi/Sol-1/venv/lib/python3.9/site-packages/django/utils/decorators.py", line 134, in _wrapper_view
    response = view_func(request, *args, **kwargs)
  File "/Users/fumbi/Sol-1/venv/lib/python3.9/site-packages/django/views/decorators/cache.py", line 62, in _wrapper_view_func
    response = view_func(request, *args, **kwargs)
  File "/Users/fumbi/Sol-1/venv/lib/python3.9/site-packages/django/contrib/admin/sites.py", line 242, in inner
    return view(request, *args, **kwargs)
  File "/Users/fumbi/Sol-1/venv/lib/python3.9/site-packages/django/utils/decorators.py", line 46, in _wrapper
    return bound_method(*args, **kwargs)
  File "/Users/fumbi/Sol-1/venv/lib/python3.9/site-packages/django/utils/decorators.py", line 134, in _wrapper_view
    response = view_func(request, *args, **kwargs)
  File "/Users/fumbi/Sol-1/venv/lib/python3.9/site-packages/django/contrib/admin/options.py", line 1926, in changelist_view
    cl = self.get_changelist_instance(request)
  File "/Users/fumbi/Sol-1/venv/lib/python3.9/site-packages/django/contrib/admin/options.py", line 836, in get_changelist_instance
    return ChangeList(
  File "/Users/fumbi/Sol-1/venv/lib/python3.9/site-packages/django/contrib/admin/views/main.py", line 123, in __init__
    self.get_results(request)
  File "/Users/fumbi/Sol-1/venv/lib/python3.9/site-packages/django/contrib/admin/views/main.py", line 279, in get_results
    result_count = paginator.count
  File "/Users/fumbi/Sol-1/venv/lib/python3.9/site-packages/django/utils/functional.py", line 57, in __get__
    res = instance.__dict__[self.name] = self.func(instance)
  File "/Users/fumbi/Sol-1/venv/lib/python3.9/site-packages/django/core/paginator.py", line 93, in count
    return c()
  File "/Users/fumbi/Sol-1/venv/lib/python3.9/site-packages/django/db/models/query.py", line 608, in count
    return self.query.get_count(using=self.db)
  File "/Users/fumbi/Sol-1/venv/lib/python3.9/site-packages/django/db/models/sql/query.py", line 568, in get_count
    return obj.get_aggregation(using, {"__count": Count("*")})["__count"]
  File "/Users/fumbi/Sol-1/venv/lib/python3.9/site-packages/django/db/models/sql/query.py", line 554, in get_aggregation
    result = compiler.execute_sql(SINGLE)
  File "/Users/fumbi/Sol-1/venv/lib/python3.9/site-packages/django/db/models/sql/compiler.py", line 1562, in execute_sql
    cursor.execute(sql, params)
  File "/Users/fumbi/Sol-1/venv/lib/python3.9/site-packages/django/db/backends/utils.py", line 102, in execute
    return super().execute(sql, params)
  File "/Users/fumbi/Sol-1/venv/lib/python3.9/site-packages/django/db/backends/utils.py", line 67, in execute
    return self._execute_with_wrappers(
  File "/Users/fumbi/Sol-1/venv/lib/python3.9/site-packages/django/db/backends/utils.py", line 80, in _execute_with_wrappers
    return executor(sql, params, many, context)
  File "/Users/fumbi/Sol-1/venv/lib/python3.9/site-packages/django/db/backends/utils.py", line 89, in _execute
    return self.cursor.execute(sql, params)
  File "/Users/fumbi/Sol-1/venv/lib/python3.9/site-packages/django/db/utils.py", line 91, in __exit__
    raise dj_exc_value.with_traceback(traceback) from exc_value
  File "/Users/fumbi/Sol-1/venv/lib/python3.9/site-packages/django/db/backends/utils.py", line 89, in _execute
    return self.cursor.execute(sql, params)
  File "/Users/fumbi/Sol-1/venv/lib/python3.9/site-packages/django/db/backends/sqlite3/base.py", line 328, in execute
    return super().execute(query, params)
django.db.utils.OperationalError: no such table: myapp_person
25-02-01 17-17-25 ERROR "GET /admin/myapp/person/ HTTP/1.1" 500 172593
25-02-01 17-17-28 ERROR Internal Server Error: /admin/myapp/person/
Traceback (most recent call last):
  File "/Users/fumbi/Sol-1/venv/lib/python3.9/site-packages/django/db/backends/utils.py", line 89, in _execute
    return self.cursor.execute(sql, params)
  File "/Users/fumbi/Sol-1/venv/lib/python3.9/site-packages/django/db/backends/sqlite3/base.py", line 328, in execute
    return super().execute(query, params)
sqlite3.OperationalError: no such table: myapp_person

The above exception was the direct cause of the following exception:

Traceback (most recent call last):
  File "/Users/fumbi/Sol-1/venv/lib/python3.9/site-packages/django/core/handlers/exception.py", line 55, in inner
    response = get_response(request)
  File "/Users/fumbi/Sol-1/venv/lib/python3.9/site-packages/django/core/handlers/base.py", line 197, in _get_response
    response = wrapped_callback(request, *callback_args, **callback_kwargs)
  File "/Users/fumbi/Sol-1/venv/lib/python3.9/site-packages/django/contrib/admin/options.py", line 688, in wrapper
    return self.admin_site.admin_view(view)(*args, **kwargs)
  File "/Users/fumbi/Sol-1/venv/lib/python3.9/site-packages/django/utils/decorators.py", line 134, in _wrapper_view
    response = view_func(request, *args, **kwargs)
  File "/Users/fumbi/Sol-1/venv/lib/python3.9/site-packages/django/views/decorators/cache.py", line 62, in _wrapper_view_func
    response = view_func(request, *args, **kwargs)
  File "/Users/fumbi/Sol-1/venv/lib/python3.9/site-packages/django/contrib/admin/sites.py", line 242, in inner
    return view(request, *args, **kwargs)
  File "/Users/fumbi/Sol-1/venv/lib/python3.9/site-packages/django/utils/decorators.py", line 46, in _wrapper
    return bound_method(*args, **kwargs)
  File "/Users/fumbi/Sol-1/venv/lib/python3.9/site-packages/django/utils/decorators.py", line 134, in _wrapper_view
    response = view_func(request, *args, **kwargs)
  File "/Users/fumbi/Sol-1/venv/lib/python3.9/site-packages/django/contrib/admin/options.py", line 1926, in changelist_view
    cl = self.get_changelist_instance(request)
  File "/Users/fumbi/Sol-1/venv/lib/python3.9/site-packages/django/contrib/admin/options.py", line 836, in get_changelist_instance
    return ChangeList(
  File "/Users/fumbi/Sol-1/venv/lib/python3.9/site-packages/django/contrib/admin/views/main.py", line 123, in __init__
    self.get_results(request)
  File "/Users/fumbi/Sol-1/venv/lib/python3.9/site-packages/django/contrib/admin/views/main.py", line 279, in get_results
    result_count = paginator.count
  File "/Users/fumbi/Sol-1/venv/lib/python3.9/site-packages/django/utils/functional.py", line 57, in __get__
    res = instance.__dict__[self.name] = self.func(instance)
  File "/Users/fumbi/Sol-1/venv/lib/python3.9/site-packages/django/core/paginator.py", line 93, in count
    return c()
  File "/Users/fumbi/Sol-1/venv/lib/python3.9/site-packages/django/db/models/query.py", line 608, in count
    return self.query.get_count(using=self.db)
  File "/Users/fumbi/Sol-1/venv/lib/python3.9/site-packages/django/db/models/sql/query.py", line 568, in get_count
    return obj.get_aggregation(using, {"__count": Count("*")})["__count"]
  File "/Users/fumbi/Sol-1/venv/lib/python3.9/site-packages/django/db/models/sql/query.py", line 554, in get_aggregation
    result = compiler.execute_sql(SINGLE)
  File "/Users/fumbi/Sol-1/venv/lib/python3.9/site-packages/django/db/models/sql/compiler.py", line 1562, in execute_sql
    cursor.execute(sql, params)
  File "/Users/fumbi/Sol-1/venv/lib/python3.9/site-packages/django/db/backends/utils.py", line 102, in execute
    return super().execute(sql, params)
  File "/Users/fumbi/Sol-1/venv/lib/python3.9/site-packages/django/db/backends/utils.py", line 67, in execute
    return self._execute_with_wrappers(
  File "/Users/fumbi/Sol-1/venv/lib/python3.9/site-packages/django/db/backends/utils.py", line 80, in _execute_with_wrappers
    return executor(sql, params, many, context)
  File "/Users/fumbi/Sol-1/venv/lib/python3.9/site-packages/django/db/backends/utils.py", line 89, in _execute
    return self.cursor.execute(sql, params)
  File "/Users/fumbi/Sol-1/venv/lib/python3.9/site-packages/django/db/utils.py", line 91, in __exit__
    raise dj_exc_value.with_traceback(traceback) from exc_value
  File "/Users/fumbi/Sol-1/venv/lib/python3.9/site-packages/django/db/backends/utils.py", line 89, in _execute
    return self.cursor.execute(sql, params)
  File "/Users/fumbi/Sol-1/venv/lib/python3.9/site-packages/django/db/backends/sqlite3/base.py", line 328, in execute
    return super().execute(query, params)
django.db.utils.OperationalError: no such table: myapp_person
25-02-01 17-17-28 ERROR "GET /admin/myapp/person/ HTTP/1.1" 500 172593
25-02-01 17-18-43 INFO Watching for file changes with StatReloader
25-02-01 17-18-47 INFO "GET /admin/ HTTP/1.1" 200 6197
25-02-01 17-18-48 INFO "GET /admin/ HTTP/1.1" 200 6197
25-02-01 17-18-51 ERROR Internal Server Error: /admin/myapp/person/
Traceback (most recent call last):
  File "/Users/fumbi/Sol-1/venv/lib/python3.9/site-packages/django/db/backends/utils.py", line 89, in _execute
    return self.cursor.execute(sql, params)
  File "/Users/fumbi/Sol-1/venv/lib/python3.9/site-packages/django/db/backends/sqlite3/base.py", line 328, in execute
    return super().execute(query, params)
sqlite3.OperationalError: no such table: myapp_person

The above exception was the direct cause of the following exception:

Traceback (most recent call last):
  File "/Users/fumbi/Sol-1/venv/lib/python3.9/site-packages/django/core/handlers/exception.py", line 55, in inner
    response = get_response(request)
  File "/Users/fumbi/Sol-1/venv/lib/python3.9/site-packages/django/core/handlers/base.py", line 197, in _get_response
    response = wrapped_callback(request, *callback_args, **callback_kwargs)
  File "/Users/fumbi/Sol-1/venv/lib/python3.9/site-packages/django/contrib/admin/options.py", line 688, in wrapper
    return self.admin_site.admin_view(view)(*args, **kwargs)
  File "/Users/fumbi/Sol-1/venv/lib/python3.9/site-packages/django/utils/decorators.py", line 134, in _wrapper_view
    response = view_func(request, *args, **kwargs)
  File "/Users/fumbi/Sol-1/venv/lib/python3.9/site-packages/django/views/decorators/cache.py", line 62, in _wrapper_view_func
    response = view_func(request, *args, **kwargs)
  File "/Users/fumbi/Sol-1/venv/lib/python3.9/site-packages/django/contrib/admin/sites.py", line 242, in inner
    return view(request, *args, **kwargs)
  File "/Users/fumbi/Sol-1/venv/lib/python3.9/site-packages/django/utils/decorators.py", line 46, in _wrapper
    return bound_method(*args, **kwargs)
  File "/Users/fumbi/Sol-1/venv/lib/python3.9/site-packages/django/utils/decorators.py", line 134, in _wrapper_view
    response = view_func(request, *args, **kwargs)
  File "/Users/fumbi/Sol-1/venv/lib/python3.9/site-packages/django/contrib/admin/options.py", line 1926, in changelist_view
    cl = self.get_changelist_instance(request)
  File "/Users/fumbi/Sol-1/venv/lib/python3.9/site-packages/django/contrib/admin/options.py", line 836, in get_changelist_instance
    return ChangeList(
  File "/Users/fumbi/Sol-1/venv/lib/python3.9/site-packages/django/contrib/admin/views/main.py", line 123, in __init__
    self.get_results(request)
  File "/Users/fumbi/Sol-1/venv/lib/python3.9/site-packages/django/contrib/admin/views/main.py", line 279, in get_results
    result_count = paginator.count
  File "/Users/fumbi/Sol-1/venv/lib/python3.9/site-packages/django/utils/functional.py", line 57, in __get__
    res = instance.__dict__[self.name] = self.func(instance)
  File "/Users/fumbi/Sol-1/venv/lib/python3.9/site-packages/django/core/paginator.py", line 93, in count
    return c()
  File "/Users/fumbi/Sol-1/venv/lib/python3.9/site-packages/django/db/models/query.py", line 608, in count
    return self.query.get_count(using=self.db)
  File "/Users/fumbi/Sol-1/venv/lib/python3.9/site-packages/django/db/models/sql/query.py", line 568, in get_count
    return obj.get_aggregation(using, {"__count": Count("*")})["__count"]
  File "/Users/fumbi/Sol-1/venv/lib/python3.9/site-packages/django/db/models/sql/query.py", line 554, in get_aggregation
    result = compiler.execute_sql(SINGLE)
  File "/Users/fumbi/Sol-1/venv/lib/python3.9/site-packages/django/db/models/sql/compiler.py", line 1562, in execute_sql
    cursor.execute(sql, params)
  File "/Users/fumbi/Sol-1/venv/lib/python3.9/site-packages/django/db/backends/utils.py", line 102, in execute
    return super().execute(sql, params)
  File "/Users/fumbi/Sol-1/venv/lib/python3.9/site-packages/django/db/backends/utils.py", line 67, in execute
    return self._execute_with_wrappers(
  File "/Users/fumbi/Sol-1/venv/lib/python3.9/site-packages/django/db/backends/utils.py", line 80, in _execute_with_wrappers
    return executor(sql, params, many, context)
  File "/Users/fumbi/Sol-1/venv/lib/python3.9/site-packages/django/db/backends/utils.py", line 89, in _execute
    return self.cursor.execute(sql, params)
  File "/Users/fumbi/Sol-1/venv/lib/python3.9/site-packages/django/db/utils.py", line 91, in __exit__
    raise dj_exc_value.with_traceback(traceback) from exc_value
  File "/Users/fumbi/Sol-1/venv/lib/python3.9/site-packages/django/db/backends/utils.py", line 89, in _execute
    return self.cursor.execute(sql, params)
  File "/Users/fumbi/Sol-1/venv/lib/python3.9/site-packages/django/db/backends/sqlite3/base.py", line 328, in execute
    return super().execute(query, params)
django.db.utils.OperationalError: no such table: myapp_person
25-02-01 17-18-51 ERROR "GET /admin/myapp/person/ HTTP/1.1" 500 172593
25-02-01 17-19-01 INFO /Users/fumbi/Sol-1/myapp/models.py changed, reloading.
25-02-01 17-19-02 INFO Watching for file changes with StatReloader
25-02-01 17-19-09 INFO /Users/fumbi/Sol-1/myapp/models.py changed, reloading.
25-02-01 17-19-09 INFO Watching for file changes with StatReloader
25-02-01 17-19-56 INFO Watching for file changes with StatReloader
25-02-01 17-19-58 INFO "GET / HTTP/1.1" 200 1641
25-02-01 17-20-00 INFO "GET /admin/ HTTP/1.1" 200 6197
25-02-01 17-20-02 ERROR Internal Server Error: /admin/myapp/person/
Traceback (most recent call last):
  File "/Users/fumbi/Sol-1/venv/lib/python3.9/site-packages/django/db/backends/utils.py", line 89, in _execute
    return self.cursor.execute(sql, params)
  File "/Users/fumbi/Sol-1/venv/lib/python3.9/site-packages/django/db/backends/sqlite3/base.py", line 328, in execute
    return super().execute(query, params)
sqlite3.OperationalError: no such table: myapp_person

The above exception was the direct cause of the following exception:

Traceback (most recent call last):
  File "/Users/fumbi/Sol-1/venv/lib/python3.9/site-packages/django/core/handlers/exception.py", line 55, in inner
    response = get_response(request)
  File "/Users/fumbi/Sol-1/venv/lib/python3.9/site-packages/django/core/handlers/base.py", line 197, in _get_response
    response = wrapped_callback(request, *callback_args, **callback_kwargs)
  File "/Users/fumbi/Sol-1/venv/lib/python3.9/site-packages/django/contrib/admin/options.py", line 688, in wrapper
    return self.admin_site.admin_view(view)(*args, **kwargs)
  File "/Users/fumbi/Sol-1/venv/lib/python3.9/site-packages/django/utils/decorators.py", line 134, in _wrapper_view
    response = view_func(request, *args, **kwargs)
  File "/Users/fumbi/Sol-1/venv/lib/python3.9/site-packages/django/views/decorators/cache.py", line 62, in _wrapper_view_func
    response = view_func(request, *args, **kwargs)
  File "/Users/fumbi/Sol-1/venv/lib/python3.9/site-packages/django/contrib/admin/sites.py", line 242, in inner
    return view(request, *args, **kwargs)
  File "/Users/fumbi/Sol-1/venv/lib/python3.9/site-packages/django/utils/decorators.py", line 46, in _wrapper
    return bound_method(*args, **kwargs)
  File "/Users/fumbi/Sol-1/venv/lib/python3.9/site-packages/django/utils/decorators.py", line 134, in _wrapper_view
    response = view_func(request, *args, **kwargs)
  File "/Users/fumbi/Sol-1/venv/lib/python3.9/site-packages/django/contrib/admin/options.py", line 1926, in changelist_view
    cl = self.get_changelist_instance(request)
  File "/Users/fumbi/Sol-1/venv/lib/python3.9/site-packages/django/contrib/admin/options.py", line 836, in get_changelist_instance
    return ChangeList(
  File "/Users/fumbi/Sol-1/venv/lib/python3.9/site-packages/django/contrib/admin/views/main.py", line 123, in __init__
    self.get_results(request)
  File "/Users/fumbi/Sol-1/venv/lib/python3.9/site-packages/django/contrib/admin/views/main.py", line 279, in get_results
    result_count = paginator.count
  File "/Users/fumbi/Sol-1/venv/lib/python3.9/site-packages/django/utils/functional.py", line 57, in __get__
    res = instance.__dict__[self.name] = self.func(instance)
  File "/Users/fumbi/Sol-1/venv/lib/python3.9/site-packages/django/core/paginator.py", line 93, in count
    return c()
  File "/Users/fumbi/Sol-1/venv/lib/python3.9/site-packages/django/db/models/query.py", line 608, in count
    return self.query.get_count(using=self.db)
  File "/Users/fumbi/Sol-1/venv/lib/python3.9/site-packages/django/db/models/sql/query.py", line 568, in get_count
    return obj.get_aggregation(using, {"__count": Count("*")})["__count"]
  File "/Users/fumbi/Sol-1/venv/lib/python3.9/site-packages/django/db/models/sql/query.py", line 554, in get_aggregation
    result = compiler.execute_sql(SINGLE)
  File "/Users/fumbi/Sol-1/venv/lib/python3.9/site-packages/django/db/models/sql/compiler.py", line 1562, in execute_sql
    cursor.execute(sql, params)
  File "/Users/fumbi/Sol-1/venv/lib/python3.9/site-packages/django/db/backends/utils.py", line 102, in execute
    return super().execute(sql, params)
  File "/Users/fumbi/Sol-1/venv/lib/python3.9/site-packages/django/db/backends/utils.py", line 67, in execute
    return self._execute_with_wrappers(
  File "/Users/fumbi/Sol-1/venv/lib/python3.9/site-packages/django/db/backends/utils.py", line 80, in _execute_with_wrappers
    return executor(sql, params, many, context)
  File "/Users/fumbi/Sol-1/venv/lib/python3.9/site-packages/django/db/backends/utils.py", line 89, in _execute
    return self.cursor.execute(sql, params)
  File "/Users/fumbi/Sol-1/venv/lib/python3.9/site-packages/django/db/utils.py", line 91, in __exit__
    raise dj_exc_value.with_traceback(traceback) from exc_value
  File "/Users/fumbi/Sol-1/venv/lib/python3.9/site-packages/django/db/backends/utils.py", line 89, in _execute
    return self.cursor.execute(sql, params)
  File "/Users/fumbi/Sol-1/venv/lib/python3.9/site-packages/django/db/backends/sqlite3/base.py", line 328, in execute
    return super().execute(query, params)
django.db.utils.OperationalError: no such table: myapp_person
25-02-01 17-20-02 ERROR "GET /admin/myapp/person/ HTTP/1.1" 500 172593
25-02-01 17-21-00 INFO Watching for file changes with StatReloader
25-02-01 17-21-03 INFO "GET /admin/myapp/person/ HTTP/1.1" 200 7435
25-02-01 17-21-03 INFO "GET /admin/jsi18n/ HTTP/1.1" 200 3343
25-02-01 17-21-08 INFO "GET /charts/ HTTP/1.1" 200 3497
25-02-01 17-21-10 INFO "GET /upload/ HTTP/1.1" 200 2098
25-02-01 17-21-18 INFO "POST /upload/ HTTP/1.1" 302 0
25-02-01 17-21-18 INFO "GET / HTTP/1.1" 200 1641
25-02-01 17-21-40 INFO "GET /data/ HTTP/1.1" 200 13322
25-02-01 17-21-41 INFO "GET /charts/ HTTP/1.1" 200 3773
25-02-01 17-21-43 INFO "GET /upload/ HTTP/1.1" 200 2098
25-02-01 17-21-44 INFO "GET /data/ HTTP/1.1" 200 13322
25-02-01 17-21-59 INFO "GET /admin/myapp/person/ HTTP/1.1" 200 28872
25-02-01 17-21-59 INFO "GET /admin/jsi18n/ HTTP/1.1" 200 3343
25-02-01 17-24-51 INFO "GET /data/ HTTP/1.1" 200 13322
25-02-01 17-32-26 INFO "GET /data/ HTTP/1.1" 200 13353
25-02-01 17-33-34 INFO "GET /data/ HTTP/1.1" 200 15265
25-02-01 17-33-52 INFO /Users/fumbi/Sol-1/myapp/views.py changed, reloading.
25-02-01 17-33-52 INFO Watching for file changes with StatReloader
25-02-01 17-33-53 INFO "GET /data/ HTTP/1.1" 200 15265
25-02-01 17-33-54 INFO "GET /data/ HTTP/1.1" 200 15265
25-02-01 17-34-00 INFO /Users/fumbi/Sol-1/myapp/views.py changed, reloading.
25-02-01 17-34-00 INFO Watching for file changes with StatReloader
25-02-01 17-34-01 INFO "GET /data/ HTTP/1.1" 200 15265
25-02-01 17-34-12 INFO "GET /data/ HTTP/1.1" 200 15265
25-02-01 17-34-13 INFO "GET /charts/ HTTP/1.1" 200 3773
25-02-01 17-37-18 INFO "GET /data/ HTTP/1.1" 200 15265
25-02-01 17-37-19 INFO "GET /charts/ HTTP/1.1" 200 4165
25-02-01 17-37-28 INFO "GET /charts/ HTTP/1.1" 200 3773
25-02-01 17-37-35 INFO "GET /charts/ HTTP/1.1" 200 3773
25-02-01 17-37-36 INFO "GET /charts/ HTTP/1.1" 200 4165
25-02-01 17-38-06 INFO "GET /charts/ HTTP/1.1" 200 3739
25-02-01 17-39-44 INFO "GET /charts/ HTTP/1.1" 200 3813
25-02-01 17-39-46 INFO "GET /charts/ HTTP/1.1" 200 3813
25-02-01 17-43-12 INFO "GET /charts/ HTTP/1.1" 200 3856
25-02-01 17-43-14 INFO "GET /charts/ HTTP/1.1" 200 3856
25-02-01 17-43-25 INFO "GET /charts/ HTTP/1.1" 200 3856
25-02-01 17-43-26 INFO "GET /charts/ HTTP/1.1" 200 3856
25-02-01 17-43-27 INFO "GET /charts/ HTTP/1.1" 200 3856
25-02-01 17-43-27 INFO "GET /charts/ HTTP/1.1" 200 3856
25-02-01 17-43-48 INFO "GET /charts/ HTTP/1.1" 200 3855
25-02-01 17-43-49 INFO "GET /charts/ HTTP/1.1" 200 3855
25-02-01 17-43-50 INFO "GET /charts/ HTTP/1.1" 200 3855
25-02-01 17-43-51 INFO "GET /charts/ HTTP/1.1" 200 3855
25-02-01 17-43-52 INFO "GET /charts/ HTTP/1.1" 200 3855
25-02-01 17-44-14 INFO "GET /charts/ HTTP/1.1" 200 3853
25-02-01 17-46-13 INFO "GET /charts/ HTTP/1.1" 200 3914
25-02-01 17-46-13 INFO "GET /static/css/style.css HTTP/1.1" 200 119
25-02-01 17-46-28 INFO "GET / HTTP/1.1" 200 1702
25-02-01 17-46-29 INFO "GET /charts/ HTTP/1.1" 200 3914
25-02-01 17-46-29 INFO "GET /static/css/style.css HTTP/1.1" 304 0
25-02-01 17-47-39 INFO "GET /charts/ HTTP/1.1" 200 3945
25-02-01 17-47-39 INFO "GET /static/css/style.css HTTP/1.1" 304 0
25-02-01 17-47-40 INFO "GET /charts/ HTTP/1.1" 200 3945
25-02-01 17-47-48 INFO "GET /charts/ HTTP/1.1" 200 3914
25-02-01 17-47-49 INFO "GET /charts/ HTTP/1.1" 200 3914
25-02-01 17-48-29 INFO "GET /charts/ HTTP/1.1" 200 3974
25-02-01 17-48-29 INFO "GET /static/css/style.css HTTP/1.1" 304 0
25-02-01 17-49-04 INFO "GET /charts/ HTTP/1.1" 200 4103
25-02-01 17-49-04 INFO "GET /static/css/style.css HTTP/1.1" 304 0
25-02-01 17-49-10 INFO "GET /charts/ HTTP/1.1" 200 4103
25-02-01 17-49-10 INFO "GET /static/css/style.css HTTP/1.1" 304 0
25-02-01 17-49-26 INFO "GET /charts/ HTTP/1.1" 200 3974
25-02-01 17-49-37 INFO "GET /upload/ HTTP/1.1" 200 2159
25-02-01 17-49-54 INFO "GET /data/ HTTP/1.1" 200 15326
25-02-01 17-49-54 INFO "GET /static/css/style.css HTTP/1.1" 304 0
25-02-01 17-50-01 INFO "GET /upload/ HTTP/1.1" 200 2159
25-02-01 17-50-04 INFO "GET /upload/ HTTP/1.1" 200 2159
25-02-01 19-37-11 INFO "GET /charts/ HTTP/1.1" 200 3974
25-02-01 19-37-11 INFO "GET /static/css/style.css HTTP/1.1" 304 0
25-02-01 19-37-26 INFO "GET /charts/ HTTP/1.1" 200 3974
25-02-01 19-37-27 INFO "GET /charts/ HTTP/1.1" 200 3974
25-02-01 19-38-12 INFO "GET /charts/ HTTP/1.1" 200 3974
25-02-01 19-38-13 INFO "GET /charts/ HTTP/1.1" 200 3974
25-02-01 19-38-36 INFO "GET /charts/ HTTP/1.1" 200 4093
25-02-01 19-38-42 INFO "GET /charts/ HTTP/1.1" 200 3974
25-02-01 19-38-56 INFO "GET /charts/ HTTP/1.1" 200 3974
25-02-01 19-40-16 INFO "GET /charts/ HTTP/1.1" 200 3971
25-02-01 19-40-17 INFO "GET /charts/ HTTP/1.1" 200 3971
25-02-01 19-41-51 INFO "GET /charts/ HTTP/1.1" 200 3972
25-02-01 19-41-52 INFO "GET /charts/ HTTP/1.1" 200 3972
25-02-01 19-41-59 INFO "GET /charts/ HTTP/1.1" 200 3971
25-02-01 19-42-00 INFO "GET /charts/ HTTP/1.1" 200 3971
25-02-01 19-42-01 INFO "GET /charts/ HTTP/1.1" 200 3971
25-02-01 19-42-06 INFO "GET /charts/ HTTP/1.1" 200 3972
25-02-01 19-42-07 INFO "GET /charts/ HTTP/1.1" 200 3972
25-02-01 19-46-01 INFO "GET /charts/ HTTP/1.1" 200 3996
25-02-01 19-46-01 INFO "GET /static/css/bootstrap.min.css HTTP/1.1" 304 0
25-02-01 19-46-01 INFO "GET /static/js/bootstrap.bundle.min.js HTTP/1.1" 304 0
25-02-01 19-46-01 WARNING Not Found: /Users/fumbi/Sol-1/myapp/static/css/style.css
25-02-01 19-46-01 WARNING "GET /Users/fumbi/Sol-1/myapp/static/css/style.css HTTP/1.1" 404 2875
25-02-01 19-46-02 INFO "GET /charts/ HTTP/1.1" 200 3996
25-02-01 19-46-02 WARNING Not Found: /Users/fumbi/Sol-1/myapp/static/css/style.css
25-02-01 19-46-02 WARNING "GET /Users/fumbi/Sol-1/myapp/static/css/style.css HTTP/1.1" 404 2875
25-02-01 19-49-26 INFO Watching for file changes with StatReloader
25-02-01 19-53-41 INFO /Users/fumbi/Sol-1/myproject/settings.py changed, reloading.
25-02-01 19-53-42 INFO Watching for file changes with StatReloader
25-02-01 19-55-35 INFO "GET /charts/ HTTP/1.1" 200 3971
25-02-01 19-55-35 INFO "GET /static/css/style.css HTTP/1.1" 200 101
25-02-01 19-55-38 INFO "GET /data/ HTTP/1.1" 200 15323
25-02-01 19-55-41 INFO "GET /charts/ HTTP/1.1" 200 3971
25-02-01 19-55-56 INFO "GET /charts/ HTTP/1.1" 200 3916
25-02-01 19-56-11 INFO "GET /charts/ HTTP/1.1" 200 3971
25-02-01 19-56-30 INFO "GET /charts/ HTTP/1.1" 200 3971
25-02-01 19-56-32 INFO "GET /admin/ HTTP/1.1" 200 6197
25-02-01 19-56-34 INFO "GET /admin/myapp/person/ HTTP/1.1" 200 28872
25-02-01 19-56-34 INFO "GET /admin/jsi18n/ HTTP/1.1" 200 3343
25-02-01 22-07-26 INFO /Users/fumbi/Sol-1/myapp/views.py changed, reloading.
25-02-01 22-07-27 INFO Watching for file changes with StatReloader
25-02-01 22-18-14 INFO /Users/fumbi/Sol-1/myapp/views.py changed, reloading.
25-02-01 22-18-15 INFO Watching for file changes with StatReloader
25-02-01 22-18-25 INFO /Users/fumbi/Sol-1/myapp/views.py changed, reloading.
25-02-01 22-18-25 INFO Watching for file changes with StatReloader
25-02-01 22-18-27 INFO /Users/fumbi/Sol-1/myapp/views.py changed, reloading.
25-02-01 22-18-28 INFO Watching for file changes with StatReloader
25-02-01 22-18-33 INFO /Users/fumbi/Sol-1/myapp/views.py changed, reloading.
25-02-01 22-18-34 INFO Watching for file changes with StatReloader
25-02-01 22-18-53 INFO /Users/fumbi/Sol-1/myapp/views.py changed, reloading.
25-02-01 22-18-53 INFO Watching for file changes with StatReloader
25-02-01 22-19-42 INFO /Users/fumbi/Sol-1/myapp/views.py changed, reloading.
25-02-01 22-19-43 INFO Watching for file changes with StatReloader
25-02-01 22-20-01 INFO /Users/fumbi/Sol-1/myapp/views.py changed, reloading.
25-02-01 22-20-02 INFO Watching for file changes with StatReloader
25-02-01 22-20-03 INFO /Users/fumbi/Sol-1/myapp/views.py changed, reloading.
25-02-01 22-20-04 INFO Watching for file changes with StatReloader
25-02-01 22-20-19 INFO /Users/fumbi/Sol-1/myapp/views.py changed, reloading.
25-02-01 22-20-20 INFO Watching for file changes with StatReloader
25-02-01 22-20-22 INFO /Users/fumbi/Sol-1/myapp/views.py changed, reloading.
25-02-01 22-20-22 INFO Watching for file changes with StatReloader
25-02-01 22-20-28 INFO /Users/fumbi/Sol-1/myapp/views.py changed, reloading.
25-02-01 22-20-28 INFO Watching for file changes with StatReloader
25-02-01 22-20-29 INFO /Users/fumbi/Sol-1/myapp/views.py changed, reloading.
25-02-01 22-20-30 INFO Watching for file changes with StatReloader
25-02-01 22-20-32 INFO /Users/fumbi/Sol-1/myapp/views.py changed, reloading.
25-02-01 22-20-33 INFO Watching for file changes with StatReloader
25-02-01 22-20-50 INFO /Users/fumbi/Sol-1/myapp/views.py changed, reloading.
25-02-01 22-20-50 INFO Watching for file changes with StatReloader
25-02-01 22-20-54 INFO /Users/fumbi/Sol-1/myapp/views.py changed, reloading.
25-02-01 22-20-54 INFO Watching for file changes with StatReloader
25-02-01 22-21-22 INFO /Users/fumbi/Sol-1/myapp/views.py changed, reloading.
25-02-01 22-21-23 INFO Watching for file changes with StatReloader
25-02-01 22-30-54 INFO /Users/fumbi/Sol-1/myapp/views.py changed, reloading.
25-02-01 22-30-55 INFO Watching for file changes with StatReloader
25-02-01 22-33-56 INFO /Users/fumbi/Sol-1/myapp/views.py changed, reloading.
25-02-01 22-33-57 INFO Watching for file changes with StatReloader
25-02-01 22-36-15 INFO /Users/fumbi/Sol-1/myapp/views.py changed, reloading.
25-02-01 22-36-16 INFO Watching for file changes with StatReloader
25-02-01 22-36-18 INFO /Users/fumbi/Sol-1/myapp/views.py changed, reloading.
25-02-01 22-36-18 INFO Watching for file changes with StatReloader
25-02-01 22-36-20 INFO /Users/fumbi/Sol-1/myapp/views.py changed, reloading.
25-02-01 22-36-21 INFO Watching for file changes with StatReloader
25-02-01 22-36-23 INFO /Users/fumbi/Sol-1/myapp/views.py changed, reloading.
25-02-01 22-36-24 INFO Watching for file changes with StatReloader
25-02-01 22-36-32 INFO /Users/fumbi/Sol-1/myapp/views.py changed, reloading.
25-02-01 22-36-32 INFO Watching for file changes with StatReloader
25-02-01 22-36-35 INFO /Users/fumbi/Sol-1/myapp/views.py changed, reloading.
25-02-01 22-36-36 INFO Watching for file changes with StatReloader
25-02-01 22-36-40 INFO /Users/fumbi/Sol-1/myapp/views.py changed, reloading.
25-02-01 22-36-40 INFO Watching for file changes with StatReloader
25-02-01 22-36-43 INFO /Users/fumbi/Sol-1/myapp/views.py changed, reloading.
25-02-01 22-36-44 INFO Watching for file changes with StatReloader
25-02-01 22-36-47 INFO /Users/fumbi/Sol-1/myapp/views.py changed, reloading.
25-02-01 22-36-47 INFO Watching for file changes with StatReloader
25-02-01 22-36-50 INFO /Users/fumbi/Sol-1/myapp/views.py changed, reloading.
25-02-01 22-36-50 INFO Watching for file changes with StatReloader
25-02-01 22-36-54 INFO /Users/fumbi/Sol-1/myapp/views.py changed, reloading.
25-02-01 22-36-55 INFO Watching for file changes with StatReloader
25-02-01 22-39-33 INFO /Users/fumbi/Sol-1/myapp/views.py changed, reloading.
25-02-01 22-39-34 INFO Watching for file changes with StatReloader
25-02-01 22-39-36 INFO /Users/fumbi/Sol-1/myapp/views.py changed, reloading.
25-02-01 22-39-37 INFO Watching for file changes with StatReloader
25-02-01 22-39-39 INFO /Users/fumbi/Sol-1/myapp/views.py changed, reloading.
25-02-01 22-39-40 INFO Watching for file changes with StatReloader
25-02-01 22-39-42 INFO /Users/fumbi/Sol-1/myapp/views.py changed, reloading.
25-02-01 22-39-42 INFO Watching for file changes with StatReloader
25-02-01 22-39-43 INFO /Users/fumbi/Sol-1/myapp/views.py changed, reloading.
25-02-01 22-39-44 INFO Watching for file changes with StatReloader
25-02-01 22-39-45 INFO /Users/fumbi/Sol-1/myapp/views.py changed, reloading.
25-02-01 22-39-45 INFO Watching for file changes with StatReloader
25-02-01 22-39-49 INFO /Users/fumbi/Sol-1/myapp/views.py changed, reloading.
25-02-01 22-39-49 INFO Watching for file changes with StatReloader
25-02-01 22-39-53 INFO /Users/fumbi/Sol-1/myapp/views.py changed, reloading.
25-02-01 22-39-54 INFO Watching for file changes with StatReloader
25-02-01 22-39-56 INFO /Users/fumbi/Sol-1/myapp/views.py changed, reloading.
25-02-01 22-39-56 INFO Watching for file changes with StatReloader
25-02-01 22-39-58 INFO /Users/fumbi/Sol-1/myapp/views.py changed, reloading.
25-02-01 22-39-59 INFO Watching for file changes with StatReloader
25-02-01 22-40-03 INFO /Users/fumbi/Sol-1/myapp/views.py changed, reloading.
25-02-01 22-40-03 INFO Watching for file changes with StatReloader
25-02-01 22-40-04 INFO /Users/fumbi/Sol-1/myapp/views.py changed, reloading.
25-02-01 22-40-05 INFO Watching for file changes with StatReloader
25-02-01 22-40-10 INFO /Users/fumbi/Sol-1/myapp/views.py changed, reloading.
25-02-01 22-40-11 INFO Watching for file changes with StatReloader
25-02-01 22-42-10 INFO /Users/fumbi/Sol-1/myapp/views.py changed, reloading.
25-02-01 22-42-11 INFO Watching for file changes with StatReloader
25-02-01 22-42-15 INFO /Users/fumbi/Sol-1/myapp/views.py changed, reloading.
25-02-01 22-42-15 INFO Watching for file changes with StatReloader
25-02-01 22-42-20 INFO /Users/fumbi/Sol-1/myapp/views.py changed, reloading.
25-02-01 22-42-20 INFO Watching for file changes with StatReloader
25-02-01 22-42-22 INFO /Users/fumbi/Sol-1/myapp/views.py changed, reloading.
25-02-01 22-42-23 INFO Watching for file changes with StatReloader
25-02-01 22-42-26 INFO /Users/fumbi/Sol-1/myapp/views.py changed, reloading.
25-02-01 22-42-26 INFO Watching for file changes with StatReloader
25-02-01 22-42-29 INFO /Users/fumbi/Sol-1/myapp/views.py changed, reloading.
25-02-01 22-42-30 INFO Watching for file changes with StatReloader
25-02-01 22-42-31 INFO /Users/fumbi/Sol-1/myapp/views.py changed, reloading.
25-02-01 22-42-31 INFO Watching for file changes with StatReloader
25-02-01 22-42-34 INFO /Users/fumbi/Sol-1/myapp/views.py changed, reloading.
25-02-01 22-42-34 INFO Watching for file changes with StatReloader
25-02-01 22-42-37 INFO /Users/fumbi/Sol-1/myapp/views.py changed, reloading.
25-02-01 22-42-37 INFO Watching for file changes with StatReloader
25-02-01 22-42-43 INFO /Users/fumbi/Sol-1/myapp/views.py changed, reloading.
25-02-01 22-42-44 INFO Watching for file changes with StatReloader
25-02-01 22-50-06 INFO /Users/fumbi/Sol-1/myapp/views.py changed, reloading.
25-02-01 22-50-07 INFO Watching for file changes with StatReloader
25-02-01 22-51-22 INFO /Users/fumbi/Sol-1/myapp/views.py changed, reloading.
25-02-01 22-51-22 INFO Watching for file changes with StatReloader
25-02-01 22-51-32 INFO /Users/fumbi/Sol-1/myapp/views.py changed, reloading.
25-02-01 22-51-32 INFO Watching for file changes with StatReloader
25-02-01 22-51-37 INFO /Users/fumbi/Sol-1/myapp/views.py changed, reloading.
25-02-01 22-51-37 INFO Watching for file changes with StatReloader
25-02-01 22-51-39 INFO /Users/fumbi/Sol-1/myapp/views.py changed, reloading.
25-02-01 22-51-40 INFO Watching for file changes with StatReloader
25-02-01 22-51-42 INFO /Users/fumbi/Sol-1/myapp/views.py changed, reloading.
25-02-01 22-51-42 INFO Watching for file changes with StatReloader
25-02-01 22-52-07 INFO Watching for file changes with StatReloader
25-02-01 22-52-17 INFO /Users/fumbi/Sol-1/myapp/views.py changed, reloading.
25-02-01 22-52-17 INFO Watching for file changes with StatReloader
25-02-01 22-53-02 INFO /Users/fumbi/Sol-1/myapp/utils/csv_utils.py changed, reloading.
25-02-01 22-53-03 INFO Watching for file changes with StatReloader
25-02-01 22-53-12 INFO /Users/fumbi/Sol-1/myapp/utils/csv_utils.py changed, reloading.
25-02-01 22-53-13 INFO Watching for file changes with StatReloader
25-02-01 22-53-24 INFO /Users/fumbi/Sol-1/myapp/utils/csv_utils.py changed, reloading.
25-02-01 22-53-25 INFO Watching for file changes with StatReloader
25-02-01 22-53-54 INFO Watching for file changes with StatReloader
25-02-01 22-53-56 INFO "GET / HTTP/1.1" 200 1699
25-02-01 22-53-57 INFO "GET /static/css/style.css HTTP/1.1" 304 0
25-02-01 22-53-58 INFO "GET / HTTP/1.1" 200 1699
25-02-01 22-53-59 INFO "GET /data/ HTTP/1.1" 200 1888
25-02-01 22-54-00 ERROR Internal Server Error: /charts/
Traceback (most recent call last):
  File "/Users/fumbi/Sol-1/venv/lib/python3.9/site-packages/django/core/handlers/exception.py", line 55, in inner
    response = get_response(request)
  File "/Users/fumbi/Sol-1/venv/lib/python3.9/site-packages/django/core/handlers/base.py", line 197, in _get_response
    response = wrapped_callback(request, *callback_args, **callback_kwargs)
  File "/Users/fumbi/Sol-1/myapp/views.py", line 38, in charts
    gender_labels = csv_utils.chart_data[gender_labels]
UnboundLocalError: local variable 'gender_labels' referenced before assignment
25-02-01 22-54-00 ERROR "GET /charts/ HTTP/1.1" 500 62481
25-02-01 22-54-05 INFO "GET /upload/ HTTP/1.1" 200 2156
25-02-01 22-54-06 ERROR Internal Server Error: /charts/
Traceback (most recent call last):
  File "/Users/fumbi/Sol-1/venv/lib/python3.9/site-packages/django/core/handlers/exception.py", line 55, in inner
    response = get_response(request)
  File "/Users/fumbi/Sol-1/venv/lib/python3.9/site-packages/django/core/handlers/base.py", line 197, in _get_response
    response = wrapped_callback(request, *callback_args, **callback_kwargs)
  File "/Users/fumbi/Sol-1/myapp/views.py", line 38, in charts
    gender_labels = csv_utils.chart_data[gender_labels]
UnboundLocalError: local variable 'gender_labels' referenced before assignment
25-02-01 22-54-06 ERROR "GET /charts/ HTTP/1.1" 500 62334
25-02-01 22-54-37 INFO /Users/fumbi/Sol-1/myapp/views.py changed, reloading.
25-02-01 22-54-38 INFO Watching for file changes with StatReloader
25-02-01 22-54-39 INFO /Users/fumbi/Sol-1/myapp/views.py changed, reloading.
25-02-01 22-54-40 INFO Watching for file changes with StatReloader
25-02-01 22-54-42 INFO /Users/fumbi/Sol-1/myapp/views.py changed, reloading.
25-02-01 22-54-42 INFO Watching for file changes with StatReloader
25-02-01 22-54-44 INFO /Users/fumbi/Sol-1/myapp/views.py changed, reloading.
25-02-01 22-54-44 INFO Watching for file changes with StatReloader
25-02-01 22-54-45 INFO /Users/fumbi/Sol-1/myapp/views.py changed, reloading.
25-02-01 22-54-46 INFO Watching for file changes with StatReloader
25-02-01 22-54-48 INFO /Users/fumbi/Sol-1/myapp/views.py changed, reloading.
25-02-01 22-54-48 INFO Watching for file changes with StatReloader
25-02-01 22-54-50 ERROR Internal Server Error: /charts/
Traceback (most recent call last):
  File "/Users/fumbi/Sol-1/venv/lib/python3.9/site-packages/django/core/handlers/exception.py", line 55, in inner
    response = get_response(request)
  File "/Users/fumbi/Sol-1/venv/lib/python3.9/site-packages/django/core/handlers/base.py", line 197, in _get_response
    response = wrapped_callback(request, *callback_args, **callback_kwargs)
  File "/Users/fumbi/Sol-1/myapp/views.py", line 38, in charts
    gender_labels = csv_utils.chart_data['gender_labels']
TypeError: 'function' object is not subscriptable
25-02-01 22-54-50 ERROR "GET /charts/ HTTP/1.1" 500 62262
25-02-01 22-54-52 ERROR Internal Server Error: /charts/
Traceback (most recent call last):
  File "/Users/fumbi/Sol-1/venv/lib/python3.9/site-packages/django/core/handlers/exception.py", line 55, in inner
    response = get_response(request)
  File "/Users/fumbi/Sol-1/venv/lib/python3.9/site-packages/django/core/handlers/base.py", line 197, in _get_response
    response = wrapped_callback(request, *callback_args, **callback_kwargs)
  File "/Users/fumbi/Sol-1/myapp/views.py", line 38, in charts
    gender_labels = csv_utils.chart_data['gender_labels']
TypeError: 'function' object is not subscriptable
25-02-01 22-54-52 ERROR "GET /charts/ HTTP/1.1" 500 62262
25-02-01 22-57-01 INFO /Users/fumbi/Sol-1/myapp/views.py changed, reloading.
25-02-01 22-57-02 INFO Watching for file changes with StatReloader
25-02-01 22-57-03 INFO /Users/fumbi/Sol-1/myapp/views.py changed, reloading.
25-02-01 22-57-03 INFO Watching for file changes with StatReloader
25-02-01 22-57-06 INFO /Users/fumbi/Sol-1/myapp/views.py changed, reloading.
25-02-01 22-57-06 INFO Watching for file changes with StatReloader
25-02-01 22-57-32 ERROR Internal Server Error: /charts/
Traceback (most recent call last):
  File "/Users/fumbi/Sol-1/venv/lib/python3.9/site-packages/django/core/handlers/exception.py", line 55, in inner
    response = get_response(request)
  File "/Users/fumbi/Sol-1/venv/lib/python3.9/site-packages/django/core/handlers/base.py", line 197, in _get_response
    response = wrapped_callback(request, *callback_args, **callback_kwargs)
  File "/Users/fumbi/Sol-1/myapp/views.py", line 39, in charts
    gender_labels = csv_utils.chart_data['gender_labels']
TypeError: 'function' object is not subscriptable
25-02-01 22-57-32 ERROR "GET /charts/ HTTP/1.1" 500 62528
25-02-01 22-57-36 INFO "GET / HTTP/1.1" 200 1699
25-02-01 22-57-39 ERROR Internal Server Error: /charts/
Traceback (most recent call last):
  File "/Users/fumbi/Sol-1/venv/lib/python3.9/site-packages/django/core/handlers/exception.py", line 55, in inner
    response = get_response(request)
  File "/Users/fumbi/Sol-1/venv/lib/python3.9/site-packages/django/core/handlers/base.py", line 197, in _get_response
    response = wrapped_callback(request, *callback_args, **callback_kwargs)
  File "/Users/fumbi/Sol-1/myapp/views.py", line 39, in charts
    gender_labels = csv_utils.chart_data['gender_labels']
TypeError: 'function' object is not subscriptable
25-02-01 22-57-39 ERROR "GET /charts/ HTTP/1.1" 500 62521
25-02-01 22-57-53 INFO /Users/fumbi/Sol-1/myapp/views.py changed, reloading.
25-02-01 22-57-54 INFO Watching for file changes with StatReloader
25-02-01 22-57-58 INFO /Users/fumbi/Sol-1/myapp/views.py changed, reloading.
25-02-01 22-57-58 INFO Watching for file changes with StatReloader
25-02-01 22-58-06 INFO /Users/fumbi/Sol-1/myapp/views.py changed, reloading.
25-02-01 22-58-06 INFO Watching for file changes with StatReloader
25-02-01 22-58-09 INFO /Users/fumbi/Sol-1/myapp/views.py changed, reloading.
25-02-01 22-58-10 INFO Watching for file changes with StatReloader
25-02-01 22-58-12 INFO /Users/fumbi/Sol-1/myapp/views.py changed, reloading.
25-02-01 22-58-12 INFO Watching for file changes with StatReloader
25-02-01 22-58-14 INFO "GET /charts/ HTTP/1.1" 200 3695
25-02-01 22-58-16 INFO "GET /data/ HTTP/1.1" 200 1888
25-02-01 22-58-17 INFO "GET /charts/ HTTP/1.1" 200 3695
25-02-01 22-58-18 INFO "GET /upload/ HTTP/1.1" 200 2156
25-02-01 22-58-19 INFO "GET /data/ HTTP/1.1" 200 1888
25-02-01 22-58-20 INFO "GET /upload/ HTTP/1.1" 200 2156
25-02-01 22-58-37 INFO "GET /admin/ HTTP/1.1" 302 0
25-02-01 22-58-37 INFO "GET /admin/login/?next=/admin/ HTTP/1.1" 200 4181
25-02-01 22-58-37 INFO "GET /static/admin/js/theme.js HTTP/1.1" 304 0
25-02-01 22-58-37 INFO "GET /static/admin/css/dark_mode.css HTTP/1.1" 304 0
25-02-01 22-59-07 INFO Watching for file changes with StatReloader
25-02-01 22-59-09 INFO "GET /admin/login/?next=/admin/ HTTP/1.1" 200 4181
25-02-01 22-59-15 INFO "POST /admin/login/?next=/admin/ HTTP/1.1" 302 0
25-02-01 22-59-15 INFO "GET /admin/ HTTP/1.1" 200 6197
25-02-01 22-59-18 INFO "GET /admin/myapp/person/ HTTP/1.1" 200 7435
25-02-01 22-59-18 INFO "GET /static/admin/css/changelists.css HTTP/1.1" 304 0
25-02-01 22-59-18 INFO "GET /static/admin/img/tooltag-add.svg HTTP/1.1" 304 0
25-02-01 22-59-18 INFO "GET /static/admin/js/vendor/jquery/jquery.js HTTP/1.1" 304 0
25-02-01 22-59-18 INFO "GET /admin/jsi18n/ HTTP/1.1" 200 3343
25-02-01 22-59-25 INFO "GET / HTTP/1.1" 200 1699
25-02-01 22-59-26 INFO "GET /upload/ HTTP/1.1" 200 2156
25-02-01 22-59-39 INFO Total rows, 99, Uploaded 95 rows, 4 rows failed
25-02-01 22-59-39 INFO "POST /upload/ HTTP/1.1" 302 0
25-02-01 22-59-39 INFO "GET / HTTP/1.1" 200 1699
25-02-01 22-59-41 INFO "GET /data/ HTTP/1.1" 200 15323
25-02-01 22-59-44 INFO "GET /charts/ HTTP/1.1" 200 3971
25-02-01 23-01-44 INFO /Users/fumbi/Sol-1/myapp/views.py changed, reloading.
25-02-01 23-01-45 INFO Watching for file changes with StatReloader
25-02-01 23-01-48 INFO /Users/fumbi/Sol-1/myapp/views.py changed, reloading.
25-02-01 23-01-48 INFO Watching for file changes with StatReloader
25-02-01 23-02-19 INFO /Users/fumbi/Sol-1/myapp/views.py changed, reloading.
25-02-01 23-02-19 INFO Watching for file changes with StatReloader
25-02-01 23-07-54 INFO /Users/fumbi/Sol-1/myapp/views.py changed, reloading.
25-02-01 23-07-55 INFO Watching for file changes with StatReloader
25-02-01 23-07-56 INFO /Users/fumbi/Sol-1/myapp/views.py changed, reloading.
25-02-01 23-07-56 INFO Watching for file changes with StatReloader
25-02-01 23-08-19 INFO /Users/fumbi/Sol-1/myapp/views.py changed, reloading.
25-02-01 23-08-19 INFO Watching for file changes with StatReloader
25-02-01 23-08-21 INFO /Users/fumbi/Sol-1/myapp/views.py changed, reloading.
25-02-01 23-08-21 INFO Watching for file changes with StatReloader
25-02-01 23-08-25 INFO /Users/fumbi/Sol-1/myapp/views.py changed, reloading.
25-02-01 23-08-26 INFO Watching for file changes with StatReloader
25-02-01 23-08-40 INFO /Users/fumbi/Sol-1/myapp/views.py changed, reloading.
25-02-01 23-08-41 INFO Watching for file changes with StatReloader
25-02-01 23-08-47 INFO /Users/fumbi/Sol-1/myapp/views.py changed, reloading.
25-02-01 23-08-47 INFO Watching for file changes with StatReloader
25-02-01 23-09-03 INFO /Users/fumbi/Sol-1/myapp/views.py changed, reloading.
25-02-01 23-09-03 INFO Watching for file changes with StatReloader
25-02-01 23-09-13 INFO /Users/fumbi/Sol-1/myapp/views.py changed, reloading.
25-02-01 23-09-13 INFO Watching for file changes with StatReloader
25-02-01 23-09-15 INFO /Users/fumbi/Sol-1/myapp/views.py changed, reloading.
25-02-01 23-09-16 INFO Watching for file changes with StatReloader
25-02-01 23-09-21 INFO /Users/fumbi/Sol-1/myapp/views.py changed, reloading.
25-02-01 23-09-21 INFO Watching for file changes with StatReloader
25-02-01 23-09-23 INFO /Users/fumbi/Sol-1/myapp/views.py changed, reloading.
25-02-01 23-09-23 INFO Watching for file changes with StatReloader
25-02-01 23-10-18 INFO /Users/fumbi/Sol-1/myapp/utils/csv_utils.py changed, reloading.
25-02-01 23-10-19 INFO Watching for file changes with StatReloader
25-02-01 23-10-20 INFO /Users/fumbi/Sol-1/myapp/utils/csv_utils.py changed, reloading.
25-02-01 23-10-20 INFO Watching for file changes with StatReloader
25-02-01 23-10-38 INFO /Users/fumbi/Sol-1/myapp/utils/csv_utils.py changed, reloading.
25-02-01 23-10-38 INFO Watching for file changes with StatReloader
25-02-01 23-10-45 INFO /Users/fumbi/Sol-1/myapp/utils/csv_utils.py changed, reloading.
25-02-01 23-10-45 INFO Watching for file changes with StatReloader
25-02-01 23-10-47 INFO /Users/fumbi/Sol-1/myapp/utils/csv_utils.py changed, reloading.
25-02-01 23-10-48 INFO Watching for file changes with StatReloader
25-02-01 23-10-52 INFO /Users/fumbi/Sol-1/myapp/utils/csv_utils.py changed, reloading.
25-02-01 23-10-53 INFO Watching for file changes with StatReloader
25-02-01 23-11-29 INFO /Users/fumbi/Sol-1/myapp/views.py changed, reloading.
25-02-01 23-11-30 INFO Watching for file changes with StatReloader
25-02-01 23-11-34 INFO /Users/fumbi/Sol-1/myapp/views.py changed, reloading.
25-02-01 23-11-35 INFO Watching for file changes with StatReloader
25-02-01 23-11-37 INFO /Users/fumbi/Sol-1/myapp/views.py changed, reloading.
25-02-01 23-11-37 INFO Watching for file changes with StatReloader
25-02-01 23-11-46 INFO /Users/fumbi/Sol-1/myapp/views.py changed, reloading.
25-02-01 23-11-46 INFO Watching for file changes with StatReloader
25-02-01 23-11-52 INFO /Users/fumbi/Sol-1/myapp/views.py changed, reloading.
25-02-01 23-11-53 INFO Watching for file changes with StatReloader
25-02-01 23-12-01 INFO /Users/fumbi/Sol-1/myapp/views.py changed, reloading.
25-02-01 23-12-02 INFO Watching for file changes with StatReloader
25-02-01 23-13-24 INFO /Users/fumbi/Sol-1/myapp/utils/csv_utils.py changed, reloading.
25-02-01 23-13-25 INFO Watching for file changes with StatReloader
25-02-01 23-13-27 INFO /Users/fumbi/Sol-1/myapp/utils/csv_utils.py changed, reloading.
25-02-01 23-13-27 INFO Watching for file changes with StatReloader
25-02-01 23-14-31 INFO /Users/fumbi/Sol-1/myapp/views.py changed, reloading.
25-02-01 23-14-31 INFO Watching for file changes with StatReloader
25-02-01 23-14-36 INFO /Users/fumbi/Sol-1/myapp/views.py changed, reloading.
25-02-01 23-14-36 INFO Watching for file changes with StatReloader
25-02-01 23-14-39 INFO /Users/fumbi/Sol-1/myapp/views.py changed, reloading.
25-02-01 23-14-39 INFO Watching for file changes with StatReloader
25-02-01 23-14-42 INFO /Users/fumbi/Sol-1/myapp/views.py changed, reloading.
25-02-01 23-14-43 INFO Watching for file changes with StatReloader
25-02-01 23-14-45 INFO /Users/fumbi/Sol-1/myapp/views.py changed, reloading.
25-02-01 23-14-45 INFO Watching for file changes with StatReloader
25-02-01 23-14-47 INFO /Users/fumbi/Sol-1/myapp/views.py changed, reloading.
25-02-01 23-14-48 INFO Watching for file changes with StatReloader
25-02-01 23-14-50 INFO /Users/fumbi/Sol-1/myapp/views.py changed, reloading.
25-02-01 23-14-51 INFO Watching for file changes with StatReloader
25-02-01 23-14-52 INFO /Users/fumbi/Sol-1/myapp/views.py changed, reloading.
25-02-01 23-14-52 INFO Watching for file changes with StatReloader
25-02-01 23-15-28 INFO /Users/fumbi/Sol-1/myapp/views.py changed, reloading.
25-02-01 23-15-29 INFO Watching for file changes with StatReloader
25-02-01 23-15-32 INFO /Users/fumbi/Sol-1/myapp/views.py changed, reloading.
25-02-01 23-15-32 INFO Watching for file changes with StatReloader
25-02-01 23-15-40 INFO /Users/fumbi/Sol-1/myapp/views.py changed, reloading.
25-02-01 23-15-40 INFO Watching for file changes with StatReloader
25-02-01 23-15-46 INFO /Users/fumbi/Sol-1/myapp/views.py changed, reloading.
25-02-01 23-15-47 INFO Watching for file changes with StatReloader
25-02-01 23-15-54 INFO /Users/fumbi/Sol-1/myapp/views.py changed, reloading.
25-02-01 23-15-55 INFO Watching for file changes with StatReloader
25-02-01 23-16-01 INFO /Users/fumbi/Sol-1/myapp/views.py changed, reloading.
25-02-01 23-16-01 INFO Watching for file changes with StatReloader
25-02-01 23-16-08 INFO /Users/fumbi/Sol-1/myapp/views.py changed, reloading.
25-02-01 23-16-08 INFO Watching for file changes with StatReloader
25-02-01 23-16-11 INFO /Users/fumbi/Sol-1/myapp/views.py changed, reloading.
25-02-01 23-16-11 INFO Watching for file changes with StatReloader
25-02-01 23-16-33 INFO /Users/fumbi/Sol-1/myapp/utils/csv_utils.py changed, reloading.
25-02-01 23-16-34 INFO Watching for file changes with StatReloader
25-02-01 23-16-45 INFO /Users/fumbi/Sol-1/myapp/utils/csv_utils.py changed, reloading.
25-02-01 23-16-46 INFO Watching for file changes with StatReloader
25-02-01 23-16-51 INFO /Users/fumbi/Sol-1/myapp/utils/csv_utils.py changed, reloading.
25-02-01 23-16-52 INFO Watching for file changes with StatReloader
25-02-01 23-16-56 INFO /Users/fumbi/Sol-1/myapp/utils/csv_utils.py changed, reloading.
25-02-01 23-16-57 INFO Watching for file changes with StatReloader
25-02-01 23-17-00 INFO /Users/fumbi/Sol-1/myapp/utils/csv_utils.py changed, reloading.
25-02-01 23-17-00 INFO Watching for file changes with StatReloader
25-02-01 23-17-02 INFO /Users/fumbi/Sol-1/myapp/utils/csv_utils.py changed, reloading.
25-02-01 23-17-03 INFO Watching for file changes with StatReloader
25-02-01 23-17-06 INFO /Users/fumbi/Sol-1/myapp/utils/csv_utils.py changed, reloading.
25-02-01 23-17-07 INFO Watching for file changes with StatReloader
25-02-01 23-17-10 INFO /Users/fumbi/Sol-1/myapp/utils/csv_utils.py changed, reloading.
25-02-01 23-17-10 INFO Watching for file changes with StatReloader
25-02-01 23-17-12 INFO /Users/fumbi/Sol-1/myapp/utils/csv_utils.py changed, reloading.
25-02-01 23-17-12 INFO Watching for file changes with StatReloader
25-02-01 23-17-16 INFO /Users/fumbi/Sol-1/myapp/utils/csv_utils.py changed, reloading.
25-02-01 23-17-17 INFO Watching for file changes with StatReloader
25-02-01 23-17-28 INFO /Users/fumbi/Sol-1/myapp/utils/csv_utils.py changed, reloading.
25-02-01 23-17-29 INFO Watching for file changes with StatReloader
25-02-01 23-17-41 INFO /Users/fumbi/Sol-1/myapp/utils/csv_utils.py changed, reloading.
25-02-01 23-17-42 INFO Watching for file changes with StatReloader
25-02-01 23-17-50 INFO /Users/fumbi/Sol-1/myapp/utils/csv_utils.py changed, reloading.
25-02-01 23-17-50 INFO Watching for file changes with StatReloader
25-02-01 23-17-55 INFO /Users/fumbi/Sol-1/myapp/utils/csv_utils.py changed, reloading.
25-02-01 23-17-56 INFO Watching for file changes with StatReloader
25-02-01 23-18-00 INFO /Users/fumbi/Sol-1/myapp/utils/csv_utils.py changed, reloading.
25-02-01 23-18-01 INFO Watching for file changes with StatReloader
25-02-01 23-18-19 INFO /Users/fumbi/Sol-1/myapp/utils/csv_utils.py changed, reloading.
25-02-01 23-18-20 INFO Watching for file changes with StatReloader
25-02-01 23-18-49 INFO Watching for file changes with StatReloader
25-02-01 23-21-10 INFO /Users/fumbi/Sol-1/myapp/utils/csv_utils.py changed, reloading.
25-02-01 23-21-10 INFO Watching for file changes with StatReloader
25-02-01 23-21-23 INFO /Users/fumbi/Sol-1/myapp/utils/csv_utils.py changed, reloading.
25-02-01 23-21-23 INFO Watching for file changes with StatReloader
25-02-01 23-21-29 INFO /Users/fumbi/Sol-1/myapp/utils/csv_utils.py changed, reloading.
25-02-01 23-21-29 INFO Watching for file changes with StatReloader
25-02-01 23-21-32 INFO /Users/fumbi/Sol-1/myapp/utils/csv_utils.py changed, reloading.
25-02-01 23-21-32 INFO Watching for file changes with StatReloader
25-02-01 23-21-39 INFO /Users/fumbi/Sol-1/myapp/utils/csv_utils.py changed, reloading.
25-02-01 23-21-40 INFO Watching for file changes with StatReloader
25-02-01 23-21-57 INFO /Users/fumbi/Sol-1/myapp/utils/csv_utils.py changed, reloading.
25-02-01 23-21-58 INFO Watching for file changes with StatReloader
25-02-01 23-22-01 INFO /Users/fumbi/Sol-1/myapp/utils/csv_utils.py changed, reloading.
25-02-01 23-22-02 INFO Watching for file changes with StatReloader
25-02-01 23-55-21 INFO /Users/fumbi/Sol-1/myapp/utils/csv_utils.py changed, reloading.
25-02-01 23-55-22 INFO Watching for file changes with StatReloader
25-02-01 23-55-27 INFO /Users/fumbi/Sol-1/myapp/utils/csv_utils.py changed, reloading.
25-02-01 23-55-27 INFO Watching for file changes with StatReloader
25-02-01 23-55-31 INFO /Users/fumbi/Sol-1/myapp/utils/csv_utils.py changed, reloading.
25-02-01 23-55-32 INFO Watching for file changes with StatReloader
25-02-01 23-55-52 INFO /Users/fumbi/Sol-1/myapp/utils/csv_utils.py changed, reloading.
25-02-01 23-55-53 INFO Watching for file changes with StatReloader
25-02-01 23-56-01 INFO /Users/fumbi/Sol-1/myapp/utils/csv_utils.py changed, reloading.
25-02-01 23-56-02 INFO Watching for file changes with StatReloader
25-02-01 23-56-06 INFO /Users/fumbi/Sol-1/myapp/utils/csv_utils.py changed, reloading.
25-02-01 23-56-06 INFO Watching for file changes with StatReloader
25-02-01 23-56-12 INFO /Users/fumbi/Sol-1/myapp/utils/csv_utils.py changed, reloading.
25-02-01 23-56-13 INFO Watching for file changes with StatReloader
25-02-01 23-56-54 INFO /Users/fumbi/Sol-1/myapp/utils/csv_utils.py changed, reloading.
25-02-01 23-56-54 INFO Watching for file changes with StatReloader
25-02-01 23-56-56 INFO /Users/fumbi/Sol-1/myapp/utils/csv_utils.py changed, reloading.
25-02-01 23-56-56 INFO Watching for file changes with StatReloader
25-02-01 23-56-58 INFO /Users/fumbi/Sol-1/myapp/utils/csv_utils.py changed, reloading.
25-02-01 23-56-59 INFO Watching for file changes with StatReloader
25-02-01 23-57-03 INFO /Users/fumbi/Sol-1/myapp/utils/csv_utils.py changed, reloading.
25-02-01 23-57-03 INFO Watching for file changes with StatReloader
25-02-01 23-57-06 INFO /Users/fumbi/Sol-1/myapp/utils/csv_utils.py changed, reloading.
25-02-01 23-57-06 INFO Watching for file changes with StatReloader
25-02-01 23-57-34 INFO /Users/fumbi/Sol-1/myapp/utils/csv_utils.py changed, reloading.
25-02-01 23-57-35 INFO Watching for file changes with StatReloader
25-02-01 23-57-37 INFO /Users/fumbi/Sol-1/myapp/utils/csv_utils.py changed, reloading.
25-02-01 23-57-38 INFO Watching for file changes with StatReloader
25-02-01 23-57-39 INFO /Users/fumbi/Sol-1/myapp/utils/csv_utils.py changed, reloading.
25-02-01 23-57-40 INFO Watching for file changes with StatReloader
25-02-01 23-57-45 INFO /Users/fumbi/Sol-1/myapp/utils/csv_utils.py changed, reloading.
25-02-01 23-57-45 INFO Watching for file changes with StatReloader
25-02-01 23-59-03 INFO /Users/fumbi/Sol-1/myapp/utils/csv_utils.py changed, reloading.
25-02-01 23-59-04 INFO Watching for file changes with StatReloader
25-02-01 23-59-54 INFO /Users/fumbi/Sol-1/myapp/utils/csv_utils.py changed, reloading.
25-02-01 23-59-55 INFO Watching for file changes with StatReloader
25-02-01 23-59-59 INFO /Users/fumbi/Sol-1/myapp/utils/csv_utils.py changed, reloading.
25-02-02 00-00-01 INFO Watching for file changes with StatReloader
25-02-02 00-00-07 INFO /Users/fumbi/Sol-1/myapp/utils/csv_utils.py changed, reloading.
25-02-02 00-00-08 INFO Watching for file changes with StatReloader
25-02-02 00-00-12 INFO /Users/fumbi/Sol-1/myapp/utils/csv_utils.py changed, reloading.
25-02-02 00-00-13 INFO Watching for file changes with StatReloader
25-02-02 00-00-15 INFO /Users/fumbi/Sol-1/myapp/utils/csv_utils.py changed, reloading.
25-02-02 00-00-15 INFO Watching for file changes with StatReloader
25-02-02 00-00-22 INFO /Users/fumbi/Sol-1/myapp/utils/csv_utils.py changed, reloading.
25-02-02 00-00-22 INFO Watching for file changes with StatReloader
25-02-02 00-01-08 INFO /Users/fumbi/Sol-1/myapp/utils/csv_utils.py changed, reloading.
25-02-02 00-01-09 INFO Watching for file changes with StatReloader
25-02-02 00-01-10 INFO /Users/fumbi/Sol-1/myapp/utils/csv_utils.py changed, reloading.
25-02-02 00-01-11 INFO Watching for file changes with StatReloader
25-02-02 00-01-29 INFO /Users/fumbi/Sol-1/myapp/utils/csv_utils.py changed, reloading.
25-02-02 00-01-30 INFO Watching for file changes with StatReloader
25-02-02 00-01-32 INFO /Users/fumbi/Sol-1/myapp/utils/csv_utils.py changed, reloading.
25-02-02 00-01-32 INFO Watching for file changes with StatReloader
25-02-02 00-02-04 INFO /Users/fumbi/Sol-1/myapp/utils/csv_utils.py changed, reloading.
25-02-02 00-02-05 INFO Watching for file changes with StatReloader
25-02-02 00-02-07 INFO /Users/fumbi/Sol-1/myapp/utils/csv_utils.py changed, reloading.
25-02-02 00-02-07 INFO Watching for file changes with StatReloader
25-02-02 00-02-11 INFO /Users/fumbi/Sol-1/myapp/utils/csv_utils.py changed, reloading.
25-02-02 00-02-11 INFO Watching for file changes with StatReloader
25-02-02 00-02-13 INFO /Users/fumbi/Sol-1/myapp/utils/csv_utils.py changed, reloading.
25-02-02 00-02-14 INFO Watching for file changes with StatReloader
25-02-02 00-02-16 INFO /Users/fumbi/Sol-1/myapp/utils/csv_utils.py changed, reloading.
25-02-02 00-02-16 INFO Watching for file changes with StatReloader
25-02-02 00-02-18 INFO /Users/fumbi/Sol-1/myapp/utils/csv_utils.py changed, reloading.
25-02-02 00-02-19 INFO Watching for file changes with StatReloader
25-02-02 00-02-20 INFO /Users/fumbi/Sol-1/myapp/utils/csv_utils.py changed, reloading.
25-02-02 00-02-20 INFO Watching for file changes with StatReloader
25-02-02 00-02-25 INFO /Users/fumbi/Sol-1/myapp/utils/csv_utils.py changed, reloading.
25-02-02 00-02-26 INFO Watching for file changes with StatReloader
25-02-02 00-02-29 INFO /Users/fumbi/Sol-1/myapp/utils/csv_utils.py changed, reloading.
25-02-02 00-02-29 INFO Watching for file changes with StatReloader
25-02-02 00-02-35 INFO /Users/fumbi/Sol-1/myapp/utils/csv_utils.py changed, reloading.
25-02-02 00-02-35 INFO Watching for file changes with StatReloader
25-02-02 00-02-40 INFO /Users/fumbi/Sol-1/myapp/utils/csv_utils.py changed, reloading.
25-02-02 00-02-41 INFO Watching for file changes with StatReloader
25-02-02 00-02-48 INFO /Users/fumbi/Sol-1/myapp/utils/csv_utils.py changed, reloading.
25-02-02 00-02-49 INFO Watching for file changes with StatReloader
25-02-02 00-02-56 INFO /Users/fumbi/Sol-1/myapp/utils/csv_utils.py changed, reloading.
25-02-02 00-02-57 INFO Watching for file changes with StatReloader
25-02-02 00-03-02 INFO /Users/fumbi/Sol-1/myapp/utils/csv_utils.py changed, reloading.
25-02-02 00-03-02 INFO Watching for file changes with StatReloader
25-02-02 00-03-42 INFO /Users/fumbi/Sol-1/myapp/utils/csv_utils.py changed, reloading.
25-02-02 00-03-43 INFO Watching for file changes with StatReloader
25-02-02 00-03-45 INFO /Users/fumbi/Sol-1/myapp/utils/csv_utils.py changed, reloading.
25-02-02 00-03-46 INFO Watching for file changes with StatReloader
25-02-02 00-04-04 INFO /Users/fumbi/Sol-1/myapp/utils/csv_utils.py changed, reloading.
25-02-02 00-04-05 INFO Watching for file changes with StatReloader
25-02-02 00-04-06 INFO /Users/fumbi/Sol-1/myapp/utils/csv_utils.py changed, reloading.
25-02-02 00-04-07 INFO Watching for file changes with StatReloader
25-02-02 00-04-08 INFO /Users/fumbi/Sol-1/myapp/utils/csv_utils.py changed, reloading.
25-02-02 00-04-08 INFO Watching for file changes with StatReloader
25-02-02 00-04-12 INFO /Users/fumbi/Sol-1/myapp/utils/csv_utils.py changed, reloading.
25-02-02 00-04-13 INFO Watching for file changes with StatReloader
25-02-02 00-04-17 INFO /Users/fumbi/Sol-1/myapp/utils/csv_utils.py changed, reloading.
25-02-02 00-04-17 INFO Watching for file changes with StatReloader
25-02-02 00-04-19 INFO /Users/fumbi/Sol-1/myapp/utils/csv_utils.py changed, reloading.
25-02-02 00-04-19 INFO Watching for file changes with StatReloader
25-02-02 00-04-21 INFO /Users/fumbi/Sol-1/myapp/utils/csv_utils.py changed, reloading.
25-02-02 00-04-22 INFO Watching for file changes with StatReloader
25-02-02 00-04-27 INFO /Users/fumbi/Sol-1/myapp/utils/csv_utils.py changed, reloading.
25-02-02 00-04-28 INFO Watching for file changes with StatReloader
25-02-02 00-04-29 INFO /Users/fumbi/Sol-1/myapp/utils/csv_utils.py changed, reloading.
25-02-02 00-04-29 INFO Watching for file changes with StatReloader
25-02-02 00-19-57 INFO /Users/fumbi/Sol-1/myapp/utils/csv_utils.py changed, reloading.
25-02-02 00-19-58 INFO Watching for file changes with StatReloader
25-02-02 00-20-04 INFO /Users/fumbi/Sol-1/myapp/utils/csv_utils.py changed, reloading.
25-02-02 00-20-04 INFO Watching for file changes with StatReloader
25-02-02 00-20-08 INFO /Users/fumbi/Sol-1/myapp/utils/csv_utils.py changed, reloading.
25-02-02 00-20-09 INFO Watching for file changes with StatReloader
25-02-02 00-20-10 INFO /Users/fumbi/Sol-1/myapp/utils/csv_utils.py changed, reloading.
25-02-02 00-20-10 INFO Watching for file changes with StatReloader
25-02-02 00-20-12 INFO /Users/fumbi/Sol-1/myapp/utils/csv_utils.py changed, reloading.
25-02-02 00-20-13 INFO Watching for file changes with StatReloader
25-02-02 00-20-15 INFO /Users/fumbi/Sol-1/myapp/utils/csv_utils.py changed, reloading.
25-02-02 00-20-15 INFO Watching for file changes with StatReloader
25-02-02 00-20-16 INFO /Users/fumbi/Sol-1/myapp/utils/csv_utils.py changed, reloading.
25-02-02 00-20-17 INFO Watching for file changes with StatReloader
25-02-02 00-20-37 INFO /Users/fumbi/Sol-1/myapp/utils/csv_utils.py changed, reloading.
25-02-02 00-20-38 INFO Watching for file changes with StatReloader
25-02-02 00-20-43 INFO /Users/fumbi/Sol-1/myapp/utils/csv_utils.py changed, reloading.
25-02-02 00-20-43 INFO Watching for file changes with StatReloader
25-02-02 00-20-46 INFO /Users/fumbi/Sol-1/myapp/utils/csv_utils.py changed, reloading.
25-02-02 00-20-47 INFO Watching for file changes with StatReloader
25-02-02 00-20-48 INFO /Users/fumbi/Sol-1/myapp/utils/csv_utils.py changed, reloading.
25-02-02 00-20-49 INFO Watching for file changes with StatReloader
25-02-02 00-20-53 INFO /Users/fumbi/Sol-1/myapp/utils/csv_utils.py changed, reloading.
25-02-02 00-20-53 INFO Watching for file changes with StatReloader
25-02-02 00-20-57 INFO /Users/fumbi/Sol-1/myapp/utils/csv_utils.py changed, reloading.
25-02-02 00-20-58 INFO Watching for file changes with StatReloader
25-02-02 00-21-05 INFO /Users/fumbi/Sol-1/myapp/utils/csv_utils.py changed, reloading.
25-02-02 00-21-06 INFO Watching for file changes with StatReloader
25-02-02 00-21-07 INFO /Users/fumbi/Sol-1/myapp/utils/csv_utils.py changed, reloading.
25-02-02 00-21-07 INFO Watching for file changes with StatReloader
25-02-02 00-21-08 INFO /Users/fumbi/Sol-1/myapp/utils/csv_utils.py changed, reloading.
25-02-02 00-21-09 INFO Watching for file changes with StatReloader
25-02-02 00-21-12 INFO /Users/fumbi/Sol-1/myapp/utils/csv_utils.py changed, reloading.
25-02-02 00-21-12 INFO Watching for file changes with StatReloader
25-02-02 00-21-19 INFO /Users/fumbi/Sol-1/myapp/utils/csv_utils.py changed, reloading.
25-02-02 00-21-19 INFO Watching for file changes with StatReloader
25-02-02 00-21-20 INFO /Users/fumbi/Sol-1/myapp/utils/csv_utils.py changed, reloading.
25-02-02 00-21-21 INFO Watching for file changes with StatReloader
25-02-02 00-21-29 INFO /Users/fumbi/Sol-1/myapp/utils/csv_utils.py changed, reloading.
25-02-02 00-21-29 INFO Watching for file changes with StatReloader
25-02-02 00-21-36 INFO /Users/fumbi/Sol-1/myapp/utils/csv_utils.py changed, reloading.
25-02-02 00-21-37 INFO Watching for file changes with StatReloader
25-02-02 00-21-39 INFO /Users/fumbi/Sol-1/myapp/utils/csv_utils.py changed, reloading.
25-02-02 00-21-40 INFO Watching for file changes with StatReloader
25-02-02 00-21-48 INFO /Users/fumbi/Sol-1/myapp/utils/csv_utils.py changed, reloading.
25-02-02 00-21-49 INFO Watching for file changes with StatReloader
25-02-02 00-21-52 INFO /Users/fumbi/Sol-1/myapp/utils/csv_utils.py changed, reloading.
25-02-02 00-21-52 INFO Watching for file changes with StatReloader
25-02-02 00-23-31 INFO /Users/fumbi/Sol-1/myapp/utils/csv_utils.py changed, reloading.
25-02-02 00-23-32 INFO Watching for file changes with StatReloader
25-02-02 00-23-34 INFO /Users/fumbi/Sol-1/myapp/utils/csv_utils.py changed, reloading.
25-02-02 00-23-35 INFO Watching for file changes with StatReloader
25-02-02 00-23-37 INFO /Users/fumbi/Sol-1/myapp/utils/csv_utils.py changed, reloading.
25-02-02 00-23-37 INFO Watching for file changes with StatReloader
25-02-02 00-23-41 INFO /Users/fumbi/Sol-1/myapp/utils/csv_utils.py changed, reloading.
25-02-02 00-23-42 INFO Watching for file changes with StatReloader
25-02-02 00-24-16 INFO "GET / HTTP/1.1" 200 1699
25-02-02 00-24-16 INFO "GET /static/css/style.css HTTP/1.1" 304 0
25-02-02 00-24-19 INFO "GET /upload/ HTTP/1.1" 200 2156
25-02-02 00-24-21 INFO "GET /data/ HTTP/1.1" 200 15323
25-02-02 00-24-26 INFO "GET /charts/ HTTP/1.1" 200 3971
25-02-02 12-43-40 INFO "GET /charts/ HTTP/1.1" 200 3971
25-02-02 12-43-40 INFO "GET /static/css/style.css HTTP/1.1" 304 0
25-02-02 12-43-40 INFO "GET /static/js/bootstrap.bundle.min.js HTTP/1.1" 304 0
25-02-02 12-43-40 INFO "GET /static/css/bootstrap.min.css HTTP/1.1" 304 0
25-02-02 12-43-42 INFO "GET / HTTP/1.1" 200 1699
25-02-02 12-43-43 INFO "GET /upload/ HTTP/1.1" 200 2156
25-02-02 12-43-44 INFO "GET /data/ HTTP/1.1" 200 15323
25-02-02 12-43-52 INFO "GET /upload/ HTTP/1.1" 200 2156
25-02-02 12-44-39 INFO "GET /upload/ HTTP/1.1" 200 2188
25-02-02 12-46-17 INFO "GET /upload/ HTTP/1.1" 200 2202
25-02-02 12-46-35 INFO "GET /upload/ HTTP/1.1" 200 2212
25-02-02 12-47-08 INFO "GET /upload/ HTTP/1.1" 200 2254
25-02-02 12-47-09 INFO "GET /upload/ HTTP/1.1" 200 2254
25-02-02 12-47-21 INFO "GET /upload/ HTTP/1.1" 200 2248
25-02-02 12-47-23 INFO "GET /upload/ HTTP/1.1" 200 2248
25-02-02 12-47-34 INFO "GET /upload/ HTTP/1.1" 200 2234
25-02-02 12-47-53 INFO "GET /upload/ HTTP/1.1" 200 2278
25-02-02 12-48-04 INFO "GET /upload/ HTTP/1.1" 200 2277
25-02-02 12-48-15 INFO "GET /upload/ HTTP/1.1" 200 2277
25-02-02 12-48-39 INFO "GET /data/ HTTP/1.1" 200 15323
25-02-02 12-48-41 INFO "GET /upload/ HTTP/1.1" 200 2277
25-02-02 12-48-41 INFO "GET /charts/ HTTP/1.1" 200 3965
25-02-02 12-48-42 INFO "GET /data/ HTTP/1.1" 200 15323
25-02-02 12-48-43 INFO "GET /charts/ HTTP/1.1" 200 3965
25-02-02 12-48-48 INFO "GET /data/ HTTP/1.1" 200 15323
25-02-02 12-48-49 INFO "GET /charts/ HTTP/1.1" 200 3965
25-02-02 12-48-50 INFO "GET /charts/ HTTP/1.1" 200 3965
25-02-02 12-52-40 INFO "GET /charts/ HTTP/1.1" 200 4233
25-02-02 12-53-11 INFO "GET /charts/ HTTP/1.1" 200 4427
25-02-02 12-53-18 INFO "GET /charts/ HTTP/1.1" 200 4421
25-02-02 12-53-22 INFO "GET /charts/ HTTP/1.1" 200 4427
25-02-02 12-55-20 INFO "GET /charts/ HTTP/1.1" 200 4438
25-02-02 12-55-36 INFO "GET /charts/ HTTP/1.1" 200 4449
25-02-02 12-55-38 INFO "GET /charts/ HTTP/1.1" 200 4449
25-02-02 12-56-09 INFO "GET /charts/ HTTP/1.1" 200 4459
25-02-02 12-56-17 INFO "GET /charts/ HTTP/1.1" 200 4427
25-02-02 12-56-25 INFO "GET /charts/ HTTP/1.1" 200 4407
25-02-02 12-58-28 INFO "GET /charts/ HTTP/1.1" 200 4463
25-02-02 12-58-28 WARNING Not Found: /apple-touch-icon-precomposed.png
25-02-02 12-58-28 WARNING "GET /apple-touch-icon-precomposed.png HTTP/1.1" 404 2839
25-02-02 12-58-28 WARNING Not Found: /apple-touch-icon.png
25-02-02 12-58-28 WARNING "GET /apple-touch-icon.png HTTP/1.1" 404 2803
25-02-02 12-58-43 INFO "GET /charts/ HTTP/1.1" 200 4469
25-02-02 12-59-12 INFO "GET /charts/ HTTP/1.1" 200 4476
25-02-02 12-59-13 INFO "GET /charts/ HTTP/1.1" 200 4476
25-02-02 12-59-36 INFO "GET /charts/ HTTP/1.1" 200 4475
25-02-02 12-59-37 INFO "GET /charts/ HTTP/1.1" 200 4475
25-02-02 12-59-58 INFO "GET /charts/ HTTP/1.1" 200 4438
25-02-02 13-05-40 INFO "GET /charts/ HTTP/1.1" 200 4501
25-02-02 13-05-53 INFO "GET /charts/ HTTP/1.1" 200 4499
25-02-02 13-05-58 INFO "GET /charts/ HTTP/1.1" 200 4499
25-02-02 13-28-33 INFO /Users/fumbi/Sol-1/myapp/views.py changed, reloading.
25-02-02 13-28-35 INFO Watching for file changes with StatReloader
25-02-02 13-31-21 INFO /Users/fumbi/Sol-1/myapp/views.py changed, reloading.
25-02-02 13-31-22 INFO Watching for file changes with StatReloader
25-02-02 13-31-23 INFO /Users/fumbi/Sol-1/myapp/views.py changed, reloading.
25-02-02 13-31-23 INFO Watching for file changes with StatReloader
25-02-02 13-31-29 INFO /Users/fumbi/Sol-1/myapp/views.py changed, reloading.
25-02-02 13-31-29 INFO Watching for file changes with StatReloader
25-02-02 13-54-44 INFO /Users/fumbi/Sol-1/myapp/views.py changed, reloading.
25-02-02 13-54-45 INFO Watching for file changes with StatReloader
25-02-02 13-54-46 INFO /Users/fumbi/Sol-1/myapp/views.py changed, reloading.
25-02-02 13-54-46 INFO Watching for file changes with StatReloader
25-02-02 13-54-52 INFO /Users/fumbi/Sol-1/myapp/views.py changed, reloading.
25-02-02 13-54-53 INFO Watching for file changes with StatReloader
25-02-02 13-54-55 INFO /Users/fumbi/Sol-1/myapp/views.py changed, reloading.
25-02-02 13-54-56 INFO Watching for file changes with StatReloader
25-02-02 13-54-58 INFO /Users/fumbi/Sol-1/myapp/views.py changed, reloading.
25-02-02 13-54-58 INFO Watching for file changes with StatReloader
25-02-02 13-55-01 INFO /Users/fumbi/Sol-1/myapp/views.py changed, reloading.
25-02-02 13-55-01 INFO Watching for file changes with StatReloader
25-02-02 13-55-09 INFO /Users/fumbi/Sol-1/myapp/views.py changed, reloading.
25-02-02 13-55-10 INFO Watching for file changes with StatReloader
25-02-02 13-58-49 INFO "GET /charts/ HTTP/1.1" 200 4499
25-02-02 13-58-51 ERROR Internal Server Error: /data/
Traceback (most recent call last):
  File "/Users/fumbi/Sol-1/venv/lib/python3.9/site-packages/django/core/handlers/exception.py", line 55, in inner
    response = get_response(request)
  File "/Users/fumbi/Sol-1/venv/lib/python3.9/site-packages/django/core/handlers/base.py", line 197, in _get_response
    response = wrapped_callback(request, *callback_args, **callback_kwargs)
  File "/Users/fumbi/Sol-1/myapp/views.py", line 45, in data
    return render(request, "referrals/data.html", context)
  File "/Users/fumbi/Sol-1/venv/lib/python3.9/site-packages/django/shortcuts.py", line 24, in render
    content = loader.render_to_string(template_name, context, request, using=using)
  File "/Users/fumbi/Sol-1/venv/lib/python3.9/site-packages/django/template/loader.py", line 61, in render_to_string
    template = get_template(template_name, using=using)
  File "/Users/fumbi/Sol-1/venv/lib/python3.9/site-packages/django/template/loader.py", line 15, in get_template
    return engine.get_template(template_name)
  File "/Users/fumbi/Sol-1/venv/lib/python3.9/site-packages/django/template/backends/django.py", line 33, in get_template
    return Template(self.engine.get_template(template_name), self)
  File "/Users/fumbi/Sol-1/venv/lib/python3.9/site-packages/django/template/engine.py", line 175, in get_template
    template, origin = self.find_template(template_name)
  File "/Users/fumbi/Sol-1/venv/lib/python3.9/site-packages/django/template/engine.py", line 157, in find_template
    template = loader.get_template(name, skip=skip)
  File "/Users/fumbi/Sol-1/venv/lib/python3.9/site-packages/django/template/loaders/cached.py", line 57, in get_template
    template = super().get_template(template_name, skip)
  File "/Users/fumbi/Sol-1/venv/lib/python3.9/site-packages/django/template/loaders/base.py", line 28, in get_template
    return Template(
  File "/Users/fumbi/Sol-1/venv/lib/python3.9/site-packages/django/template/base.py", line 154, in __init__
    self.nodelist = self.compile_nodelist()
  File "/Users/fumbi/Sol-1/venv/lib/python3.9/site-packages/django/template/base.py", line 200, in compile_nodelist
    return parser.parse()
  File "/Users/fumbi/Sol-1/venv/lib/python3.9/site-packages/django/template/base.py", line 513, in parse
    raise self.error(token, e)
  File "/Users/fumbi/Sol-1/venv/lib/python3.9/site-packages/django/template/base.py", line 511, in parse
    compiled_result = compile_func(self, token)
  File "/Users/fumbi/Sol-1/venv/lib/python3.9/site-packages/django/template/loader_tags.py", line 293, in do_extends
    nodelist = parser.parse()
  File "/Users/fumbi/Sol-1/venv/lib/python3.9/site-packages/django/template/base.py", line 513, in parse
    raise self.error(token, e)
  File "/Users/fumbi/Sol-1/venv/lib/python3.9/site-packages/django/template/base.py", line 511, in parse
    compiled_result = compile_func(self, token)
  File "/Users/fumbi/Sol-1/venv/lib/python3.9/site-packages/django/template/loader_tags.py", line 232, in do_block
    nodelist = parser.parse(("endblock",))
  File "/Users/fumbi/Sol-1/venv/lib/python3.9/site-packages/django/template/base.py", line 513, in parse
    raise self.error(token, e)
  File "/Users/fumbi/Sol-1/venv/lib/python3.9/site-packages/django/template/base.py", line 511, in parse
    compiled_result = compile_func(self, token)
  File "/Users/fumbi/Sol-1/venv/lib/python3.9/site-packages/django/template/defaulttags.py", line 952, in do_if
    condition = TemplateIfParser(parser, bits).parse()
  File "/Users/fumbi/Sol-1/venv/lib/python3.9/site-packages/django/template/smartif.py", line 197, in parse
    raise self.error_class(
django.template.exceptions.TemplateSyntaxError: Unused 'previous' at end of if expression.
25-02-02 13-58-51 ERROR "GET /data/ HTTP/1.1" 500 176440
25-02-02 13-59-05 INFO "GET /data/ HTTP/1.1" 200 15404
25-02-02 14-03-56 INFO /Users/fumbi/Sol-1/myapp/views.py changed, reloading.
25-02-02 14-03-57 INFO Watching for file changes with StatReloader
25-02-02 14-04-18 INFO "GET /data/ HTTP/1.1" 200 15485
25-02-02 14-04-22 INFO "GET /data/ HTTP/1.1" 200 15485
25-02-02 14-04-26 INFO "GET /data/?page=2 HTTP/1.1" 200 15561
25-02-02 14-04-30 INFO "GET /data/?page=3 HTTP/1.1" 200 15561
25-02-02 14-05-29 INFO /Users/fumbi/Sol-1/myapp/views.py changed, reloading.
25-02-02 14-05-30 INFO Watching for file changes with StatReloader
25-02-02 14-05-39 INFO "GET /data/?page=3 HTTP/1.1" 200 4929
25-02-02 14-05-41 INFO "GET /data/?page=1 HTTP/1.1" 200 4906
25-02-02 14-05-46 INFO "GET /data/?page=2 HTTP/1.1" 200 4960
25-02-02 14-05-48 INFO "GET /data/?page=3 HTTP/1.1" 200 4929
25-02-02 14-05-50 INFO "GET /data/?page=4 HTTP/1.1" 200 4940
25-02-02 14-05-51 INFO "GET /data/?page=5 HTTP/1.1" 200 4175
25-02-02 14-05-53 INFO "GET /data/?page=1 HTTP/1.1" 200 4906
25-02-02 15-11-02 INFO /Users/fumbi/Sol-1/myapp/utils/csv_utils.py changed, reloading.
25-02-02 15-11-04 INFO Watching for file changes with StatReloader
25-02-02 15-12-21 INFO /Users/fumbi/Sol-1/myapp/utils/csv_utils.py changed, reloading.
25-02-02 15-12-22 INFO Watching for file changes with StatReloader
25-02-02 15-12-24 INFO /Users/fumbi/Sol-1/myapp/utils/csv_utils.py changed, reloading.
25-02-02 15-12-25 INFO Watching for file changes with StatReloader
25-02-02 15-12-26 INFO /Users/fumbi/Sol-1/myapp/utils/csv_utils.py changed, reloading.
25-02-02 15-12-26 INFO Watching for file changes with StatReloader
25-02-02 16-29-17 INFO Watching for file changes with StatReloader
25-02-02 16-29-21 INFO Cache Miss
25-02-02 16-29-21 INFO "GET /charts/ HTTP/1.1" 200 4499
25-02-02 16-29-21 INFO "GET /static/css/style.css HTTP/1.1" 304 0
25-02-02 16-29-23 INFO "GET /data/ HTTP/1.1" 200 4906
25-02-02 16-29-24 INFO Cache Hit
25-02-02 16-29-24 INFO "GET /charts/ HTTP/1.1" 200 4499
25-02-02 16-29-24 INFO "GET /upload/ HTTP/1.1" 200 1707
25-02-02 16-29-53 INFO "GET /upload/ HTTP/1.1" 200 1755
25-02-02 16-29-59 INFO "GET /upload/ HTTP/1.1" 200 1755
25-02-02 16-30-00 INFO Cache Hit
25-02-02 16-30-00 INFO "GET /charts/ HTTP/1.1" 200 4499
25-02-02 16-30-01 INFO "GET /data/ HTTP/1.1" 200 4906
25-02-02 16-30-01 INFO Cache Hit
25-02-02 16-30-01 INFO "GET /charts/ HTTP/1.1" 200 4499
25-02-02 16-30-03 INFO "GET /data/ HTTP/1.1" 200 4906
25-02-02 16-30-03 INFO Cache Hit
25-02-02 16-30-03 INFO "GET /charts/ HTTP/1.1" 200 4499
25-02-02 16-30-05 INFO "GET /upload/ HTTP/1.1" 200 1755
25-02-02 16-30-06 INFO "GET / HTTP/1.1" 200 1699
25-02-02 16-30-10 INFO "GET /upload/ HTTP/1.1" 200 1755
25-02-02 16-30-11 INFO "GET / HTTP/1.1" 200 1699
25-02-02 16-32-27 INFO /Users/fumbi/Sol-1/myapp/views.py changed, reloading.
25-02-02 16-32-29 INFO Watching for file changes with StatReloader
25-02-02 16-32-37 INFO /Users/fumbi/Sol-1/myapp/views.py changed, reloading.
25-02-02 16-32-39 INFO Watching for file changes with StatReloader
25-02-02 16-32-40 INFO /Users/fumbi/Sol-1/myapp/views.py changed, reloading.
25-02-02 16-32-41 INFO Watching for file changes with StatReloader
25-02-02 16-32-42 INFO /Users/fumbi/Sol-1/myapp/views.py changed, reloading.
25-02-02 16-32-43 INFO Watching for file changes with StatReloader
25-02-02 16-32-44 INFO /Users/fumbi/Sol-1/myapp/views.py changed, reloading.
25-02-02 16-32-45 INFO Watching for file changes with StatReloader
25-02-02 16-32-47 INFO /Users/fumbi/Sol-1/myapp/views.py changed, reloading.
25-02-02 16-32-48 INFO Watching for file changes with StatReloader
25-02-02 16-32-51 INFO "GET / HTTP/1.1" 200 1699
25-02-02 16-32-53 INFO "GET /data/ HTTP/1.1" 200 4906
25-02-02 16-32-54 INFO "GET /upload/ HTTP/1.1" 200 2281
25-02-02 16-33-07 INFO "GET /upload/ HTTP/1.1" 200 1755
25-02-02 16-33-08 INFO "GET /upload/ HTTP/1.1" 200 1755
25-02-02 16-33-09 INFO Cache Hit
25-02-02 16-33-09 INFO "GET /charts/ HTTP/1.1" 200 4499
25-02-02 16-33-23 INFO /Users/fumbi/Sol-1/myapp/views.py changed, reloading.
25-02-02 16-33-24 INFO Watching for file changes with StatReloader
25-02-02 16-33-26 INFO /Users/fumbi/Sol-1/myapp/views.py changed, reloading.
25-02-02 16-33-26 INFO Watching for file changes with StatReloader
25-02-02 16-33-28 INFO /Users/fumbi/Sol-1/myapp/views.py changed, reloading.
25-02-02 16-33-29 INFO Watching for file changes with StatReloader
25-02-02 16-33-42 INFO /Users/fumbi/Sol-1/myapp/views.py changed, reloading.
25-02-02 16-33-43 INFO Watching for file changes with StatReloader
25-02-02 16-33-45 INFO /Users/fumbi/Sol-1/myapp/views.py changed, reloading.
25-02-02 16-33-45 INFO Watching for file changes with StatReloader
25-02-02 16-33-50 INFO /Users/fumbi/Sol-1/myapp/views.py changed, reloading.
25-02-02 16-33-50 INFO Watching for file changes with StatReloader
25-02-02 16-33-51 INFO /Users/fumbi/Sol-1/myapp/views.py changed, reloading.
25-02-02 16-33-52 INFO Watching for file changes with StatReloader
25-02-02 16-33-54 INFO /Users/fumbi/Sol-1/myapp/views.py changed, reloading.
25-02-02 16-33-55 INFO Watching for file changes with StatReloader
25-02-02 16-33-58 INFO /Users/fumbi/Sol-1/myapp/views.py changed, reloading.
Traceback (most recent call last):
  File "/Users/fumbi/Sol-1/venv/lib/python3.9/site-packages/django/template/base.py", line 505, in parse
    compile_func = self.tags[command]
KeyError: 'endblock'

During handling of the above exception, another exception occurred:

Traceback (most recent call last):
  File "/Users/fumbi/Sol-1/venv/lib/python3.9/site-packages/django/core/handlers/exception.py", line 55, in inner
    response = get_response(request)
  File "/Users/fumbi/Sol-1/venv/lib/python3.9/site-packages/django/core/handlers/base.py", line 197, in _get_response
    response = wrapped_callback(request, *callback_args, **callback_kwargs)
  File "/Users/fumbi/Sol-1/myapp/views.py", line 101, in charts
    return render(request, "referrals/charts.html", context)
  File "/Users/fumbi/Sol-1/venv/lib/python3.9/site-packages/django/shortcuts.py", line 24, in render
    content = loader.render_to_string(template_name, context, request, using=using)
  File "/Users/fumbi/Sol-1/venv/lib/python3.9/site-packages/django/template/loader.py", line 61, in render_to_string
    template = get_template(template_name, using=using)
  File "/Users/fumbi/Sol-1/venv/lib/python3.9/site-packages/django/template/loader.py", line 15, in get_template
    return engine.get_template(template_name)
  File "/Users/fumbi/Sol-1/venv/lib/python3.9/site-packages/django/template/backends/django.py", line 33, in get_template
    return Template(self.engine.get_template(template_name), self)
  File "/Users/fumbi/Sol-1/venv/lib/python3.9/site-packages/django/template/engine.py", line 175, in get_template
    template, origin = self.find_template(template_name)
  File "/Users/fumbi/Sol-1/venv/lib/python3.9/site-packages/django/template/engine.py", line 157, in find_template
    template = loader.get_template(name, skip=skip)
  File "/Users/fumbi/Sol-1/venv/lib/python3.9/site-packages/django/template/loaders/cached.py", line 57, in get_template
    template = super().get_template(template_name, skip)
  File "/Users/fumbi/Sol-1/venv/lib/python3.9/site-packages/django/template/loaders/base.py", line 28, in get_template
    return Template(
  File "/Users/fumbi/Sol-1/venv/lib/python3.9/site-packages/django/template/base.py", line 154, in __init__
    self.nodelist = self.compile_nodelist()
  File "/Users/fumbi/Sol-1/venv/lib/python3.9/site-packages/django/template/base.py", line 200, in compile_nodelist
    return parser.parse()
  File "/Users/fumbi/Sol-1/venv/lib/python3.9/site-packages/django/template/base.py", line 513, in parse
    raise self.error(token, e)
  File "/Users/fumbi/Sol-1/venv/lib/python3.9/site-packages/django/template/base.py", line 511, in parse
    compiled_result = compile_func(self, token)
  File "/Users/fumbi/Sol-1/venv/lib/python3.9/site-packages/django/template/loader_tags.py", line 293, in do_extends
    nodelist = parser.parse()
  File "/Users/fumbi/Sol-1/venv/lib/python3.9/site-packages/django/template/base.py", line 513, in parse
    raise self.error(token, e)
  File "/Users/fumbi/Sol-1/venv/lib/python3.9/site-packages/django/template/base.py", line 511, in parse
    compiled_result = compile_func(self, token)
  File "/Users/fumbi/Sol-1/venv/lib/python3.9/site-packages/django/template/loader_tags.py", line 232, in do_block
    nodelist = parser.parse(("endblock",))
  File "/Users/fumbi/Sol-1/venv/lib/python3.9/site-packages/django/template/base.py", line 513, in parse
    raise self.error(token, e)
  File "/Users/fumbi/Sol-1/venv/lib/python3.9/site-packages/django/template/base.py", line 511, in parse
    compiled_result = compile_func(self, token)
  File "/Users/fumbi/Sol-1/venv/lib/python3.9/site-packages/django/template/defaulttags.py", line 967, in do_if
    nodelist = parser.parse(("endif",))
  File "/Users/fumbi/Sol-1/venv/lib/python3.9/site-packages/django/template/base.py", line 507, in parse
    self.invalid_block_tag(token, command, parse_until)
  File "/Users/fumbi/Sol-1/venv/lib/python3.9/site-packages/django/template/base.py", line 558, in invalid_block_tag
    raise self.error(
django.template.exceptions.TemplateSyntaxError: Invalid block tag on line 108: 'endblock', expected 'endif'. Did you forget to register or load this tag?
25-02-02 17-08-00 ERROR "GET /charts/ HTTP/1.1" 500 179307
25-02-02 17-09-18 INFO Cache Hit
25-02-02 17-09-18 INFO "GET /charts/ HTTP/1.1" 200 3422
25-02-02 17-09-20 INFO "GET /upload/ HTTP/1.1" 200 2281
25-02-02 17-09-21 INFO Cache Hit
25-02-02 17-09-21 INFO "GET /charts/ HTTP/1.1" 200 3422
25-02-02 17-09-22 ERROR Internal Server Error: /data/
Traceback (most recent call last):
  File "/Users/fumbi/Sol-1/venv/lib/python3.9/site-packages/django/template/base.py", line 505, in parse
    compile_func = self.tags[command]
KeyError: 'endblock'

During handling of the above exception, another exception occurred:

Traceback (most recent call last):
  File "/Users/fumbi/Sol-1/venv/lib/python3.9/site-packages/django/core/handlers/exception.py", line 55, in inner
    response = get_response(request)
  File "/Users/fumbi/Sol-1/venv/lib/python3.9/site-packages/django/core/handlers/base.py", line 197, in _get_response
    response = wrapped_callback(request, *callback_args, **callback_kwargs)
  File "/Users/fumbi/Sol-1/myapp/views.py", line 60, in data
    return render(request, "referrals/data.html", context)
  File "/Users/fumbi/Sol-1/venv/lib/python3.9/site-packages/django/shortcuts.py", line 24, in render
    content = loader.render_to_string(template_name, context, request, using=using)
  File "/Users/fumbi/Sol-1/venv/lib/python3.9/site-packages/django/template/loader.py", line 61, in render_to_string
    template = get_template(template_name, using=using)
  File "/Users/fumbi/Sol-1/venv/lib/python3.9/site-packages/django/template/loader.py", line 15, in get_template
    return engine.get_template(template_name)
  File "/Users/fumbi/Sol-1/venv/lib/python3.9/site-packages/django/template/backends/django.py", line 33, in get_template
    return Template(self.engine.get_template(template_name), self)
  File "/Users/fumbi/Sol-1/venv/lib/python3.9/site-packages/django/template/engine.py", line 175, in get_template
    template, origin = self.find_template(template_name)
  File "/Users/fumbi/Sol-1/venv/lib/python3.9/site-packages/django/template/engine.py", line 157, in find_template
    template = loader.get_template(name, skip=skip)
  File "/Users/fumbi/Sol-1/venv/lib/python3.9/site-packages/django/template/loaders/cached.py", line 57, in get_template
    template = super().get_template(template_name, skip)
  File "/Users/fumbi/Sol-1/venv/lib/python3.9/site-packages/django/template/loaders/base.py", line 28, in get_template
    return Template(
  File "/Users/fumbi/Sol-1/venv/lib/python3.9/site-packages/django/template/base.py", line 154, in __init__
    self.nodelist = self.compile_nodelist()
  File "/Users/fumbi/Sol-1/venv/lib/python3.9/site-packages/django/template/base.py", line 200, in compile_nodelist
    return parser.parse()
  File "/Users/fumbi/Sol-1/venv/lib/python3.9/site-packages/django/template/base.py", line 513, in parse
    raise self.error(token, e)
  File "/Users/fumbi/Sol-1/venv/lib/python3.9/site-packages/django/template/base.py", line 511, in parse
    compiled_result = compile_func(self, token)
  File "/Users/fumbi/Sol-1/venv/lib/python3.9/site-packages/django/template/loader_tags.py", line 293, in do_extends
    nodelist = parser.parse()
  File "/Users/fumbi/Sol-1/venv/lib/python3.9/site-packages/django/template/base.py", line 513, in parse
    raise self.error(token, e)
  File "/Users/fumbi/Sol-1/venv/lib/python3.9/site-packages/django/template/base.py", line 511, in parse
    compiled_result = compile_func(self, token)
  File "/Users/fumbi/Sol-1/venv/lib/python3.9/site-packages/django/template/loader_tags.py", line 232, in do_block
    nodelist = parser.parse(("endblock",))
  File "/Users/fumbi/Sol-1/venv/lib/python3.9/site-packages/django/template/base.py", line 513, in parse
    raise self.error(token, e)
  File "/Users/fumbi/Sol-1/venv/lib/python3.9/site-packages/django/template/base.py", line 511, in parse
    compiled_result = compile_func(self, token)
  File "/Users/fumbi/Sol-1/venv/lib/python3.9/site-packages/django/template/defaulttags.py", line 967, in do_if
    nodelist = parser.parse(("endif",))
  File "/Users/fumbi/Sol-1/venv/lib/python3.9/site-packages/django/template/base.py", line 507, in parse
    self.invalid_block_tag(token, command, parse_until)
  File "/Users/fumbi/Sol-1/venv/lib/python3.9/site-packages/django/template/base.py", line 558, in invalid_block_tag
    raise self.error(
django.template.exceptions.TemplateSyntaxError: Invalid block tag on line 44: 'endblock', expected 'endif'. Did you forget to register or load this tag?
25-02-02 17-09-22 ERROR "GET /data/ HTTP/1.1" 500 173966
25-02-02 17-09-42 INFO "GET /data/ HTTP/1.1" 200 1725
25-02-02 17-09-44 INFO "GET / HTTP/1.1" 200 1699
25-02-02 17-09-44 INFO "GET /upload/ HTTP/1.1" 200 2281
25-02-02 17-09-45 INFO Cache Hit
25-02-02 17-09-45 INFO "GET /charts/ HTTP/1.1" 200 3422
25-02-02 17-09-45 INFO "GET /data/ HTTP/1.1" 200 1725
25-02-02 17-09-51 INFO "GET /admin/ HTTP/1.1" 302 0
25-02-02 17-09-51 INFO "GET /admin/login/?next=/admin/ HTTP/1.1" 200 4181
25-02-02 17-09-51 INFO "GET /static/admin/css/dark_mode.css HTTP/1.1" 304 0
25-02-02 17-09-51 INFO "GET /static/admin/js/theme.js HTTP/1.1" 304 0
25-02-02 17-09-56 INFO "POST /admin/login/?next=/admin/ HTTP/1.1" 302 0
25-02-02 17-09-56 INFO "GET /admin/ HTTP/1.1" 200 6197
25-02-02 17-09-59 INFO "GET /admin/myapp/person/ HTTP/1.1" 200 7435
25-02-02 17-09-59 INFO "GET /static/admin/js/vendor/jquery/jquery.js HTTP/1.1" 304 0
25-02-02 17-09-59 INFO "GET /static/admin/css/changelists.css HTTP/1.1" 304 0
25-02-02 17-09-59 INFO "GET /static/admin/img/tooltag-add.svg HTTP/1.1" 304 0
25-02-02 17-09-59 INFO "GET /static/admin/js/filters.js HTTP/1.1" 304 0
25-02-02 17-09-59 INFO "GET /admin/jsi18n/ HTTP/1.1" 200 3343
25-02-02 17-10-06 INFO "GET /admin/myapp/person/ HTTP/1.1" 200 7435
25-02-02 17-10-06 INFO "GET /admin/jsi18n/ HTTP/1.1" 200 3343
25-02-02 17-10-09 INFO "GET / HTTP/1.1" 200 1699
25-02-02 17-10-10 INFO "GET /upload/ HTTP/1.1" 200 2281
25-02-02 17-10-26 WARNING DOB is in the future, 2027-07-10
25-02-02 17-10-26 WARNING DOB is in the future, 2032-04-19
25-02-02 17-10-26 WARNING Region is a number
25-02-02 17-10-26 WARNING Region is a number
25-02-02 17-10-26 INFO Total rows, 99, Uploaded 95 rows, 4 rows failed
25-02-02 17-10-26 INFO "POST /upload/ HTTP/1.1" 302 0
25-02-02 17-10-26 INFO "GET /data/ HTTP/1.1" 200 5312
25-02-02 17-11-10 INFO Cache Hit
25-02-02 17-11-10 INFO "GET /charts/ HTTP/1.1" 200 3422
25-02-02 17-11-12 INFO Cache Hit
25-02-02 17-11-12 INFO "GET /charts/ HTTP/1.1" 200 3422
25-02-02 17-11-13 INFO "GET /upload/ HTTP/1.1" 200 1755
25-02-02 17-11-13 INFO Cache Hit
25-02-02 17-11-13 INFO "GET /charts/ HTTP/1.1" 200 3422
25-02-02 17-11-14 INFO "GET /data/ HTTP/1.1" 200 4908
25-02-02 17-11-15 INFO "GET /upload/ HTTP/1.1" 200 1755
25-02-02 17-11-16 INFO Cache Hit
25-02-02 17-11-16 INFO "GET /charts/ HTTP/1.1" 200 3422
25-02-02 17-11-16 INFO "GET /data/ HTTP/1.1" 200 4908
25-02-02 17-11-17 INFO Cache Hit
25-02-02 17-11-17 INFO "GET /charts/ HTTP/1.1" 200 3422
25-02-02 17-11-30 INFO Cache Hit
25-02-02 17-11-30 INFO "GET /charts/ HTTP/1.1" 200 2588
25-02-02 17-11-32 INFO Cache Hit
25-02-02 17-11-32 INFO "GET /charts/ HTTP/1.1" 200 2588
25-02-02 17-11-50 INFO Cache Hit
25-02-02 17-11-50 INFO "GET /charts/ HTTP/1.1" 200 4223
25-02-02 17-11-51 INFO Cache Hit
25-02-02 17-11-51 INFO "GET /charts/ HTTP/1.1" 200 4223
25-02-02 17-11-55 INFO "GET /upload/ HTTP/1.1" 200 1755
25-02-02 17-11-55 INFO "GET /data/ HTTP/1.1" 200 4908
25-02-02 17-11-56 INFO Cache Hit
25-02-02 17-11-56 INFO "GET /charts/ HTTP/1.1" 200 4223
25-02-02 17-12-18 INFO Cache Hit
25-02-02 17-12-18 INFO "GET /charts/ HTTP/1.1" 200 4224
25-02-02 17-12-19 INFO Cache Hit
25-02-02 17-12-19 INFO "GET /charts/ HTTP/1.1" 200 4224
25-02-02 17-12-33 INFO Cache Hit
25-02-02 17-12-33 INFO "GET /charts/ HTTP/1.1" 200 4223
25-02-02 17-17-31 INFO /Users/fumbi/Sol-1/myapp/views.py changed, reloading.
25-02-02 17-17-32 INFO Watching for file changes with StatReloader
25-02-02 17-17-36 INFO /Users/fumbi/Sol-1/myapp/views.py changed, reloading.
25-02-02 17-17-37 INFO Watching for file changes with StatReloader
25-02-02 17-17-38 INFO /Users/fumbi/Sol-1/myapp/views.py changed, reloading.
25-02-02 17-17-39 INFO Watching for file changes with StatReloader
25-02-02 17-17-45 INFO /Users/fumbi/Sol-1/myapp/views.py changed, reloading.
25-02-02 17-17-45 INFO Watching for file changes with StatReloader
25-02-02 17-17-47 INFO /Users/fumbi/Sol-1/myapp/views.py changed, reloading.
25-02-02 17-17-48 INFO Watching for file changes with StatReloader
25-02-02 17-17-50 INFO /Users/fumbi/Sol-1/myapp/views.py changed, reloading.
25-02-02 17-17-51 INFO Watching for file changes with StatReloader
25-02-02 17-17-53 INFO /Users/fumbi/Sol-1/myapp/views.py changed, reloading.
25-02-02 17-17-53 INFO Watching for file changes with StatReloader
25-02-02 17-17-55 INFO /Users/fumbi/Sol-1/myapp/views.py changed, reloading.
25-02-02 17-17-55 INFO Watching for file changes with StatReloader
25-02-02 17-17-59 INFO "GET /data/?page=1 HTTP/1.1" 200 4908
25-02-02 17-17-59 INFO "GET /static/css/style.css HTTP/1.1" 304 0
25-02-02 17-18-00 INFO Cache Miss
25-02-02 17-18-00 INFO "GET /charts/ HTTP/1.1" 200 4499
25-02-02 17-18-14 INFO Watching for file changes with StatReloader
25-02-02 17-18-16 INFO "GET / HTTP/1.1" 200 1699
25-02-02 17-18-17 INFO "GET /static/css/style.css HTTP/1.1" 200 101
25-02-02 17-18-17 INFO "GET /static/js/bootstrap.bundle.min.js HTTP/1.1" 200 80721
25-02-02 17-18-17 INFO "GET /static/css/bootstrap.min.css HTTP/1.1" 200 232796
25-02-02 17-18-17 WARNING Not Found: /favicon.ico
25-02-02 17-18-17 WARNING "GET /favicon.ico HTTP/1.1" 404 2776
25-02-02 17-18-18 INFO "GET /data/ HTTP/1.1" 200 4908
25-02-02 17-18-19 INFO Cache Hit
25-02-02 17-18-19 INFO "GET /charts/ HTTP/1.1" 200 4499
25-02-02 17-18-20 INFO "GET /upload/ HTTP/1.1" 200 1755
25-02-02 17-18-20 INFO Cache Hit
25-02-02 17-18-20 INFO "GET /charts/ HTTP/1.1" 200 4499
25-02-02 17-18-21 INFO "GET /data/ HTTP/1.1" 200 4908
25-02-02 17-18-23 INFO Cache Hit
25-02-02 17-18-23 INFO "GET /charts/ HTTP/1.1" 200 4499
25-02-02 17-18-24 INFO "GET /data/ HTTP/1.1" 200 4908
25-02-02 17-21-05 INFO Watching for file changes with StatReloader
25-02-02 17-21-14 INFO Watching for file changes with StatReloader
25-02-02 17-21-15 INFO "GET / HTTP/1.1" 200 1699
25-02-02 17-21-15 INFO "GET /static/css/bootstrap.min.css HTTP/1.1" 200 232796
25-02-02 17-21-15 INFO "GET /static/css/style.css HTTP/1.1" 200 101
25-02-02 17-21-15 INFO "GET /static/js/bootstrap.bundle.min.js HTTP/1.1" 200 80721
25-02-02 17-21-15 WARNING Not Found: /favicon.ico
25-02-02 17-21-15 WARNING "GET /favicon.ico HTTP/1.1" 404 2776
25-02-02 17-21-18 INFO Cache Hit
25-02-02 17-21-18 INFO "GET /charts/ HTTP/1.1" 200 4499
25-02-02 17-21-18 INFO "GET /data/ HTTP/1.1" 200 1725
25-02-02 17-21-19 INFO "GET /upload/ HTTP/1.1" 200 2281
25-02-02 17-21-20 INFO Cache Hit
25-02-02 17-21-20 INFO "GET /charts/ HTTP/1.1" 200 4499
25-02-02 17-21-20 INFO "GET /data/ HTTP/1.1" 200 1725
25-02-02 17-21-21 INFO "GET /upload/ HTTP/1.1" 200 2281
25-02-02 17-21-22 INFO "GET /data/ HTTP/1.1" 200 1725
25-02-02 17-21-23 INFO "GET /data/ HTTP/1.1" 200 1725
25-02-02 17-21-24 INFO Cache Hit
25-02-02 17-21-24 INFO "GET /charts/ HTTP/1.1" 200 4499
25-02-02 17-21-27 INFO "GET /upload/ HTTP/1.1" 200 2281
25-02-02 17-21-27 INFO "GET /data/ HTTP/1.1" 200 1725
25-02-02 17-21-28 INFO "GET /upload/ HTTP/1.1" 200 2281
25-02-02 17-21-30 INFO Cache Hit
25-02-02 17-21-30 INFO "GET /charts/ HTTP/1.1" 200 4499
25-02-02 17-21-30 INFO "GET /data/ HTTP/1.1" 200 1725
25-02-02 17-23-30 INFO /Users/fumbi/Sol-1/myapp/views.py changed, reloading.
25-02-02 17-23-31 INFO Watching for file changes with StatReloader
25-02-02 17-23-58 INFO "GET /charts/ HTTP/1.1" 200 4223
25-02-02 17-24-00 INFO "GET /charts/ HTTP/1.1" 200 4223
25-02-02 17-24-15 INFO "GET /charts/ HTTP/1.1" 200 2588
25-02-02 17-24-17 INFO "GET /charts/ HTTP/1.1" 200 2588
25-02-02 17-24-24 INFO "GET /charts/ HTTP/1.1" 200 4223
25-02-02 17-24-25 INFO "GET /charts/ HTTP/1.1" 200 4223
25-02-02 17-24-26 INFO "GET /data/ HTTP/1.1" 200 1725
25-02-02 17-24-27 INFO "GET /charts/ HTTP/1.1" 200 4223
25-02-02 17-24-28 INFO "GET /upload/ HTTP/1.1" 200 2281
25-02-02 17-24-42 WARNING DOB is in the future, 2027-07-10
25-02-02 17-24-42 WARNING DOB is in the future, 2032-04-19
25-02-02 17-24-42 WARNING Region is a number
25-02-02 17-24-42 WARNING Region is a number
25-02-02 17-24-42 INFO Total rows, 99, Uploaded 95 rows, 4 rows failed
25-02-02 17-24-42 INFO "POST /upload/ HTTP/1.1" 302 0
25-02-02 17-24-42 INFO "GET /data/ HTTP/1.1" 200 5312
25-02-02 17-24-44 INFO "GET /data/ HTTP/1.1" 200 4908
25-02-02 17-24-45 INFO "GET /data/ HTTP/1.1" 200 4908
25-02-02 17-24-46 INFO Cache Miss
25-02-02 17-24-46 INFO "GET /charts/ HTTP/1.1" 200 4499
25-02-02 17-24-46 INFO Cache Hit
25-02-02 17-24-46 INFO "GET /charts/ HTTP/1.1" 200 4499
25-02-02 17-24-47 INFO Cache Hit
25-02-02 17-24-47 INFO "GET /charts/ HTTP/1.1" 200 4499
25-02-02 17-24-47 INFO "GET /upload/ HTTP/1.1" 200 1755
25-02-02 17-24-48 INFO Cache Hit
25-02-02 17-24-48 INFO "GET /charts/ HTTP/1.1" 200 4499
25-02-02 17-24-49 INFO "GET /data/ HTTP/1.1" 200 4908
25-02-02 17-24-49 INFO "GET /upload/ HTTP/1.1" 200 1755
25-02-02 17-24-50 INFO Cache Hit
25-02-02 17-24-50 INFO "GET /charts/ HTTP/1.1" 200 4499
25-02-02 17-24-50 INFO Cache Hit
25-02-02 17-24-50 INFO "GET /charts/ HTTP/1.1" 200 4499
25-02-02 17-24-51 INFO "GET /data/ HTTP/1.1" 200 4908
25-02-02 17-24-52 INFO "GET /data/ HTTP/1.1" 200 4908
25-02-02 17-24-54 INFO "GET /data/?page=5 HTTP/1.1" 200 4177
25-02-02 17-24-55 INFO "GET /data/?page=4 HTTP/1.1" 200 4942
25-02-02 17-24-58 INFO "GET /data/?page=1 HTTP/1.1" 200 4908
25-02-02 17-25-41 INFO Watching for file changes with StatReloader
25-02-02 17-25-43 INFO "GET / HTTP/1.1" 200 1699
25-02-02 17-25-43 INFO "GET /static/css/style.css HTTP/1.1" 200 101
25-02-02 17-25-43 INFO "GET /static/css/bootstrap.min.css HTTP/1.1" 200 232796
25-02-02 17-25-43 INFO "GET /static/js/bootstrap.bundle.min.js HTTP/1.1" 200 80721
25-02-02 17-25-43 WARNING Not Found: /favicon.ico
25-02-02 17-25-43 WARNING "GET /favicon.ico HTTP/1.1" 404 2776
25-02-02 17-25-44 INFO "GET /upload/ HTTP/1.1" 200 2281
25-02-02 17-25-45 INFO "GET /charts/ HTTP/1.1" 200 4223
25-02-02 17-25-46 INFO "GET /data/ HTTP/1.1" 200 1725
25-02-02 17-25-47 INFO "GET /upload/ HTTP/1.1" 200 2281
25-02-02 17-26-03 WARNING DOB is in the future, 2027-07-10
25-02-02 17-26-03 WARNING DOB is in the future, 2032-04-19
25-02-02 17-26-03 WARNING Region is a number
25-02-02 17-26-03 WARNING Region is a number
25-02-02 17-26-03 INFO Total rows, 99, Uploaded 95 rows, 4 rows failed
25-02-02 17-26-03 INFO "POST /upload/ HTTP/1.1" 302 0
25-02-02 17-26-03 INFO "GET /data/ HTTP/1.1" 200 5312
25-02-02 17-26-05 INFO Cache Miss
25-02-02 17-26-05 INFO "GET /charts/ HTTP/1.1" 200 4499
25-02-02 17-26-07 INFO "GET /data/ HTTP/1.1" 200 4908
25-02-02 17-26-07 INFO Cache Hit
25-02-02 17-26-07 INFO "GET /charts/ HTTP/1.1" 200 4499
25-02-02 17-26-08 INFO "GET /data/ HTTP/1.1" 200 4908
25-02-02 17-26-11 INFO Cache Hit
25-02-02 17-26-11 INFO "GET /charts/ HTTP/1.1" 200 4499
25-02-02 17-27-38 INFO /Users/fumbi/Sol-1/myapp/utils/csv_utils.py changed, reloading.
25-02-02 17-27-39 INFO Watching for file changes with StatReloader
25-02-02 17-27-52 INFO /Users/fumbi/Sol-1/myapp/views.py changed, reloading.
25-02-02 17-27-52 INFO Watching for file changes with StatReloader
25-02-02 17-27-57 INFO /Users/fumbi/Sol-1/myapp/views.py changed, reloading.
25-02-02 17-27-57 INFO Watching for file changes with StatReloader
25-02-02 17-28-07 INFO /Users/fumbi/Sol-1/myapp/views.py changed, reloading.
25-02-02 17-28-07 INFO Watching for file changes with StatReloader
25-02-02 17-28-08 INFO /Users/fumbi/Sol-1/myapp/views.py changed, reloading.
25-02-02 17-28-09 INFO Watching for file changes with StatReloader
25-02-02 17-28-14 INFO /Users/fumbi/Sol-1/myapp/views.py changed, reloading.
25-02-02 17-28-14 INFO Watching for file changes with StatReloader
25-02-02 17-28-19 INFO /Users/fumbi/Sol-1/myapp/views.py changed, reloading.
25-02-02 17-28-19 INFO Watching for file changes with StatReloader
25-02-02 17-29-46 INFO "GET /upload/ HTTP/1.1" 200 1707
25-02-02 17-29-52 INFO "GET /upload/ HTTP/1.1" 200 1755
25-02-02 17-32-13 INFO Watching for file changes with StatReloader
25-02-02 17-36-36 INFO "GET / HTTP/1.1" 200 1699
25-02-02 17-36-37 INFO "GET /upload/ HTTP/1.1" 200 1755
25-02-02 17-36-38 INFO Cache Miss
25-02-02 17-36-38 INFO "GET /charts/ HTTP/1.1" 200 4493
25-02-02 17-36-39 INFO "GET /data/ HTTP/1.1" 200 4908
25-02-02 17-49-37 INFO Watching for file changes with StatReloader
25-02-02 17-49-38 INFO "GET / HTTP/1.1" 200 1699
25-02-02 17-49-39 INFO "GET /upload/ HTTP/1.1" 200 1755
25-02-02 17-49-40 INFO Cache Miss
25-02-02 17-49-40 INFO "GET /charts/ HTTP/1.1" 200 4493
25-02-02 17-49-41 INFO "GET /data/ HTTP/1.1" 200 4908
25-02-02 18-19-55 INFO Watching for file changes with StatReloader
25-02-02 18-19-57 INFO "GET / HTTP/1.1" 200 1699
25-02-02 18-19-59 INFO Cache Miss
25-02-02 18-19-59 INFO "GET /charts/ HTTP/1.1" 200 4493
25-02-02 18-20-00 INFO "GET /data/ HTTP/1.1" 200 4908
25-02-02 18-20-01 INFO "GET /upload/ HTTP/1.1" 200 1755
25-02-02 18-20-55 INFO Watching for file changes with StatReloader
25-02-02 18-21-02 INFO "GET / HTTP/1.1" 200 1699
25-02-02 18-21-04 INFO Cache Hit
25-02-02 18-21-04 INFO "GET /charts/ HTTP/1.1" 200 4493
25-02-02 18-21-04 INFO "GET /data/ HTTP/1.1" 200 4908
25-02-02 18-21-05 INFO "GET /upload/ HTTP/1.1" 200 1755
25-02-02 18-21-06 INFO Cache Hit
25-02-02 18-21-06 INFO "GET /charts/ HTTP/1.1" 200 4493
25-02-02 18-21-06 INFO "GET /data/ HTTP/1.1" 200 4908
